2024-07-23 10:32:47,042:INFO:已选择目录: C:/Users/NUC/Desktop/AVI
2024-07-23 10:32:47,044:INFO:数据库文件将保存为: C:/Users/NUC/Desktop/AVI\avisql_single.db
2024-07-23 10:32:47,899:INFO:成功连接到数据库: C:/Users/NUC/Desktop/AVI\avisql_single.db
2024-07-23 10:32:47,901:INFO:成功创建数据表
2024-07-23 10:32:47,904:INFO:处理文件时出错 C:/Users/NUC/Desktop/AVI\AVI3(7-1~7-15)\20240701.csv: table all_data has no column named Time
2024-07-23 10:32:47,906:INFO:处理文件时出错 C:/Users/NUC/Desktop/AVI\AVI3(7-1~7-15)\20240702.csv: cannot start a transaction within a transaction
2024-07-23 10:32:47,911:INFO:处理文件时出错 C:/Users/NUC/Desktop/AVI\AVI3(7-1~7-15)\20240703.csv: cannot start a transaction within a transaction
2024-07-23 10:32:47,918:INFO:处理文件时出错 C:/Users/NUC/Desktop/AVI\AVI3(7-1~7-15)\20240704.csv: cannot start a transaction within a transaction
2024-07-23 10:32:47,924:INFO:处理文件时出错 C:/Users/NUC/Desktop/AVI\AVI3(7-1~7-15)\20240705.csv: cannot start a transaction within a transaction
2024-07-23 10:32:47,930:INFO:处理文件时出错 C:/Users/NUC/Desktop/AVI\AVI3(7-1~7-15)\20240708.csv: cannot start a transaction within a transaction
2024-07-23 10:32:47,936:INFO:处理文件时出错 C:/Users/NUC/Desktop/AVI\AVI3(7-1~7-15)\20240709.csv: cannot start a transaction within a transaction
2024-07-23 10:32:47,943:INFO:处理文件时出错 C:/Users/NUC/Desktop/AVI\AVI3(7-1~7-15)\20240710.csv: cannot start a transaction within a transaction
2024-07-23 10:32:47,950:INFO:处理文件时出错 C:/Users/NUC/Desktop/AVI\AVI3(7-1~7-15)\20240711.csv: cannot start a transaction within a transaction
2024-07-23 10:32:47,957:INFO:处理文件时出错 C:/Users/NUC/Desktop/AVI\AVI3(7-1~7-15)\20240712.csv: cannot start a transaction within a transaction
2024-07-23 10:32:47,962:INFO:处理文件时出错 C:/Users/NUC/Desktop/AVI\AVI3(7-1~7-15)\20240715.csv: cannot start a transaction within a transaction
2024-07-23 10:32:47,969:INFO:处理文件时出错 C:/Users/NUC/Desktop/AVI\AVI4(7-1~7-15)\20240701.csv: cannot start a transaction within a transaction
2024-07-23 10:32:47,975:INFO:处理文件时出错 C:/Users/NUC/Desktop/AVI\AVI4(7-1~7-15)\20240708.csv: cannot start a transaction within a transaction
2024-07-23 10:32:47,984:INFO:处理文件时出错 C:/Users/NUC/Desktop/AVI\AVI4(7-1~7-15)\20240709.csv: cannot start a transaction within a transaction
2024-07-23 10:32:47,990:INFO:处理文件时出错 C:/Users/NUC/Desktop/AVI\AVI4(7-1~7-15)\20240710.csv: cannot start a transaction within a transaction
2024-07-23 10:32:47,997:INFO:处理文件时出错 C:/Users/NUC/Desktop/AVI\AVI4(7-1~7-15)\20240711.csv: cannot start a transaction within a transaction
2024-07-23 10:32:48,003:INFO:处理文件时出错 C:/Users/NUC/Desktop/AVI\AVI4(7-1~7-15)\20240712.csv: cannot start a transaction within a transaction
2024-07-23 10:32:48,111:INFO:处理文件时出错 C:/Users/NUC/Desktop/AVI\AVI6(7-1~7-15)\20240701.csv: cannot start a transaction within a transaction
2024-07-23 10:32:48,118:INFO:处理文件时出错 C:/Users/NUC/Desktop/AVI\AVI6(7-1~7-15)\20240703.csv: cannot start a transaction within a transaction
2024-07-23 10:32:48,124:INFO:处理文件时出错 C:/Users/NUC/Desktop/AVI\AVI6(7-1~7-15)\20240704.csv: cannot start a transaction within a transaction
2024-07-23 10:32:48,131:INFO:处理文件时出错 C:/Users/NUC/Desktop/AVI\AVI6(7-1~7-15)\20240705.csv: cannot start a transaction within a transaction
2024-07-23 10:32:48,139:INFO:处理文件时出错 C:/Users/NUC/Desktop/AVI\AVI6(7-1~7-15)\20240708.csv: cannot start a transaction within a transaction
2024-07-23 10:32:48,145:INFO:处理文件时出错 C:/Users/NUC/Desktop/AVI\AVI6(7-1~7-15)\20240709.csv: cannot start a transaction within a transaction
2024-07-23 10:32:48,152:INFO:处理文件时出错 C:/Users/NUC/Desktop/AVI\AVI6(7-1~7-15)\20240710.csv: cannot start a transaction within a transaction
2024-07-23 10:32:48,159:INFO:处理文件时出错 C:/Users/NUC/Desktop/AVI\AVI6(7-1~7-15)\20240711.csv: cannot start a transaction within a transaction
2024-07-23 10:32:48,165:INFO:处理文件时出错 C:/Users/NUC/Desktop/AVI\AVI6(7-1~7-15)\20240712.csv: cannot start a transaction within a transaction
2024-07-23 10:32:48,171:INFO:处理文件时出错 C:/Users/NUC/Desktop/AVI\AVI7(7-1~7-15)\20240701.csv: cannot start a transaction within a transaction
2024-07-23 10:32:48,179:INFO:处理文件时出错 C:/Users/NUC/Desktop/AVI\AVI7(7-1~7-15)\20240702.csv: cannot start a transaction within a transaction
2024-07-23 10:32:48,185:INFO:处理文件时出错 C:/Users/NUC/Desktop/AVI\AVI7(7-1~7-15)\20240703.csv: cannot start a transaction within a transaction
2024-07-23 10:32:48,294:INFO:处理文件时出错 C:/Users/NUC/Desktop/AVI\AVI7(7-1~7-15)\20240704.csv: cannot start a transaction within a transaction
2024-07-23 10:32:48,301:INFO:处理文件时出错 C:/Users/NUC/Desktop/AVI\AVI7(7-1~7-15)\20240705.csv: cannot start a transaction within a transaction
2024-07-23 10:32:48,307:INFO:处理文件时出错 C:/Users/NUC/Desktop/AVI\AVI7(7-1~7-15)\20240708.csv: cannot start a transaction within a transaction
2024-07-23 10:32:48,313:INFO:处理文件时出错 C:/Users/NUC/Desktop/AVI\AVI7(7-1~7-15)\20240709.csv: cannot start a transaction within a transaction
2024-07-23 10:32:48,319:INFO:处理文件时出错 C:/Users/NUC/Desktop/AVI\AVI7(7-1~7-15)\20240710.csv: cannot start a transaction within a transaction
2024-07-23 10:32:48,324:INFO:处理文件时出错 C:/Users/NUC/Desktop/AVI\AVI7(7-1~7-15)\20240711.csv: cannot start a transaction within a transaction
2024-07-23 10:32:48,330:INFO:处理文件时出错 C:/Users/NUC/Desktop/AVI\AVI7(7-1~7-15)\20240712.csv: cannot start a transaction within a transaction
2024-07-23 10:37:17,682:INFO:成功连接到数据库: C:/Users/NUC/Desktop/AVI\avisql_single.db
2024-07-23 10:37:17,687:INFO:成功创建数据表
2024-07-23 10:37:17,691:INFO:成功处理文件: C:/Users/NUC/Desktop/AVI\AVI3(7-1~7-15)\20240701.csv
2024-07-23 10:37:17,693:INFO:成功处理文件: C:/Users/NUC/Desktop/AVI\AVI3(7-1~7-15)\20240702.csv
2024-07-23 10:37:17,695:INFO:成功处理文件: C:/Users/NUC/Desktop/AVI\AVI3(7-1~7-15)\20240703.csv
2024-07-23 10:37:17,698:INFO:成功处理文件: C:/Users/NUC/Desktop/AVI\AVI3(7-1~7-15)\20240704.csv
2024-07-23 10:37:17,700:INFO:成功处理文件: C:/Users/NUC/Desktop/AVI\AVI3(7-1~7-15)\20240705.csv
2024-07-23 10:37:17,702:INFO:成功处理文件: C:/Users/NUC/Desktop/AVI\AVI3(7-1~7-15)\20240708.csv
2024-07-23 10:37:17,804:INFO:成功处理文件: C:/Users/NUC/Desktop/AVI\AVI3(7-1~7-15)\20240709.csv
2024-07-23 10:37:17,805:INFO:成功处理文件: C:/Users/NUC/Desktop/AVI\AVI3(7-1~7-15)\20240710.csv
2024-07-23 10:37:17,912:INFO:成功处理文件: C:/Users/NUC/Desktop/AVI\AVI3(7-1~7-15)\20240711.csv
2024-07-23 10:37:17,913:INFO:成功处理文件: C:/Users/NUC/Desktop/AVI\AVI3(7-1~7-15)\20240712.csv
2024-07-23 10:37:17,914:INFO:成功处理文件: C:/Users/NUC/Desktop/AVI\AVI3(7-1~7-15)\20240715.csv
2024-07-23 10:37:17,915:INFO:成功处理文件: C:/Users/NUC/Desktop/AVI\AVI4(7-1~7-15)\20240701.csv
2024-07-23 10:37:17,917:INFO:成功处理文件: C:/Users/NUC/Desktop/AVI\AVI4(7-1~7-15)\20240708.csv
2024-07-23 10:37:17,918:INFO:成功处理文件: C:/Users/NUC/Desktop/AVI\AVI4(7-1~7-15)\20240709.csv
2024-07-23 10:37:17,919:INFO:成功处理文件: C:/Users/NUC/Desktop/AVI\AVI4(7-1~7-15)\20240710.csv
2024-07-23 10:37:17,920:INFO:成功处理文件: C:/Users/NUC/Desktop/AVI\AVI4(7-1~7-15)\20240711.csv
2024-07-23 10:37:18,021:INFO:成功处理文件: C:/Users/NUC/Desktop/AVI\AVI4(7-1~7-15)\20240712.csv
2024-07-23 10:37:18,022:INFO:成功处理文件: C:/Users/NUC/Desktop/AVI\AVI6(7-1~7-15)\20240701.csv
2024-07-23 10:37:18,023:INFO:成功处理文件: C:/Users/NUC/Desktop/AVI\AVI6(7-1~7-15)\20240703.csv
2024-07-23 10:37:18,025:INFO:成功处理文件: C:/Users/NUC/Desktop/AVI\AVI6(7-1~7-15)\20240704.csv
2024-07-23 10:37:18,026:INFO:成功处理文件: C:/Users/NUC/Desktop/AVI\AVI6(7-1~7-15)\20240705.csv
2024-07-23 10:37:18,027:INFO:成功处理文件: C:/Users/NUC/Desktop/AVI\AVI6(7-1~7-15)\20240708.csv
2024-07-23 10:37:18,028:INFO:成功处理文件: C:/Users/NUC/Desktop/AVI\AVI6(7-1~7-15)\20240709.csv
2024-07-23 10:37:18,028:INFO:成功处理文件: C:/Users/NUC/Desktop/AVI\AVI6(7-1~7-15)\20240710.csv
2024-07-23 10:37:18,130:INFO:成功处理文件: C:/Users/NUC/Desktop/AVI\AVI6(7-1~7-15)\20240711.csv
2024-07-23 10:37:18,132:INFO:成功处理文件: C:/Users/NUC/Desktop/AVI\AVI6(7-1~7-15)\20240712.csv
2024-07-23 10:37:18,132:INFO:成功处理文件: C:/Users/NUC/Desktop/AVI\AVI7(7-1~7-15)\20240701.csv
2024-07-23 10:37:18,133:INFO:成功处理文件: C:/Users/NUC/Desktop/AVI\AVI7(7-1~7-15)\20240702.csv
2024-07-23 10:37:18,238:INFO:成功处理文件: C:/Users/NUC/Desktop/AVI\AVI7(7-1~7-15)\20240703.csv
2024-07-23 10:37:18,241:INFO:成功处理文件: C:/Users/NUC/Desktop/AVI\AVI7(7-1~7-15)\20240704.csv
2024-07-23 10:37:18,343:INFO:成功处理文件: C:/Users/NUC/Desktop/AVI\AVI7(7-1~7-15)\20240705.csv
2024-07-23 10:37:18,345:INFO:成功处理文件: C:/Users/NUC/Desktop/AVI\AVI7(7-1~7-15)\20240708.csv
2024-07-23 10:37:18,448:INFO:成功处理文件: C:/Users/NUC/Desktop/AVI\AVI7(7-1~7-15)\20240709.csv
2024-07-23 10:37:18,450:INFO:成功处理文件: C:/Users/NUC/Desktop/AVI\AVI7(7-1~7-15)\20240710.csv
2024-07-23 10:37:18,451:INFO:成功处理文件: C:/Users/NUC/Desktop/AVI\AVI7(7-1~7-15)\20240711.csv
2024-07-23 10:37:18,452:INFO:成功处理文件: C:/Users/NUC/Desktop/AVI\AVI7(7-1~7-15)\20240712.csv
2024-07-23 10:39:12,896:INFO:成功连接到数据库: C:/Users/NUC/Desktop/AVI\avisql_single.db
2024-07-23 10:39:12,898:INFO:成功创建数据表
2024-07-23 10:39:12,899:INFO:成功处理文件: C:/Users/NUC/Desktop/AVI\AVI3(7-1~7-15)\20240701.csv
2024-07-23 10:39:12,901:INFO:成功处理文件: C:/Users/NUC/Desktop/AVI\AVI3(7-1~7-15)\20240702.csv
2024-07-23 10:39:12,903:INFO:成功处理文件: C:/Users/NUC/Desktop/AVI\AVI3(7-1~7-15)\20240703.csv
2024-07-23 10:39:12,904:INFO:成功处理文件: C:/Users/NUC/Desktop/AVI\AVI3(7-1~7-15)\20240704.csv
2024-07-23 10:39:12,906:INFO:成功处理文件: C:/Users/NUC/Desktop/AVI\AVI3(7-1~7-15)\20240705.csv
2024-07-23 10:39:12,908:INFO:成功处理文件: C:/Users/NUC/Desktop/AVI\AVI3(7-1~7-15)\20240708.csv
2024-07-23 10:39:13,017:INFO:成功处理文件: C:/Users/NUC/Desktop/AVI\AVI3(7-1~7-15)\20240709.csv
2024-07-23 10:39:13,019:INFO:成功处理文件: C:/Users/NUC/Desktop/AVI\AVI3(7-1~7-15)\20240710.csv
2024-07-23 10:39:13,020:INFO:成功处理文件: C:/Users/NUC/Desktop/AVI\AVI3(7-1~7-15)\20240711.csv
2024-07-23 10:39:13,125:INFO:成功处理文件: C:/Users/NUC/Desktop/AVI\AVI3(7-1~7-15)\20240712.csv
2024-07-23 10:39:13,126:INFO:成功处理文件: C:/Users/NUC/Desktop/AVI\AVI3(7-1~7-15)\20240715.csv
2024-07-23 10:39:13,128:INFO:成功处理文件: C:/Users/NUC/Desktop/AVI\AVI4(7-1~7-15)\20240701.csv
2024-07-23 10:39:13,129:INFO:成功处理文件: C:/Users/NUC/Desktop/AVI\AVI4(7-1~7-15)\20240708.csv
2024-07-23 10:39:13,131:INFO:成功处理文件: C:/Users/NUC/Desktop/AVI\AVI4(7-1~7-15)\20240709.csv
2024-07-23 10:39:13,133:INFO:成功处理文件: C:/Users/NUC/Desktop/AVI\AVI4(7-1~7-15)\20240710.csv
2024-07-23 10:39:13,135:INFO:成功处理文件: C:/Users/NUC/Desktop/AVI\AVI4(7-1~7-15)\20240711.csv
2024-07-23 10:39:13,137:INFO:成功处理文件: C:/Users/NUC/Desktop/AVI\AVI4(7-1~7-15)\20240712.csv
2024-07-23 10:39:13,139:INFO:成功处理文件: C:/Users/NUC/Desktop/AVI\AVI6(7-1~7-15)\20240701.csv
2024-07-23 10:39:13,140:INFO:成功处理文件: C:/Users/NUC/Desktop/AVI\AVI6(7-1~7-15)\20240703.csv
2024-07-23 10:39:13,142:INFO:成功处理文件: C:/Users/NUC/Desktop/AVI\AVI6(7-1~7-15)\20240704.csv
2024-07-23 10:39:13,143:INFO:成功处理文件: C:/Users/NUC/Desktop/AVI\AVI6(7-1~7-15)\20240705.csv
2024-07-23 10:39:13,252:INFO:成功处理文件: C:/Users/NUC/Desktop/AVI\AVI6(7-1~7-15)\20240708.csv
2024-07-23 10:39:13,254:INFO:成功处理文件: C:/Users/NUC/Desktop/AVI\AVI6(7-1~7-15)\20240709.csv
2024-07-23 10:39:13,257:INFO:成功处理文件: C:/Users/NUC/Desktop/AVI\AVI6(7-1~7-15)\20240710.csv
2024-07-23 10:39:13,258:INFO:成功处理文件: C:/Users/NUC/Desktop/AVI\AVI6(7-1~7-15)\20240711.csv
2024-07-23 10:39:13,260:INFO:成功处理文件: C:/Users/NUC/Desktop/AVI\AVI6(7-1~7-15)\20240712.csv
2024-07-23 10:39:13,263:INFO:成功处理文件: C:/Users/NUC/Desktop/AVI\AVI7(7-1~7-15)\20240701.csv
2024-07-23 10:39:13,265:INFO:成功处理文件: C:/Users/NUC/Desktop/AVI\AVI7(7-1~7-15)\20240702.csv
2024-07-23 10:39:13,371:INFO:成功处理文件: C:/Users/NUC/Desktop/AVI\AVI7(7-1~7-15)\20240703.csv
2024-07-23 10:39:13,374:INFO:成功处理文件: C:/Users/NUC/Desktop/AVI\AVI7(7-1~7-15)\20240704.csv
2024-07-23 10:39:13,376:INFO:成功处理文件: C:/Users/NUC/Desktop/AVI\AVI7(7-1~7-15)\20240705.csv
2024-07-23 10:39:13,479:INFO:成功处理文件: C:/Users/NUC/Desktop/AVI\AVI7(7-1~7-15)\20240708.csv
2024-07-23 10:39:13,480:INFO:成功处理文件: C:/Users/NUC/Desktop/AVI\AVI7(7-1~7-15)\20240709.csv
2024-07-23 10:39:13,482:INFO:成功处理文件: C:/Users/NUC/Desktop/AVI\AVI7(7-1~7-15)\20240710.csv
2024-07-23 10:39:13,483:INFO:成功处理文件: C:/Users/NUC/Desktop/AVI\AVI7(7-1~7-15)\20240711.csv
2024-07-23 10:39:13,484:INFO:成功处理文件: C:/Users/NUC/Desktop/AVI\AVI7(7-1~7-15)\20240712.csv
2024-07-23 10:46:30,020:INFO:已选择目录: C:/Users/NUC/Desktop/AVI
2024-07-23 10:46:30,022:INFO:数据库文件将保存为: C:/Users/NUC/Desktop/AVI\avisql_single.db
2024-07-23 10:46:33,349:INFO:成功连接到数据库: C:/Users/NUC/Desktop/AVI\avisql_single.db
2024-07-23 10:46:33,351:INFO:成功创建数据表
2024-07-23 10:46:33,353:INFO:成功处理文件: C:/Users/NUC/Desktop/AVI\AVI3(7-1~7-15)\20240701.csv
2024-07-23 10:46:33,354:INFO:成功处理文件: C:/Users/NUC/Desktop/AVI\AVI3(7-1~7-15)\20240702.csv
2024-07-23 10:46:33,356:INFO:成功处理文件: C:/Users/NUC/Desktop/AVI\AVI3(7-1~7-15)\20240703.csv
2024-07-23 10:46:33,359:INFO:成功处理文件: C:/Users/NUC/Desktop/AVI\AVI3(7-1~7-15)\20240704.csv
2024-07-23 10:46:33,360:INFO:成功处理文件: C:/Users/NUC/Desktop/AVI\AVI3(7-1~7-15)\20240705.csv
2024-07-23 10:46:33,362:INFO:成功处理文件: C:/Users/NUC/Desktop/AVI\AVI3(7-1~7-15)\20240708.csv
2024-07-23 10:46:33,467:INFO:成功处理文件: C:/Users/NUC/Desktop/AVI\AVI3(7-1~7-15)\20240709.csv
2024-07-23 10:46:33,469:INFO:成功处理文件: C:/Users/NUC/Desktop/AVI\AVI3(7-1~7-15)\20240710.csv
2024-07-23 10:46:33,471:INFO:成功处理文件: C:/Users/NUC/Desktop/AVI\AVI3(7-1~7-15)\20240711.csv
2024-07-23 10:46:33,573:INFO:成功处理文件: C:/Users/NUC/Desktop/AVI\AVI3(7-1~7-15)\20240712.csv
2024-07-23 10:46:33,576:INFO:成功处理文件: C:/Users/NUC/Desktop/AVI\AVI3(7-1~7-15)\20240715.csv
2024-07-23 10:46:33,577:INFO:成功处理文件: C:/Users/NUC/Desktop/AVI\AVI4(7-1~7-15)\20240701.csv
2024-07-23 10:46:33,579:INFO:成功处理文件: C:/Users/NUC/Desktop/AVI\AVI4(7-1~7-15)\20240708.csv
2024-07-23 10:46:33,581:INFO:成功处理文件: C:/Users/NUC/Desktop/AVI\AVI4(7-1~7-15)\20240709.csv
2024-07-23 10:46:33,582:INFO:成功处理文件: C:/Users/NUC/Desktop/AVI\AVI4(7-1~7-15)\20240710.csv
2024-07-23 10:46:33,583:INFO:成功处理文件: C:/Users/NUC/Desktop/AVI\AVI4(7-1~7-15)\20240711.csv
2024-07-23 10:46:33,584:INFO:成功处理文件: C:/Users/NUC/Desktop/AVI\AVI4(7-1~7-15)\20240712.csv
2024-07-23 10:46:33,587:INFO:成功处理文件: C:/Users/NUC/Desktop/AVI\AVI6(7-1~7-15)\20240701.csv
2024-07-23 10:46:33,590:INFO:成功处理文件: C:/Users/NUC/Desktop/AVI\AVI6(7-1~7-15)\20240703.csv
2024-07-23 10:46:33,592:INFO:成功处理文件: C:/Users/NUC/Desktop/AVI\AVI6(7-1~7-15)\20240704.csv
2024-07-23 10:46:33,693:INFO:成功处理文件: C:/Users/NUC/Desktop/AVI\AVI6(7-1~7-15)\20240705.csv
2024-07-23 10:46:33,697:INFO:成功处理文件: C:/Users/NUC/Desktop/AVI\AVI6(7-1~7-15)\20240708.csv
2024-07-23 10:46:33,698:INFO:成功处理文件: C:/Users/NUC/Desktop/AVI\AVI6(7-1~7-15)\20240709.csv
2024-07-23 10:46:33,700:INFO:成功处理文件: C:/Users/NUC/Desktop/AVI\AVI6(7-1~7-15)\20240710.csv
2024-07-23 10:46:33,702:INFO:成功处理文件: C:/Users/NUC/Desktop/AVI\AVI6(7-1~7-15)\20240711.csv
2024-07-23 10:46:33,704:INFO:成功处理文件: C:/Users/NUC/Desktop/AVI\AVI6(7-1~7-15)\20240712.csv
2024-07-23 10:46:33,707:INFO:成功处理文件: C:/Users/NUC/Desktop/AVI\AVI7(7-1~7-15)\20240701.csv
2024-07-23 10:46:33,811:INFO:成功处理文件: C:/Users/NUC/Desktop/AVI\AVI7(7-1~7-15)\20240702.csv
2024-07-23 10:46:33,812:INFO:成功处理文件: C:/Users/NUC/Desktop/AVI\AVI7(7-1~7-15)\20240703.csv
2024-07-23 10:46:33,813:INFO:成功处理文件: C:/Users/NUC/Desktop/AVI\AVI7(7-1~7-15)\20240704.csv
2024-07-23 10:46:33,815:INFO:成功处理文件: C:/Users/NUC/Desktop/AVI\AVI7(7-1~7-15)\20240705.csv
2024-07-23 10:46:33,923:INFO:成功处理文件: C:/Users/NUC/Desktop/AVI\AVI7(7-1~7-15)\20240708.csv
2024-07-23 10:46:33,925:INFO:成功处理文件: C:/Users/NUC/Desktop/AVI\AVI7(7-1~7-15)\20240709.csv
2024-07-23 10:46:33,927:INFO:成功处理文件: C:/Users/NUC/Desktop/AVI\AVI7(7-1~7-15)\20240710.csv
2024-07-23 10:46:34,028:INFO:成功处理文件: C:/Users/NUC/Desktop/AVI\AVI7(7-1~7-15)\20240711.csv
2024-07-23 10:46:34,030:INFO:成功处理文件: C:/Users/NUC/Desktop/AVI\AVI7(7-1~7-15)\20240712.csv
2024-07-23 10:52:19,333:INFO:已选择目录: C:/Users/NUC/Desktop/AVI
2024-07-23 10:52:19,334:INFO:数据库文件将保存为: C:/Users/NUC/Desktop/AVI\avisql_single.db
2024-07-23 10:52:20,407:INFO:成功连接到数据库: C:/Users/NUC/Desktop/AVI\avisql_single.db
2024-07-23 10:52:20,408:INFO:成功创建数据表
2024-07-23 10:52:20,410:INFO:成功处理文件: C:/Users/NUC/Desktop/AVI\AVI3(7-1~7-15)\20240701.csv
2024-07-23 10:52:20,411:INFO:成功处理文件: C:/Users/NUC/Desktop/AVI\AVI3(7-1~7-15)\20240702.csv
2024-07-23 10:52:20,412:INFO:成功处理文件: C:/Users/NUC/Desktop/AVI\AVI3(7-1~7-15)\20240703.csv
2024-07-23 10:52:20,413:INFO:成功处理文件: C:/Users/NUC/Desktop/AVI\AVI3(7-1~7-15)\20240704.csv
2024-07-23 10:52:20,415:INFO:成功处理文件: C:/Users/NUC/Desktop/AVI\AVI3(7-1~7-15)\20240705.csv
2024-07-23 10:52:20,416:INFO:成功处理文件: C:/Users/NUC/Desktop/AVI\AVI3(7-1~7-15)\20240708.csv
2024-07-23 10:52:20,518:INFO:成功处理文件: C:/Users/NUC/Desktop/AVI\AVI3(7-1~7-15)\20240709.csv
2024-07-23 10:52:20,521:INFO:成功处理文件: C:/Users/NUC/Desktop/AVI\AVI3(7-1~7-15)\20240710.csv
2024-07-23 10:52:20,522:INFO:成功处理文件: C:/Users/NUC/Desktop/AVI\AVI3(7-1~7-15)\20240711.csv
2024-07-23 10:52:20,624:INFO:成功处理文件: C:/Users/NUC/Desktop/AVI\AVI3(7-1~7-15)\20240712.csv
2024-07-23 10:52:20,625:INFO:成功处理文件: C:/Users/NUC/Desktop/AVI\AVI3(7-1~7-15)\20240715.csv
2024-07-23 10:52:20,626:INFO:成功处理文件: C:/Users/NUC/Desktop/AVI\AVI4(7-1~7-15)\20240701.csv
2024-07-23 10:52:20,626:INFO:成功处理文件: C:/Users/NUC/Desktop/AVI\AVI4(7-1~7-15)\20240708.csv
2024-07-23 10:52:20,628:INFO:成功处理文件: C:/Users/NUC/Desktop/AVI\AVI4(7-1~7-15)\20240709.csv
2024-07-23 10:52:20,630:INFO:成功处理文件: C:/Users/NUC/Desktop/AVI\AVI4(7-1~7-15)\20240710.csv
2024-07-23 10:52:20,632:INFO:成功处理文件: C:/Users/NUC/Desktop/AVI\AVI4(7-1~7-15)\20240711.csv
2024-07-23 10:52:20,634:INFO:成功处理文件: C:/Users/NUC/Desktop/AVI\AVI4(7-1~7-15)\20240712.csv
2024-07-23 10:52:20,636:INFO:成功处理文件: C:/Users/NUC/Desktop/AVI\AVI6(7-1~7-15)\20240701.csv
2024-07-23 10:52:20,638:INFO:成功处理文件: C:/Users/NUC/Desktop/AVI\AVI6(7-1~7-15)\20240703.csv
2024-07-23 10:52:20,740:INFO:成功处理文件: C:/Users/NUC/Desktop/AVI\AVI6(7-1~7-15)\20240704.csv
2024-07-23 10:52:20,742:INFO:成功处理文件: C:/Users/NUC/Desktop/AVI\AVI6(7-1~7-15)\20240705.csv
2024-07-23 10:52:20,743:INFO:成功处理文件: C:/Users/NUC/Desktop/AVI\AVI6(7-1~7-15)\20240708.csv
2024-07-23 10:52:20,744:INFO:成功处理文件: C:/Users/NUC/Desktop/AVI\AVI6(7-1~7-15)\20240709.csv
2024-07-23 10:52:20,747:INFO:成功处理文件: C:/Users/NUC/Desktop/AVI\AVI6(7-1~7-15)\20240710.csv
2024-07-23 10:52:20,748:INFO:成功处理文件: C:/Users/NUC/Desktop/AVI\AVI6(7-1~7-15)\20240711.csv
2024-07-23 10:52:20,750:INFO:成功处理文件: C:/Users/NUC/Desktop/AVI\AVI6(7-1~7-15)\20240712.csv
2024-07-23 10:52:20,858:INFO:成功处理文件: C:/Users/NUC/Desktop/AVI\AVI7(7-1~7-15)\20240701.csv
2024-07-23 10:52:20,860:INFO:成功处理文件: C:/Users/NUC/Desktop/AVI\AVI7(7-1~7-15)\20240702.csv
2024-07-23 10:52:20,862:INFO:成功处理文件: C:/Users/NUC/Desktop/AVI\AVI7(7-1~7-15)\20240703.csv
2024-07-23 10:52:20,863:INFO:成功处理文件: C:/Users/NUC/Desktop/AVI\AVI7(7-1~7-15)\20240704.csv
2024-07-23 10:52:20,967:INFO:成功处理文件: C:/Users/NUC/Desktop/AVI\AVI7(7-1~7-15)\20240705.csv
2024-07-23 10:52:20,970:INFO:成功处理文件: C:/Users/NUC/Desktop/AVI\AVI7(7-1~7-15)\20240708.csv
2024-07-23 10:52:20,972:INFO:成功处理文件: C:/Users/NUC/Desktop/AVI\AVI7(7-1~7-15)\20240709.csv
2024-07-23 10:52:21,074:INFO:成功处理文件: C:/Users/NUC/Desktop/AVI\AVI7(7-1~7-15)\20240710.csv
2024-07-23 10:52:21,075:INFO:成功处理文件: C:/Users/NUC/Desktop/AVI\AVI7(7-1~7-15)\20240711.csv
2024-07-23 10:52:21,076:INFO:成功处理文件: C:/Users/NUC/Desktop/AVI\AVI7(7-1~7-15)\20240712.csv
2024-07-23 13:16:39,703:INFO:已选择目录: C:/Users/NUC/Desktop/AVI
2024-07-23 13:16:39,706:INFO:数据库文件将保存为: C:/Users/NUC/Desktop/AVI\avisql_single.db
2024-07-23 13:17:09,138:INFO:已选择目录: C:/Users/NUC/Desktop/AVI
2024-07-23 13:17:09,139:INFO:数据库文件将保存为: C:/Users/NUC/Desktop/AVI\avisql_single.db
2024-07-23 13:17:10,251:INFO:成功连接到数据库: C:/Users/NUC/Desktop/AVI\avisql_single.db
2024-07-23 13:17:10,252:INFO:成功创建数据表
2024-07-23 13:17:10,255:INFO:成功处理文件: C:/Users/NUC/Desktop/AVI\AVI3(7-1~7-15)\20240701.csv
2024-07-23 13:17:10,256:INFO:成功处理文件: C:/Users/NUC/Desktop/AVI\AVI3(7-1~7-15)\20240702.csv
2024-07-23 13:17:10,257:INFO:成功处理文件: C:/Users/NUC/Desktop/AVI\AVI3(7-1~7-15)\20240703.csv
2024-07-23 13:17:10,258:INFO:成功处理文件: C:/Users/NUC/Desktop/AVI\AVI3(7-1~7-15)\20240704.csv
2024-07-23 13:17:10,260:INFO:成功处理文件: C:/Users/NUC/Desktop/AVI\AVI3(7-1~7-15)\20240705.csv
2024-07-23 13:17:10,261:INFO:成功处理文件: C:/Users/NUC/Desktop/AVI\AVI3(7-1~7-15)\20240708.csv
2024-07-23 13:17:10,371:INFO:成功处理文件: C:/Users/NUC/Desktop/AVI\AVI3(7-1~7-15)\20240709.csv
2024-07-23 13:17:10,373:INFO:成功处理文件: C:/Users/NUC/Desktop/AVI\AVI3(7-1~7-15)\20240710.csv
2024-07-23 13:17:10,376:INFO:成功处理文件: C:/Users/NUC/Desktop/AVI\AVI3(7-1~7-15)\20240711.csv
2024-07-23 13:17:10,480:INFO:成功处理文件: C:/Users/NUC/Desktop/AVI\AVI3(7-1~7-15)\20240712.csv
2024-07-23 13:17:10,481:INFO:成功处理文件: C:/Users/NUC/Desktop/AVI\AVI3(7-1~7-15)\20240715.csv
2024-07-23 13:17:10,483:INFO:成功处理文件: C:/Users/NUC/Desktop/AVI\AVI4(7-1~7-15)\20240701.csv
2024-07-23 13:17:10,485:INFO:成功处理文件: C:/Users/NUC/Desktop/AVI\AVI4(7-1~7-15)\20240708.csv
2024-07-23 13:17:10,486:INFO:成功处理文件: C:/Users/NUC/Desktop/AVI\AVI4(7-1~7-15)\20240709.csv
2024-07-23 13:17:10,487:INFO:成功处理文件: C:/Users/NUC/Desktop/AVI\AVI4(7-1~7-15)\20240710.csv
2024-07-23 13:17:10,491:INFO:成功处理文件: C:/Users/NUC/Desktop/AVI\AVI4(7-1~7-15)\20240711.csv
2024-07-23 13:17:10,494:INFO:成功处理文件: C:/Users/NUC/Desktop/AVI\AVI4(7-1~7-15)\20240712.csv
2024-07-23 13:17:10,496:INFO:成功处理文件: C:/Users/NUC/Desktop/AVI\AVI6(7-1~7-15)\20240701.csv
2024-07-23 13:17:10,500:INFO:成功处理文件: C:/Users/NUC/Desktop/AVI\AVI6(7-1~7-15)\20240703.csv
2024-07-23 13:17:10,502:INFO:成功处理文件: C:/Users/NUC/Desktop/AVI\AVI6(7-1~7-15)\20240704.csv
2024-07-23 13:17:10,608:INFO:成功处理文件: C:/Users/NUC/Desktop/AVI\AVI6(7-1~7-15)\20240705.csv
2024-07-23 13:17:10,609:INFO:成功处理文件: C:/Users/NUC/Desktop/AVI\AVI6(7-1~7-15)\20240708.csv
2024-07-23 13:17:10,611:INFO:成功处理文件: C:/Users/NUC/Desktop/AVI\AVI6(7-1~7-15)\20240709.csv
2024-07-23 13:17:10,613:INFO:成功处理文件: C:/Users/NUC/Desktop/AVI\AVI6(7-1~7-15)\20240710.csv
2024-07-23 13:17:10,615:INFO:成功处理文件: C:/Users/NUC/Desktop/AVI\AVI6(7-1~7-15)\20240711.csv
2024-07-23 13:17:10,618:INFO:成功处理文件: C:/Users/NUC/Desktop/AVI\AVI6(7-1~7-15)\20240712.csv
2024-07-23 13:17:10,619:INFO:成功处理文件: C:/Users/NUC/Desktop/AVI\AVI7(7-1~7-15)\20240701.csv
2024-07-23 13:17:10,732:INFO:成功处理文件: C:/Users/NUC/Desktop/AVI\AVI7(7-1~7-15)\20240702.csv
2024-07-23 13:17:10,735:INFO:成功处理文件: C:/Users/NUC/Desktop/AVI\AVI7(7-1~7-15)\20240703.csv
2024-07-23 13:17:10,736:INFO:成功处理文件: C:/Users/NUC/Desktop/AVI\AVI7(7-1~7-15)\20240704.csv
2024-07-23 13:17:10,738:INFO:成功处理文件: C:/Users/NUC/Desktop/AVI\AVI7(7-1~7-15)\20240705.csv
2024-07-23 13:17:10,842:INFO:成功处理文件: C:/Users/NUC/Desktop/AVI\AVI7(7-1~7-15)\20240708.csv
2024-07-23 13:17:10,843:INFO:成功处理文件: C:/Users/NUC/Desktop/AVI\AVI7(7-1~7-15)\20240709.csv
2024-07-23 13:17:10,844:INFO:成功处理文件: C:/Users/NUC/Desktop/AVI\AVI7(7-1~7-15)\20240710.csv
2024-07-23 13:17:10,845:INFO:成功处理文件: C:/Users/NUC/Desktop/AVI\AVI7(7-1~7-15)\20240711.csv
2024-07-23 13:17:10,952:INFO:成功处理文件: C:/Users/NUC/Desktop/AVI\AVI7(7-1~7-15)\20240712.csv
2024-07-23 13:45:00,906:INFO:已选择目录: C:/Users/NUC/Desktop/AVI
2024-07-23 13:45:00,909:INFO:数据库文件将保存为: C:/Users/NUC/Desktop/AVI\avisql_single.db
2024-07-23 13:45:03,549:INFO:成功连接到数据库: C:/Users/NUC/Desktop/AVI\avisql_single.db
2024-07-23 13:45:03,552:INFO:成功创建数据表
2024-07-23 13:45:03,555:INFO:成功处理文件: C:/Users/NUC/Desktop/AVI\AVI3(7-1~7-15)\20240701.csv
2024-07-23 13:45:03,558:INFO:成功处理文件: C:/Users/NUC/Desktop/AVI\AVI3(7-1~7-15)\20240702.csv
2024-07-23 13:45:03,559:INFO:成功处理文件: C:/Users/NUC/Desktop/AVI\AVI3(7-1~7-15)\20240703.csv
2024-07-23 13:45:03,562:INFO:成功处理文件: C:/Users/NUC/Desktop/AVI\AVI3(7-1~7-15)\20240704.csv
2024-07-23 13:45:03,564:INFO:成功处理文件: C:/Users/NUC/Desktop/AVI\AVI3(7-1~7-15)\20240705.csv
2024-07-23 13:45:03,566:INFO:成功处理文件: C:/Users/NUC/Desktop/AVI\AVI3(7-1~7-15)\20240708.csv
2024-07-23 13:45:03,670:INFO:成功处理文件: C:/Users/NUC/Desktop/AVI\AVI3(7-1~7-15)\20240709.csv
2024-07-23 13:45:03,671:INFO:成功处理文件: C:/Users/NUC/Desktop/AVI\AVI3(7-1~7-15)\20240710.csv
2024-07-23 13:45:03,674:INFO:成功处理文件: C:/Users/NUC/Desktop/AVI\AVI3(7-1~7-15)\20240711.csv
2024-07-23 13:45:03,777:INFO:成功处理文件: C:/Users/NUC/Desktop/AVI\AVI3(7-1~7-15)\20240712.csv
2024-07-23 13:45:03,779:INFO:成功处理文件: C:/Users/NUC/Desktop/AVI\AVI3(7-1~7-15)\20240715.csv
2024-07-23 13:45:03,780:INFO:成功处理文件: C:/Users/NUC/Desktop/AVI\AVI4(7-1~7-15)\20240701.csv
2024-07-23 13:45:03,781:INFO:成功处理文件: C:/Users/NUC/Desktop/AVI\AVI4(7-1~7-15)\20240708.csv
2024-07-23 13:45:03,783:INFO:成功处理文件: C:/Users/NUC/Desktop/AVI\AVI4(7-1~7-15)\20240709.csv
2024-07-23 13:45:03,784:INFO:成功处理文件: C:/Users/NUC/Desktop/AVI\AVI4(7-1~7-15)\20240710.csv
2024-07-23 13:45:03,786:INFO:成功处理文件: C:/Users/NUC/Desktop/AVI\AVI4(7-1~7-15)\20240711.csv
2024-07-23 13:45:03,787:INFO:成功处理文件: C:/Users/NUC/Desktop/AVI\AVI4(7-1~7-15)\20240712.csv
2024-07-23 13:45:03,789:INFO:成功处理文件: C:/Users/NUC/Desktop/AVI\AVI6(7-1~7-15)\20240701.csv
2024-07-23 13:45:03,790:INFO:成功处理文件: C:/Users/NUC/Desktop/AVI\AVI6(7-1~7-15)\20240703.csv
2024-07-23 13:45:03,792:INFO:成功处理文件: C:/Users/NUC/Desktop/AVI\AVI6(7-1~7-15)\20240704.csv
2024-07-23 13:45:03,899:INFO:成功处理文件: C:/Users/NUC/Desktop/AVI\AVI6(7-1~7-15)\20240705.csv
2024-07-23 13:45:03,901:INFO:成功处理文件: C:/Users/NUC/Desktop/AVI\AVI6(7-1~7-15)\20240708.csv
2024-07-23 13:45:03,903:INFO:成功处理文件: C:/Users/NUC/Desktop/AVI\AVI6(7-1~7-15)\20240709.csv
2024-07-23 13:45:03,904:INFO:成功处理文件: C:/Users/NUC/Desktop/AVI\AVI6(7-1~7-15)\20240710.csv
2024-07-23 13:45:03,905:INFO:成功处理文件: C:/Users/NUC/Desktop/AVI\AVI6(7-1~7-15)\20240711.csv
2024-07-23 13:45:03,906:INFO:成功处理文件: C:/Users/NUC/Desktop/AVI\AVI6(7-1~7-15)\20240712.csv
2024-07-23 13:45:03,907:INFO:成功处理文件: C:/Users/NUC/Desktop/AVI\AVI7(7-1~7-15)\20240701.csv
2024-07-23 13:45:04,011:INFO:成功处理文件: C:/Users/NUC/Desktop/AVI\AVI7(7-1~7-15)\20240702.csv
2024-07-23 13:45:04,013:INFO:成功处理文件: C:/Users/NUC/Desktop/AVI\AVI7(7-1~7-15)\20240703.csv
2024-07-23 13:45:04,015:INFO:成功处理文件: C:/Users/NUC/Desktop/AVI\AVI7(7-1~7-15)\20240704.csv
2024-07-23 13:45:04,123:INFO:成功处理文件: C:/Users/NUC/Desktop/AVI\AVI7(7-1~7-15)\20240705.csv
2024-07-23 13:45:04,124:INFO:成功处理文件: C:/Users/NUC/Desktop/AVI\AVI7(7-1~7-15)\20240708.csv
2024-07-23 13:45:04,125:INFO:成功处理文件: C:/Users/NUC/Desktop/AVI\AVI7(7-1~7-15)\20240709.csv
2024-07-23 13:45:04,233:INFO:成功处理文件: C:/Users/NUC/Desktop/AVI\AVI7(7-1~7-15)\20240710.csv
2024-07-23 13:45:04,234:INFO:成功处理文件: C:/Users/NUC/Desktop/AVI\AVI7(7-1~7-15)\20240711.csv
2024-07-23 13:45:04,234:INFO:成功处理文件: C:/Users/NUC/Desktop/AVI\AVI7(7-1~7-15)\20240712.csv
2024-07-23 14:06:19,646:INFO:获取ModelName时出错: no such table: all_data
2024-07-23 14:07:10,460:INFO:获取ModelName时出错: no such table: all_data
2024-07-23 14:07:27,967:INFO:已选择目录: C:/Users/NUC/CSVToSQLite
2024-07-23 14:07:27,969:INFO:数据库文件将保存为: C:/Users/NUC/CSVToSQLite\avisql_single.db
2024-07-23 14:07:35,687:INFO:成功连接到数据库: C:\Users\NUC/Documents\avisql_single.db
2024-07-23 14:07:35,689:INFO:成功连接到数据库: C:/Users/NUC/CSVToSQLite\avisql_single.db
2024-07-23 14:07:35,690:INFO:成功连接到数据库: C:/Users/NUC/CSVToSQLite\avisql_single.db
2024-07-23 14:07:35,691:INFO:成功创建数据表
2024-07-23 14:07:35,694:INFO:成功处理文件: C:/Users/NUC/CSVToSQLite\AVI3(7-1~7-15)\20240701.csv
2024-07-23 14:07:35,695:INFO:成功处理文件: C:/Users/NUC/CSVToSQLite\AVI3(7-1~7-15)\20240702.csv
2024-07-23 14:07:35,697:INFO:成功处理文件: C:/Users/NUC/CSVToSQLite\AVI3(7-1~7-15)\20240703.csv
2024-07-23 14:07:35,699:INFO:成功处理文件: C:/Users/NUC/CSVToSQLite\AVI3(7-1~7-15)\20240704.csv
2024-07-23 14:07:35,700:INFO:成功处理文件: C:/Users/NUC/CSVToSQLite\AVI3(7-1~7-15)\20240705.csv
2024-07-23 14:07:35,802:INFO:成功处理文件: C:/Users/NUC/CSVToSQLite\AVI3(7-1~7-15)\20240708.csv
2024-07-23 14:07:35,804:INFO:成功处理文件: C:/Users/NUC/CSVToSQLite\AVI3(7-1~7-15)\20240709.csv
2024-07-23 14:07:35,805:INFO:成功处理文件: C:/Users/NUC/CSVToSQLite\AVI3(7-1~7-15)\20240710.csv
2024-07-23 14:07:35,907:INFO:成功处理文件: C:/Users/NUC/CSVToSQLite\AVI3(7-1~7-15)\20240711.csv
2024-07-23 14:07:35,909:INFO:成功处理文件: C:/Users/NUC/CSVToSQLite\AVI3(7-1~7-15)\20240712.csv
2024-07-23 14:07:35,911:INFO:成功处理文件: C:/Users/NUC/CSVToSQLite\AVI3(7-1~7-15)\20240715.csv
2024-07-23 14:07:35,912:INFO:成功处理文件: C:/Users/NUC/CSVToSQLite\AVI4(7-1~7-15)\20240701.csv
2024-07-23 14:07:35,914:INFO:成功处理文件: C:/Users/NUC/CSVToSQLite\AVI4(7-1~7-15)\20240708.csv
2024-07-23 14:07:35,915:INFO:成功处理文件: C:/Users/NUC/CSVToSQLite\AVI4(7-1~7-15)\20240709.csv
2024-07-23 14:07:35,916:INFO:成功处理文件: C:/Users/NUC/CSVToSQLite\AVI4(7-1~7-15)\20240710.csv
2024-07-23 14:07:35,917:INFO:成功处理文件: C:/Users/NUC/CSVToSQLite\AVI4(7-1~7-15)\20240711.csv
2024-07-23 14:07:35,919:INFO:成功处理文件: C:/Users/NUC/CSVToSQLite\AVI4(7-1~7-15)\20240712.csv
2024-07-23 14:07:36,027:INFO:成功处理文件: C:/Users/NUC/CSVToSQLite\AVI6(7-1~7-15)\20240701.csv
2024-07-23 14:07:36,030:INFO:成功处理文件: C:/Users/NUC/CSVToSQLite\AVI6(7-1~7-15)\20240703.csv
2024-07-23 14:07:36,032:INFO:成功处理文件: C:/Users/NUC/CSVToSQLite\AVI6(7-1~7-15)\20240704.csv
2024-07-23 14:07:36,033:INFO:成功处理文件: C:/Users/NUC/CSVToSQLite\AVI6(7-1~7-15)\20240705.csv
2024-07-23 14:07:36,035:INFO:成功处理文件: C:/Users/NUC/CSVToSQLite\AVI6(7-1~7-15)\20240708.csv
2024-07-23 14:07:36,037:INFO:成功处理文件: C:/Users/NUC/CSVToSQLite\AVI6(7-1~7-15)\20240709.csv
2024-07-23 14:07:36,038:INFO:成功处理文件: C:/Users/NUC/CSVToSQLite\AVI6(7-1~7-15)\20240710.csv
2024-07-23 14:07:36,040:INFO:成功处理文件: C:/Users/NUC/CSVToSQLite\AVI6(7-1~7-15)\20240711.csv
2024-07-23 14:07:36,041:INFO:成功处理文件: C:/Users/NUC/CSVToSQLite\AVI6(7-1~7-15)\20240712.csv
2024-07-23 14:07:36,144:INFO:成功处理文件: C:/Users/NUC/CSVToSQLite\AVI7(7-1~7-15)\20240701.csv
2024-07-23 14:07:36,146:INFO:成功处理文件: C:/Users/NUC/CSVToSQLite\AVI7(7-1~7-15)\20240702.csv
2024-07-23 14:07:36,147:INFO:成功处理文件: C:/Users/NUC/CSVToSQLite\AVI7(7-1~7-15)\20240703.csv
2024-07-23 14:07:36,249:INFO:成功处理文件: C:/Users/NUC/CSVToSQLite\AVI7(7-1~7-15)\20240704.csv
2024-07-23 14:07:36,251:INFO:成功处理文件: C:/Users/NUC/CSVToSQLite\AVI7(7-1~7-15)\20240705.csv
2024-07-23 14:07:36,252:INFO:成功处理文件: C:/Users/NUC/CSVToSQLite\AVI7(7-1~7-15)\20240708.csv
2024-07-23 14:07:36,359:INFO:成功处理文件: C:/Users/NUC/CSVToSQLite\AVI7(7-1~7-15)\20240709.csv
2024-07-23 14:07:36,360:INFO:成功处理文件: C:/Users/NUC/CSVToSQLite\AVI7(7-1~7-15)\20240710.csv
2024-07-23 14:07:36,361:INFO:成功处理文件: C:/Users/NUC/CSVToSQLite\AVI7(7-1~7-15)\20240711.csv
2024-07-23 14:07:36,362:INFO:成功处理文件: C:/Users/NUC/CSVToSQLite\AVI7(7-1~7-15)\20240712.csv
2024-07-23 14:08:24,999:INFO:获取ModelName时出错: no such table: all_data
2024-07-23 14:08:30,136:INFO:成功连接到数据库: C:\Users\NUC/Documents\avisql_single.db
2024-07-23 14:08:30,137:INFO:成功连接到数据库: C:\Users\NUC/Documents\avisql_single.db
2024-07-23 14:08:30,138:INFO:成功创建数据表
2024-07-23 14:08:50,122:INFO:已选择目录: C:/Users/NUC/CSVToSQLite
2024-07-23 14:08:50,122:INFO:数据库文件将保存为: C:/Users/NUC/CSVToSQLite\avisql_single.db
2024-07-23 14:13:41,948:INFO:成功连接到数据库: C:\Users\NUC\CSVToSQLite\avisql_single.db
2024-07-23 14:13:41,950:INFO:成功连接到数据库: C:\Users\NUC\CSVToSQLite\avisql_single.db
2024-07-23 14:13:41,951:INFO:成功创建数据表
2024-07-23 14:13:41,952:INFO:成功处理文件: C:\Users\NUC\CSVToSQLite\AVI3(7-1~7-15)\20240701.csv
2024-07-23 14:13:41,953:INFO:成功处理文件: C:\Users\NUC\CSVToSQLite\AVI3(7-1~7-15)\20240702.csv
2024-07-23 14:13:41,956:INFO:成功处理文件: C:\Users\NUC\CSVToSQLite\AVI3(7-1~7-15)\20240703.csv
2024-07-23 14:13:41,958:INFO:成功处理文件: C:\Users\NUC\CSVToSQLite\AVI3(7-1~7-15)\20240704.csv
2024-07-23 14:13:41,960:INFO:成功处理文件: C:\Users\NUC\CSVToSQLite\AVI3(7-1~7-15)\20240705.csv
2024-07-23 14:13:41,962:INFO:成功处理文件: C:\Users\NUC\CSVToSQLite\AVI3(7-1~7-15)\20240708.csv
2024-07-23 14:13:42,068:INFO:成功处理文件: C:\Users\NUC\CSVToSQLite\AVI3(7-1~7-15)\20240709.csv
2024-07-23 14:13:42,069:INFO:成功处理文件: C:\Users\NUC\CSVToSQLite\AVI3(7-1~7-15)\20240710.csv
2024-07-23 14:13:42,071:INFO:成功处理文件: C:\Users\NUC\CSVToSQLite\AVI3(7-1~7-15)\20240711.csv
2024-07-23 14:13:42,174:INFO:成功处理文件: C:\Users\NUC\CSVToSQLite\AVI3(7-1~7-15)\20240712.csv
2024-07-23 14:13:42,176:INFO:成功处理文件: C:\Users\NUC\CSVToSQLite\AVI3(7-1~7-15)\20240715.csv
2024-07-23 14:13:42,178:INFO:成功处理文件: C:\Users\NUC\CSVToSQLite\AVI4(7-1~7-15)\20240701.csv
2024-07-23 14:13:42,180:INFO:成功处理文件: C:\Users\NUC\CSVToSQLite\AVI4(7-1~7-15)\20240708.csv
2024-07-23 14:13:42,182:INFO:成功处理文件: C:\Users\NUC\CSVToSQLite\AVI4(7-1~7-15)\20240709.csv
2024-07-23 14:13:42,183:INFO:成功处理文件: C:\Users\NUC\CSVToSQLite\AVI4(7-1~7-15)\20240710.csv
2024-07-23 14:13:42,185:INFO:成功处理文件: C:\Users\NUC\CSVToSQLite\AVI4(7-1~7-15)\20240711.csv
2024-07-23 14:13:42,186:INFO:成功处理文件: C:\Users\NUC\CSVToSQLite\AVI4(7-1~7-15)\20240712.csv
2024-07-23 14:13:42,187:INFO:成功处理文件: C:\Users\NUC\CSVToSQLite\AVI6(7-1~7-15)\20240701.csv
2024-07-23 14:13:42,189:INFO:成功处理文件: C:\Users\NUC\CSVToSQLite\AVI6(7-1~7-15)\20240703.csv
2024-07-23 14:13:42,190:INFO:成功处理文件: C:\Users\NUC\CSVToSQLite\AVI6(7-1~7-15)\20240704.csv
2024-07-23 14:13:42,192:INFO:成功处理文件: C:\Users\NUC\CSVToSQLite\AVI6(7-1~7-15)\20240705.csv
2024-07-23 14:13:42,300:INFO:成功处理文件: C:\Users\NUC\CSVToSQLite\AVI6(7-1~7-15)\20240708.csv
2024-07-23 14:13:42,301:INFO:成功处理文件: C:\Users\NUC\CSVToSQLite\AVI6(7-1~7-15)\20240709.csv
2024-07-23 14:13:42,302:INFO:成功处理文件: C:\Users\NUC\CSVToSQLite\AVI6(7-1~7-15)\20240710.csv
2024-07-23 14:13:42,303:INFO:成功处理文件: C:\Users\NUC\CSVToSQLite\AVI6(7-1~7-15)\20240711.csv
2024-07-23 14:13:42,304:INFO:成功处理文件: C:\Users\NUC\CSVToSQLite\AVI6(7-1~7-15)\20240712.csv
2024-07-23 14:13:42,305:INFO:成功处理文件: C:\Users\NUC\CSVToSQLite\AVI7(7-1~7-15)\20240701.csv
2024-07-23 14:13:42,307:INFO:成功处理文件: C:\Users\NUC\CSVToSQLite\AVI7(7-1~7-15)\20240702.csv
2024-07-23 14:13:42,410:INFO:成功处理文件: C:\Users\NUC\CSVToSQLite\AVI7(7-1~7-15)\20240703.csv
2024-07-23 14:13:42,411:INFO:成功处理文件: C:\Users\NUC\CSVToSQLite\AVI7(7-1~7-15)\20240704.csv
2024-07-23 14:13:42,413:INFO:成功处理文件: C:\Users\NUC\CSVToSQLite\AVI7(7-1~7-15)\20240705.csv
2024-07-23 14:13:42,515:INFO:成功处理文件: C:\Users\NUC\CSVToSQLite\AVI7(7-1~7-15)\20240708.csv
2024-07-23 14:13:42,517:INFO:成功处理文件: C:\Users\NUC\CSVToSQLite\AVI7(7-1~7-15)\20240709.csv
2024-07-23 14:13:42,518:INFO:成功处理文件: C:\Users\NUC\CSVToSQLite\AVI7(7-1~7-15)\20240710.csv
2024-07-23 14:13:42,519:INFO:成功处理文件: C:\Users\NUC\CSVToSQLite\AVI7(7-1~7-15)\20240711.csv
2024-07-23 14:13:42,629:INFO:成功处理文件: C:\Users\NUC\CSVToSQLite\AVI7(7-1~7-15)\20240712.csv
2024-07-23 14:26:49,109:INFO:已选择目录: C:/Users/NUC/CSVToSQLite
2024-07-23 14:26:49,112:INFO:数据库文件将保存为: C:/Users/NUC/CSVToSQLite\avisql_single.db
2024-07-23 14:26:49,899:INFO:成功连接到数据库: C:\Users\NUC\CSVToSQLite\avisql_single.db
2024-07-23 14:26:49,900:INFO:成功连接到数据库: C:/Users/NUC/CSVToSQLite\avisql_single.db
2024-07-23 14:26:49,902:INFO:成功连接到数据库: C:/Users/NUC/CSVToSQLite\avisql_single.db
2024-07-23 14:26:49,903:INFO:成功创建数据表
2024-07-23 14:26:49,905:INFO:成功处理文件: C:/Users/NUC/CSVToSQLite\AVI3(7-1~7-15)\20240701.csv
2024-07-23 14:26:49,907:INFO:成功处理文件: C:/Users/NUC/CSVToSQLite\AVI3(7-1~7-15)\20240702.csv
2024-07-23 14:26:49,908:INFO:成功处理文件: C:/Users/NUC/CSVToSQLite\AVI3(7-1~7-15)\20240703.csv
2024-07-23 14:26:49,909:INFO:成功处理文件: C:/Users/NUC/CSVToSQLite\AVI3(7-1~7-15)\20240704.csv
2024-07-23 14:26:49,911:INFO:成功处理文件: C:/Users/NUC/CSVToSQLite\AVI3(7-1~7-15)\20240705.csv
2024-07-23 14:26:49,912:INFO:成功处理文件: C:/Users/NUC/CSVToSQLite\AVI3(7-1~7-15)\20240708.csv
2024-07-23 14:26:50,015:INFO:成功处理文件: C:/Users/NUC/CSVToSQLite\AVI3(7-1~7-15)\20240709.csv
2024-07-23 14:26:50,016:INFO:成功处理文件: C:/Users/NUC/CSVToSQLite\AVI3(7-1~7-15)\20240710.csv
2024-07-23 14:26:50,119:INFO:成功处理文件: C:/Users/NUC/CSVToSQLite\AVI3(7-1~7-15)\20240711.csv
2024-07-23 14:26:50,120:INFO:成功处理文件: C:/Users/NUC/CSVToSQLite\AVI3(7-1~7-15)\20240712.csv
2024-07-23 14:26:50,122:INFO:成功处理文件: C:/Users/NUC/CSVToSQLite\AVI3(7-1~7-15)\20240715.csv
2024-07-23 14:26:50,123:INFO:成功处理文件: C:/Users/NUC/CSVToSQLite\AVI4(7-1~7-15)\20240701.csv
2024-07-23 14:26:50,124:INFO:成功处理文件: C:/Users/NUC/CSVToSQLite\AVI4(7-1~7-15)\20240708.csv
2024-07-23 14:26:50,125:INFO:成功处理文件: C:/Users/NUC/CSVToSQLite\AVI4(7-1~7-15)\20240709.csv
2024-07-23 14:26:50,126:INFO:成功处理文件: C:/Users/NUC/CSVToSQLite\AVI4(7-1~7-15)\20240710.csv
2024-07-23 14:26:50,128:INFO:成功处理文件: C:/Users/NUC/CSVToSQLite\AVI4(7-1~7-15)\20240711.csv
2024-07-23 14:26:50,129:INFO:成功处理文件: C:/Users/NUC/CSVToSQLite\AVI4(7-1~7-15)\20240712.csv
2024-07-23 14:26:50,232:INFO:成功处理文件: C:/Users/NUC/CSVToSQLite\AVI6(7-1~7-15)\20240701.csv
2024-07-23 14:26:50,234:INFO:成功处理文件: C:/Users/NUC/CSVToSQLite\AVI6(7-1~7-15)\20240703.csv
2024-07-23 14:26:50,236:INFO:成功处理文件: C:/Users/NUC/CSVToSQLite\AVI6(7-1~7-15)\20240704.csv
2024-07-23 14:26:50,237:INFO:成功处理文件: C:/Users/NUC/CSVToSQLite\AVI6(7-1~7-15)\20240705.csv
2024-07-23 14:26:50,239:INFO:成功处理文件: C:/Users/NUC/CSVToSQLite\AVI6(7-1~7-15)\20240708.csv
2024-07-23 14:26:50,241:INFO:成功处理文件: C:/Users/NUC/CSVToSQLite\AVI6(7-1~7-15)\20240709.csv
2024-07-23 14:26:50,243:INFO:成功处理文件: C:/Users/NUC/CSVToSQLite\AVI6(7-1~7-15)\20240710.csv
2024-07-23 14:26:50,245:INFO:成功处理文件: C:/Users/NUC/CSVToSQLite\AVI6(7-1~7-15)\20240711.csv
2024-07-23 14:26:50,247:INFO:成功处理文件: C:/Users/NUC/CSVToSQLite\AVI6(7-1~7-15)\20240712.csv
2024-07-23 14:26:50,353:INFO:成功处理文件: C:/Users/NUC/CSVToSQLite\AVI7(7-1~7-15)\20240701.csv
2024-07-23 14:26:50,354:INFO:成功处理文件: C:/Users/NUC/CSVToSQLite\AVI7(7-1~7-15)\20240702.csv
2024-07-23 14:26:50,356:INFO:成功处理文件: C:/Users/NUC/CSVToSQLite\AVI7(7-1~7-15)\20240703.csv
2024-07-23 14:26:50,457:INFO:成功处理文件: C:/Users/NUC/CSVToSQLite\AVI7(7-1~7-15)\20240704.csv
2024-07-23 14:26:50,460:INFO:成功处理文件: C:/Users/NUC/CSVToSQLite\AVI7(7-1~7-15)\20240705.csv
2024-07-23 14:26:50,461:INFO:成功处理文件: C:/Users/NUC/CSVToSQLite\AVI7(7-1~7-15)\20240708.csv
2024-07-23 14:26:50,568:INFO:成功处理文件: C:/Users/NUC/CSVToSQLite\AVI7(7-1~7-15)\20240709.csv
2024-07-23 14:26:50,569:INFO:成功处理文件: C:/Users/NUC/CSVToSQLite\AVI7(7-1~7-15)\20240710.csv
2024-07-23 14:26:50,570:INFO:成功处理文件: C:/Users/NUC/CSVToSQLite\AVI7(7-1~7-15)\20240711.csv
2024-07-23 14:26:50,571:INFO:成功处理文件: C:/Users/NUC/CSVToSQLite\AVI7(7-1~7-15)\20240712.csv
2024-07-23 14:35:41,889:INFO:已选择目录: C:/Users/NUC/CSVToSQLite
2024-07-23 14:35:41,889:INFO:数据库文件将保存为: C:/Users/NUC/CSVToSQLite\avisql_single.db
2024-07-23 16:31:54,625:INFO:已选择目录: C:/Users/NUC/CSVToSQLite/AVI3(7-1~7-15)
2024-07-23 16:31:54,629:INFO:数据库文件将保存为: C:/Users/NUC/CSVToSQLite/AVI3(7-1~7-15)\avisql_single.db
2024-07-23 16:31:54,631:INFO:获取ModelName时出错: no such table: all_data
2024-07-23 16:35:58,153:INFO:已选择目录: C:/Users/NUC/CSVToSQLite/AVI7(7-1~7-15)
2024-07-23 16:35:58,154:INFO:数据库文件将保存为: C:/Users/NUC/CSVToSQLite/AVI7(7-1~7-15)\avisql_single.db
2024-07-23 16:35:58,155:INFO:获取ModelName时出错: no such table: all_data
2024-07-23 16:36:19,403:INFO:已选择目录: C:/Users/NUC/CSVToSQLite/AVI7(7-1~7-15)
2024-07-23 16:36:19,404:INFO:数据库文件将保存为: C:/Users/NUC/CSVToSQLite/AVI7(7-1~7-15)\avisql_single.db
2024-07-23 16:36:19,405:INFO:获取ModelName时出错: no such table: all_data
2024-07-23 16:37:10,325:INFO:已选择目录: C:/Users/NUC/CSVToSQLite/AVI7(7-1~7-15)
2024-07-23 16:37:10,326:INFO:数据库文件将保存为: C:/Users/NUC/CSVToSQLite/AVI7(7-1~7-15)\avisql_single.db
2024-07-23 16:37:10,327:INFO:获取ModelName时出错: no such table: all_data
2024-07-23 16:37:42,967:INFO:成功连接到数据库: C:\Users\NUC\CSVToSQLite\avisql_single.db
2024-07-23 16:37:42,969:INFO:成功连接到数据库: C:/Users/NUC/CSVToSQLite/AVI7(7-1~7-15)\avisql_single.db
2024-07-23 16:37:42,974:INFO:成功连接到数据库: C:/Users/NUC/CSVToSQLite/AVI7(7-1~7-15)\avisql_single.db
2024-07-23 16:37:42,979:INFO:成功创建数据表
2024-07-23 16:37:42,983:INFO:成功处理文件: C:/Users/NUC/CSVToSQLite/AVI7(7-1~7-15)\20240701.csv
2024-07-23 16:37:42,986:INFO:成功处理文件: C:/Users/NUC/CSVToSQLite/AVI7(7-1~7-15)\20240702.csv
2024-07-23 16:37:42,988:INFO:成功处理文件: C:/Users/NUC/CSVToSQLite/AVI7(7-1~7-15)\20240703.csv
2024-07-23 16:37:43,093:INFO:成功处理文件: C:/Users/NUC/CSVToSQLite/AVI7(7-1~7-15)\20240704.csv
2024-07-23 16:37:43,095:INFO:成功处理文件: C:/Users/NUC/CSVToSQLite/AVI7(7-1~7-15)\20240705.csv
2024-07-23 16:37:43,198:INFO:成功处理文件: C:/Users/NUC/CSVToSQLite/AVI7(7-1~7-15)\20240708.csv
2024-07-23 16:37:43,199:INFO:成功处理文件: C:/Users/NUC/CSVToSQLite/AVI7(7-1~7-15)\20240709.csv
2024-07-23 16:37:43,201:INFO:成功处理文件: C:/Users/NUC/CSVToSQLite/AVI7(7-1~7-15)\20240710.csv
2024-07-23 16:37:43,301:INFO:成功处理文件: C:/Users/NUC/CSVToSQLite/AVI7(7-1~7-15)\20240711.csv
2024-07-23 16:37:43,302:INFO:成功处理文件: C:/Users/NUC/CSVToSQLite/AVI7(7-1~7-15)\20240712.csv
2024-07-23 16:38:01,075:INFO:已选择目录: C:/Users/NUC/CSVToSQLite
2024-07-23 16:38:01,076:INFO:数据库文件将保存为: C:/Users/NUC/CSVToSQLite\avisql_single.db
2024-07-23 16:38:02,310:INFO:成功连接到数据库: C:/Users/NUC/CSVToSQLite\avisql_single.db
2024-07-23 16:38:02,312:INFO:成功连接到数据库: C:/Users/NUC/CSVToSQLite\avisql_single.db
2024-07-23 16:38:02,313:INFO:成功创建数据表
2024-07-23 16:38:02,315:INFO:成功处理文件: C:/Users/NUC/CSVToSQLite\AVI3(7-1~7-15)\20240701.csv
2024-07-23 16:38:02,317:INFO:成功处理文件: C:/Users/NUC/CSVToSQLite\AVI3(7-1~7-15)\20240702.csv
2024-07-23 16:38:02,319:INFO:成功处理文件: C:/Users/NUC/CSVToSQLite\AVI3(7-1~7-15)\20240703.csv
2024-07-23 16:38:02,321:INFO:成功处理文件: C:/Users/NUC/CSVToSQLite\AVI3(7-1~7-15)\20240704.csv
2024-07-23 16:38:02,323:INFO:成功处理文件: C:/Users/NUC/CSVToSQLite\AVI3(7-1~7-15)\20240705.csv
2024-07-23 16:38:02,325:INFO:成功处理文件: C:/Users/NUC/CSVToSQLite\AVI3(7-1~7-15)\20240708.csv
2024-07-23 16:38:02,430:INFO:成功处理文件: C:/Users/NUC/CSVToSQLite\AVI3(7-1~7-15)\20240709.csv
2024-07-23 16:38:02,431:INFO:成功处理文件: C:/Users/NUC/CSVToSQLite\AVI3(7-1~7-15)\20240710.csv
2024-07-23 16:38:02,433:INFO:成功处理文件: C:/Users/NUC/CSVToSQLite\AVI3(7-1~7-15)\20240711.csv
2024-07-23 16:38:02,539:INFO:成功处理文件: C:/Users/NUC/CSVToSQLite\AVI3(7-1~7-15)\20240712.csv
2024-07-23 16:38:02,541:INFO:成功处理文件: C:/Users/NUC/CSVToSQLite\AVI3(7-1~7-15)\20240715.csv
2024-07-23 16:38:02,544:INFO:成功处理文件: C:/Users/NUC/CSVToSQLite\AVI4(7-1~7-15)\20240701.csv
2024-07-23 16:38:02,544:INFO:成功处理文件: C:/Users/NUC/CSVToSQLite\AVI4(7-1~7-15)\20240708.csv
2024-07-23 16:38:02,545:INFO:成功处理文件: C:/Users/NUC/CSVToSQLite\AVI4(7-1~7-15)\20240709.csv
2024-07-23 16:38:02,547:INFO:成功处理文件: C:/Users/NUC/CSVToSQLite\AVI4(7-1~7-15)\20240710.csv
2024-07-23 16:38:02,550:INFO:成功处理文件: C:/Users/NUC/CSVToSQLite\AVI4(7-1~7-15)\20240711.csv
2024-07-23 16:38:02,551:INFO:成功处理文件: C:/Users/NUC/CSVToSQLite\AVI4(7-1~7-15)\20240712.csv
2024-07-23 16:38:02,553:INFO:成功处理文件: C:/Users/NUC/CSVToSQLite\AVI6(7-1~7-15)\20240701.csv
2024-07-23 16:38:02,556:INFO:成功处理文件: C:/Users/NUC/CSVToSQLite\AVI6(7-1~7-15)\20240703.csv
2024-07-23 16:38:02,557:INFO:成功处理文件: C:/Users/NUC/CSVToSQLite\AVI6(7-1~7-15)\20240704.csv
2024-07-23 16:38:02,661:INFO:成功处理文件: C:/Users/NUC/CSVToSQLite\AVI6(7-1~7-15)\20240705.csv
2024-07-23 16:38:02,662:INFO:成功处理文件: C:/Users/NUC/CSVToSQLite\AVI6(7-1~7-15)\20240708.csv
2024-07-23 16:38:02,664:INFO:成功处理文件: C:/Users/NUC/CSVToSQLite\AVI6(7-1~7-15)\20240709.csv
2024-07-23 16:38:02,667:INFO:成功处理文件: C:/Users/NUC/CSVToSQLite\AVI6(7-1~7-15)\20240710.csv
2024-07-23 16:38:02,669:INFO:成功处理文件: C:/Users/NUC/CSVToSQLite\AVI6(7-1~7-15)\20240711.csv
2024-07-23 16:38:02,670:INFO:成功处理文件: C:/Users/NUC/CSVToSQLite\AVI6(7-1~7-15)\20240712.csv
2024-07-23 16:38:02,672:INFO:成功处理文件: C:/Users/NUC/CSVToSQLite\AVI7(7-1~7-15)\20240701.csv
2024-07-23 16:38:02,781:INFO:成功处理文件: C:/Users/NUC/CSVToSQLite\AVI7(7-1~7-15)\20240702.csv
2024-07-23 16:38:02,782:INFO:成功处理文件: C:/Users/NUC/CSVToSQLite\AVI7(7-1~7-15)\20240703.csv
2024-07-23 16:38:02,783:INFO:成功处理文件: C:/Users/NUC/CSVToSQLite\AVI7(7-1~7-15)\20240704.csv
2024-07-23 16:38:02,785:INFO:成功处理文件: C:/Users/NUC/CSVToSQLite\AVI7(7-1~7-15)\20240705.csv
2024-07-23 16:38:02,890:INFO:成功处理文件: C:/Users/NUC/CSVToSQLite\AVI7(7-1~7-15)\20240708.csv
2024-07-23 16:38:02,892:INFO:成功处理文件: C:/Users/NUC/CSVToSQLite\AVI7(7-1~7-15)\20240709.csv
2024-07-23 16:38:02,893:INFO:成功处理文件: C:/Users/NUC/CSVToSQLite\AVI7(7-1~7-15)\20240710.csv
2024-07-23 16:38:02,999:INFO:成功处理文件: C:/Users/NUC/CSVToSQLite\AVI7(7-1~7-15)\20240711.csv
2024-07-23 16:38:03,000:INFO:成功处理文件: C:/Users/NUC/CSVToSQLite\AVI7(7-1~7-15)\20240712.csv
2024-07-25 17:12:27,206:INFO:成功连接到数据库: C:\Users\NUC\CSVToSQLite\avisql_single.db
2024-07-25 17:12:27,220:INFO:成功连接到数据库: C:\Users\NUC\CSVToSQLite\avisql_single.db
2024-07-25 17:12:27,227:INFO:成功创建数据表
2024-07-25 17:12:27,239:INFO:成功处理文件: C:\Users\NUC\CSVToSQLite\AVI3(7-1~7-15)\20240701.csv
2024-07-25 17:12:27,244:INFO:成功处理文件: C:\Users\NUC\CSVToSQLite\AVI3(7-1~7-15)\20240702.csv
2024-07-25 17:12:27,353:INFO:成功处理文件: C:\Users\NUC\CSVToSQLite\AVI3(7-1~7-15)\20240703.csv
2024-07-25 17:12:27,367:INFO:成功处理文件: C:\Users\NUC\CSVToSQLite\AVI3(7-1~7-15)\20240704.csv
2024-07-25 17:12:27,373:INFO:成功处理文件: C:\Users\NUC\CSVToSQLite\AVI3(7-1~7-15)\20240705.csv
2024-07-25 17:12:27,483:INFO:成功处理文件: C:\Users\NUC\CSVToSQLite\AVI3(7-1~7-15)\20240708.csv
2024-07-25 17:12:27,593:INFO:成功处理文件: C:\Users\NUC\CSVToSQLite\AVI3(7-1~7-15)\20240709.csv
2024-07-25 17:12:27,598:INFO:成功处理文件: C:\Users\NUC\CSVToSQLite\AVI3(7-1~7-15)\20240710.csv
2024-07-25 17:12:27,713:INFO:成功处理文件: C:\Users\NUC\CSVToSQLite\AVI3(7-1~7-15)\20240711.csv
2024-07-25 17:12:27,724:INFO:成功处理文件: C:\Users\NUC\CSVToSQLite\AVI3(7-1~7-15)\20240712.csv
2024-07-25 17:12:27,831:INFO:成功处理文件: C:\Users\NUC\CSVToSQLite\AVI3(7-1~7-15)\20240715.csv
2024-07-25 17:12:27,847:INFO:成功处理文件: C:\Users\NUC\CSVToSQLite\AVI4(7-1~7-15)\20240701.csv
2024-07-25 17:12:27,852:INFO:成功处理文件: C:\Users\NUC\CSVToSQLite\AVI4(7-1~7-15)\20240708.csv
2024-07-25 17:12:27,866:INFO:成功处理文件: C:\Users\NUC\CSVToSQLite\AVI4(7-1~7-15)\20240709.csv
2024-07-25 17:12:27,986:INFO:成功处理文件: C:\Users\NUC\CSVToSQLite\AVI4(7-1~7-15)\20240710.csv
2024-07-25 17:12:27,996:INFO:成功处理文件: C:\Users\NUC\CSVToSQLite\AVI4(7-1~7-15)\20240711.csv
2024-07-25 17:12:28,108:INFO:成功处理文件: C:\Users\NUC\CSVToSQLite\AVI4(7-1~7-15)\20240712.csv
2024-07-25 17:12:28,110:INFO:成功处理文件: C:\Users\NUC\CSVToSQLite\AVI6(7-1~7-15)\20240701.csv
2024-07-25 17:12:28,115:INFO:成功处理文件: C:\Users\NUC\CSVToSQLite\AVI6(7-1~7-15)\20240703.csv
2024-07-25 17:12:28,237:INFO:成功处理文件: C:\Users\NUC\CSVToSQLite\AVI6(7-1~7-15)\20240704.csv
2024-07-25 17:12:28,240:INFO:成功处理文件: C:\Users\NUC\CSVToSQLite\AVI6(7-1~7-15)\20240705.csv
2024-07-25 17:12:28,245:INFO:成功处理文件: C:\Users\NUC\CSVToSQLite\AVI6(7-1~7-15)\20240708.csv
2024-07-25 17:12:28,360:INFO:成功处理文件: C:\Users\NUC\CSVToSQLite\AVI6(7-1~7-15)\20240709.csv
2024-07-25 17:12:28,369:INFO:成功处理文件: C:\Users\NUC\CSVToSQLite\AVI6(7-1~7-15)\20240710.csv
2024-07-25 17:12:28,487:INFO:成功处理文件: C:\Users\NUC\CSVToSQLite\AVI6(7-1~7-15)\20240711.csv
2024-07-25 17:12:28,595:INFO:成功处理文件: C:\Users\NUC\CSVToSQLite\AVI6(7-1~7-15)\20240712.csv
2024-07-25 17:12:28,707:INFO:成功处理文件: C:\Users\NUC\CSVToSQLite\AVI7(7-1~7-15)\20240701.csv
2024-07-25 17:12:28,744:INFO:成功处理文件: C:\Users\NUC\CSVToSQLite\AVI7(7-1~7-15)\20240702.csv
2024-07-25 17:12:28,859:INFO:成功处理文件: C:\Users\NUC\CSVToSQLite\AVI7(7-1~7-15)\20240703.csv
2024-07-25 17:12:28,863:INFO:成功处理文件: C:\Users\NUC\CSVToSQLite\AVI7(7-1~7-15)\20240704.csv
2024-07-25 17:12:28,970:INFO:成功处理文件: C:\Users\NUC\CSVToSQLite\AVI7(7-1~7-15)\20240705.csv
2024-07-25 17:12:29,077:INFO:成功处理文件: C:\Users\NUC\CSVToSQLite\AVI7(7-1~7-15)\20240708.csv
2024-07-25 17:12:29,190:INFO:成功处理文件: C:\Users\NUC\CSVToSQLite\AVI7(7-1~7-15)\20240709.csv
2024-07-25 17:12:29,298:INFO:成功处理文件: C:\Users\NUC\CSVToSQLite\AVI7(7-1~7-15)\20240710.csv
2024-07-25 17:12:29,300:INFO:成功处理文件: C:\Users\NUC\CSVToSQLite\AVI7(7-1~7-15)\20240711.csv
2024-07-25 17:12:29,409:INFO:成功处理文件: C:\Users\NUC\CSVToSQLite\AVI7(7-1~7-15)\20240712.csv
2024-08-15 09:01:04,106:INFO:成功连接到数据库: C:\Users\NUC\CSVToSQLite\avisql_single.db
2024-08-15 09:01:04,110:INFO:成功连接到数据库: C:\Users\NUC\CSVToSQLite\avisql_single.db
2024-08-15 09:01:04,114:INFO:成功创建数据表
2024-08-15 09:01:04,117:INFO:成功处理文件: C:\Users\NUC\CSVToSQLite\AVI3(7-1~7-15)\20240701.csv
2024-08-15 09:01:04,119:INFO:成功处理文件: C:\Users\NUC\CSVToSQLite\AVI3(7-1~7-15)\20240702.csv
2024-08-15 09:01:04,121:INFO:成功处理文件: C:\Users\NUC\CSVToSQLite\AVI3(7-1~7-15)\20240703.csv
2024-08-15 09:01:04,123:INFO:成功处理文件: C:\Users\NUC\CSVToSQLite\AVI3(7-1~7-15)\20240704.csv
2024-08-15 09:01:04,227:INFO:成功处理文件: C:\Users\NUC\CSVToSQLite\AVI3(7-1~7-15)\20240705.csv
2024-08-15 09:01:04,231:INFO:成功处理文件: C:\Users\NUC\CSVToSQLite\AVI3(7-1~7-15)\20240708.csv
2024-08-15 09:01:04,338:INFO:成功处理文件: C:\Users\NUC\CSVToSQLite\AVI3(7-1~7-15)\20240709.csv
2024-08-15 09:01:04,339:INFO:成功处理文件: C:\Users\NUC\CSVToSQLite\AVI3(7-1~7-15)\20240710.csv
2024-08-15 09:01:04,340:INFO:成功处理文件: C:\Users\NUC\CSVToSQLite\AVI3(7-1~7-15)\20240711.csv
2024-08-15 09:01:04,447:INFO:成功处理文件: C:\Users\NUC\CSVToSQLite\AVI3(7-1~7-15)\20240712.csv
2024-08-15 09:01:04,448:INFO:成功处理文件: C:\Users\NUC\CSVToSQLite\AVI3(7-1~7-15)\20240715.csv
2024-08-15 09:01:04,449:INFO:成功处理文件: C:\Users\NUC\CSVToSQLite\AVI4(7-1~7-15)\20240701.csv
2024-08-15 09:01:04,450:INFO:成功处理文件: C:\Users\NUC\CSVToSQLite\AVI4(7-1~7-15)\20240708.csv
2024-08-15 09:01:04,451:INFO:成功处理文件: C:\Users\NUC\CSVToSQLite\AVI4(7-1~7-15)\20240709.csv
2024-08-15 09:01:04,452:INFO:成功处理文件: C:\Users\NUC\CSVToSQLite\AVI4(7-1~7-15)\20240710.csv
2024-08-15 09:01:04,555:INFO:成功处理文件: C:\Users\NUC\CSVToSQLite\AVI4(7-1~7-15)\20240711.csv
2024-08-15 09:01:04,556:INFO:成功处理文件: C:\Users\NUC\CSVToSQLite\AVI4(7-1~7-15)\20240712.csv
2024-08-15 09:01:04,557:INFO:成功处理文件: C:\Users\NUC\CSVToSQLite\AVI6(7-1~7-15)\20240701.csv
2024-08-15 09:01:04,558:INFO:成功处理文件: C:\Users\NUC\CSVToSQLite\AVI6(7-1~7-15)\20240703.csv
2024-08-15 09:01:04,665:INFO:成功处理文件: C:\Users\NUC\CSVToSQLite\AVI6(7-1~7-15)\20240704.csv
2024-08-15 09:01:04,666:INFO:成功处理文件: C:\Users\NUC\CSVToSQLite\AVI6(7-1~7-15)\20240705.csv
2024-08-15 09:01:04,666:INFO:成功处理文件: C:\Users\NUC\CSVToSQLite\AVI6(7-1~7-15)\20240708.csv
2024-08-15 09:01:04,667:INFO:成功处理文件: C:\Users\NUC\CSVToSQLite\AVI6(7-1~7-15)\20240709.csv
2024-08-15 09:01:04,668:INFO:成功处理文件: C:\Users\NUC\CSVToSQLite\AVI6(7-1~7-15)\20240710.csv
2024-08-15 09:01:04,776:INFO:成功处理文件: C:\Users\NUC\CSVToSQLite\AVI6(7-1~7-15)\20240711.csv
2024-08-15 09:01:04,778:INFO:成功处理文件: C:\Users\NUC\CSVToSQLite\AVI6(7-1~7-15)\20240712.csv
2024-08-15 09:01:04,887:INFO:成功处理文件: C:\Users\NUC\CSVToSQLite\AVI7(7-1~7-15)\20240701.csv
2024-08-15 09:01:04,888:INFO:成功处理文件: C:\Users\NUC\CSVToSQLite\AVI7(7-1~7-15)\20240702.csv
2024-08-15 09:01:04,889:INFO:成功处理文件: C:\Users\NUC\CSVToSQLite\AVI7(7-1~7-15)\20240703.csv
2024-08-15 09:01:04,996:INFO:成功处理文件: C:\Users\NUC\CSVToSQLite\AVI7(7-1~7-15)\20240704.csv
2024-08-15 09:01:04,996:INFO:成功处理文件: C:\Users\NUC\CSVToSQLite\AVI7(7-1~7-15)\20240705.csv
2024-08-15 09:01:05,106:INFO:成功处理文件: C:\Users\NUC\CSVToSQLite\AVI7(7-1~7-15)\20240708.csv
2024-08-15 09:01:05,108:INFO:成功处理文件: C:\Users\NUC\CSVToSQLite\AVI7(7-1~7-15)\20240709.csv
2024-08-15 09:01:05,216:INFO:成功处理文件: C:\Users\NUC\CSVToSQLite\AVI7(7-1~7-15)\20240710.csv
2024-08-15 09:01:05,218:INFO:成功处理文件: C:\Users\NUC\CSVToSQLite\AVI7(7-1~7-15)\20240711.csv
2024-08-15 09:01:05,218:INFO:成功处理文件: C:\Users\NUC\CSVToSQLite\AVI7(7-1~7-15)\20240712.csv
2024-09-10 08:13:59,605:INFO:已选择目录: C:/Users/NUC/CSVToSQLite
2024-09-10 08:13:59,609:INFO:数据库文件将保存为: C:/Users/NUC/CSVToSQLite\avisql_single.db
2024-09-10 08:14:03,919:INFO:成功连接到数据库: C:\Users\NUC\CSVToSQLite\avisql_single.db
2024-09-10 08:14:03,920:INFO:成功连接到数据库: C:/Users/NUC/CSVToSQLite\avisql_single.db
2024-09-10 08:14:03,921:INFO:成功连接到数据库: C:/Users/NUC/CSVToSQLite\avisql_single.db
2024-09-10 08:14:03,923:INFO:成功创建数据表
2024-09-10 08:14:03,926:INFO:成功处理文件: C:/Users/NUC/CSVToSQLite\AVI3(7-1~7-15)\20240701.csv
2024-09-10 08:14:03,927:INFO:成功处理文件: C:/Users/NUC/CSVToSQLite\AVI3(7-1~7-15)\20240702.csv
2024-09-10 08:14:03,929:INFO:成功处理文件: C:/Users/NUC/CSVToSQLite\AVI3(7-1~7-15)\20240703.csv
2024-09-10 08:14:03,930:INFO:成功处理文件: C:/Users/NUC/CSVToSQLite\AVI3(7-1~7-15)\20240704.csv
2024-09-10 08:14:03,932:INFO:成功处理文件: C:/Users/NUC/CSVToSQLite\AVI3(7-1~7-15)\20240705.csv
2024-09-10 08:14:03,933:INFO:成功处理文件: C:/Users/NUC/CSVToSQLite\AVI3(7-1~7-15)\20240708.csv
2024-09-10 08:14:04,042:INFO:成功处理文件: C:/Users/NUC/CSVToSQLite\AVI3(7-1~7-15)\20240709.csv
2024-09-10 08:14:04,044:INFO:成功处理文件: C:/Users/NUC/CSVToSQLite\AVI3(7-1~7-15)\20240710.csv
2024-09-10 08:14:04,045:INFO:成功处理文件: C:/Users/NUC/CSVToSQLite\AVI3(7-1~7-15)\20240711.csv
2024-09-10 08:14:04,046:INFO:成功处理文件: C:/Users/NUC/CSVToSQLite\AVI3(7-1~7-15)\20240712.csv
2024-09-10 08:14:04,046:INFO:成功处理文件: C:/Users/NUC/CSVToSQLite\AVI3(7-1~7-15)\20240715.csv
2024-09-10 08:14:04,153:INFO:成功处理文件: C:/Users/NUC/CSVToSQLite\AVI4(7-1~7-15)\20240701.csv
2024-09-10 08:14:04,154:INFO:成功处理文件: C:/Users/NUC/CSVToSQLite\AVI4(7-1~7-15)\20240708.csv
2024-09-10 08:14:04,155:INFO:成功处理文件: C:/Users/NUC/CSVToSQLite\AVI4(7-1~7-15)\20240709.csv
2024-09-10 08:14:04,156:INFO:成功处理文件: C:/Users/NUC/CSVToSQLite\AVI4(7-1~7-15)\20240710.csv
2024-09-10 08:14:04,157:INFO:成功处理文件: C:/Users/NUC/CSVToSQLite\AVI4(7-1~7-15)\20240711.csv
2024-09-10 08:14:04,157:INFO:成功处理文件: C:/Users/NUC/CSVToSQLite\AVI4(7-1~7-15)\20240712.csv
2024-09-10 08:14:04,160:INFO:成功处理文件: C:/Users/NUC/CSVToSQLite\AVI6(7-1~7-15)\20240701.csv
2024-09-10 08:14:04,161:INFO:成功处理文件: C:/Users/NUC/CSVToSQLite\AVI6(7-1~7-15)\20240703.csv
2024-09-10 08:14:04,162:INFO:成功处理文件: C:/Users/NUC/CSVToSQLite\AVI6(7-1~7-15)\20240704.csv
2024-09-10 08:14:04,164:INFO:成功处理文件: C:/Users/NUC/CSVToSQLite\AVI6(7-1~7-15)\20240705.csv
2024-09-10 08:14:04,277:INFO:成功处理文件: C:/Users/NUC/CSVToSQLite\AVI6(7-1~7-15)\20240708.csv
2024-09-10 08:14:04,278:INFO:成功处理文件: C:/Users/NUC/CSVToSQLite\AVI6(7-1~7-15)\20240709.csv
2024-09-10 08:14:04,279:INFO:成功处理文件: C:/Users/NUC/CSVToSQLite\AVI6(7-1~7-15)\20240710.csv
2024-09-10 08:14:04,281:INFO:成功处理文件: C:/Users/NUC/CSVToSQLite\AVI6(7-1~7-15)\20240711.csv
2024-09-10 08:14:04,283:INFO:成功处理文件: C:/Users/NUC/CSVToSQLite\AVI6(7-1~7-15)\20240712.csv
2024-09-10 08:14:04,285:INFO:成功处理文件: C:/Users/NUC/CSVToSQLite\AVI7(7-1~7-15)\20240701.csv
2024-09-10 08:14:04,286:INFO:成功处理文件: C:/Users/NUC/CSVToSQLite\AVI7(7-1~7-15)\20240702.csv
2024-09-10 08:14:04,389:INFO:成功处理文件: C:/Users/NUC/CSVToSQLite\AVI7(7-1~7-15)\20240703.csv
2024-09-10 08:14:04,391:INFO:成功处理文件: C:/Users/NUC/CSVToSQLite\AVI7(7-1~7-15)\20240704.csv
2024-09-10 08:14:04,392:INFO:成功处理文件: C:/Users/NUC/CSVToSQLite\AVI7(7-1~7-15)\20240705.csv
2024-09-10 08:14:04,497:INFO:成功处理文件: C:/Users/NUC/CSVToSQLite\AVI7(7-1~7-15)\20240708.csv
2024-09-10 08:14:04,499:INFO:成功处理文件: C:/Users/NUC/CSVToSQLite\AVI7(7-1~7-15)\20240709.csv
2024-09-10 08:14:04,501:INFO:成功处理文件: C:/Users/NUC/CSVToSQLite\AVI7(7-1~7-15)\20240710.csv
2024-09-10 08:14:04,501:INFO:成功处理文件: C:/Users/NUC/CSVToSQLite\AVI7(7-1~7-15)\20240711.csv
2024-09-10 08:14:04,607:INFO:成功处理文件: C:/Users/NUC/CSVToSQLite\AVI7(7-1~7-15)\20240712.csv
