2024-09-11 08:33:41,882:INFO:成功连接到数据库: d:\demo\py_AVI\avisql_single.db
2024-09-11 08:33:41,883:INFO:成功创建或验证数据表存在
2024-09-11 08:33:41,883:INFO:成功创建索引
2024-09-11 08:33:41,883:INFO:成功创建或验证 all_data 视图存在
2024-09-11 08:33:42,445:INFO:更新模型列表时出错: 'OptimizedCSVToSQLiteApp' object has no attribute 'model_selector'
2024-09-11 08:34:44,855:INFO:成功连接到数据库: d:\demo\py_AVI\avisql_single.db
2024-09-11 08:34:44,855:INFO:成功创建或验证数据表存在
2024-09-11 08:34:44,855:INFO:成功创建索引
2024-09-11 08:34:44,855:INFO:成功创建或验证 all_data 视图存在
2024-09-11 08:34:45,431:INFO:成功更新模型列表，找到 49 个模型
2024-09-11 08:34:45,997:INFO:成功更新模型列表，找到 49 个模型
2024-09-11 08:35:13,992:INFO:已选择目录: D:/demo/py_AVI/3D
2024-09-11 08:35:16,952:INFO:开始导入过程...
2024-09-11 08:35:16,952:INFO:导入进程已启动
2024-09-11 08:35:16,970:INFO:成功处理文件: D:/demo/py_AVI/3D\20200623.csv，共处理 40 行
2024-09-11 08:35:17,000:INFO:成功处理文件: D:/demo/py_AVI/3D\20200624.csv，共处理 126 行
2024-09-11 08:35:17,020:INFO:成功处理文件: D:/demo/py_AVI/3D\20200625.csv，共处理 82 行
2024-09-11 08:35:17,041:INFO:成功处理文件: D:/demo/py_AVI/3D\20200626.csv，共处理 58 行
2024-09-11 08:35:17,057:INFO:成功处理文件: D:/demo/py_AVI/3D\20200627.csv，共处理 37 行
2024-09-11 08:35:17,072:INFO:成功处理文件: D:/demo/py_AVI/3D\20200629.csv，共处理 21 行
2024-09-11 08:35:17,083:INFO:成功处理文件: D:/demo/py_AVI/3D\20200630.csv，共处理 29 行
2024-09-11 08:35:17,098:INFO:成功处理文件: D:/demo/py_AVI/3D\20200701.csv，共处理 55 行
2024-09-11 08:35:17,120:INFO:成功处理文件: D:/demo/py_AVI/3D\20200702.csv，共处理 75 行
2024-09-11 08:35:17,148:INFO:成功处理文件: D:/demo/py_AVI/3D\20200703.csv，共处理 120 行
2024-09-11 08:35:17,165:INFO:成功处理文件: D:/demo/py_AVI/3D\20200704.csv，共处理 75 行
2024-09-11 08:35:17,179:INFO:成功处理文件: D:/demo/py_AVI/3D\20200705.csv，共处理 55 行
2024-09-11 08:35:17,199:INFO:成功处理文件: D:/demo/py_AVI/3D\20200706.csv，共处理 91 行
2024-09-11 08:35:17,223:INFO:成功处理文件: D:/demo/py_AVI/3D\20200707.csv，共处理 117 行
2024-09-11 08:35:17,256:INFO:成功处理文件: D:/demo/py_AVI/3D\20200708.csv，共处理 175 行
2024-09-11 08:35:17,278:INFO:成功处理文件: D:/demo/py_AVI/3D\20200709.csv，共处理 79 行
2024-09-11 08:35:17,310:INFO:成功处理文件: D:/demo/py_AVI/3D\20200710.csv，共处理 165 行
2024-09-11 08:35:17,341:INFO:成功处理文件: D:/demo/py_AVI/3D\20200711.csv，共处理 165 行
2024-09-11 08:35:17,373:INFO:成功处理文件: D:/demo/py_AVI/3D\20200712.csv，共处理 147 行
2024-09-11 08:35:17,410:INFO:成功处理文件: D:/demo/py_AVI/3D\20200713.csv，共处理 190 行
2024-09-11 08:35:17,436:INFO:成功处理文件: D:/demo/py_AVI/3D\20200714.csv，共处理 116 行
2024-09-11 08:35:17,465:INFO:成功处理文件: D:/demo/py_AVI/3D\20200715.csv，共处理 158 行
2024-09-11 08:35:17,499:INFO:成功处理文件: D:/demo/py_AVI/3D\20200716.csv，共处理 170 行
2024-09-11 08:35:17,529:INFO:成功处理文件: D:/demo/py_AVI/3D\20200717.csv，共处理 146 行
2024-09-11 08:35:17,562:INFO:成功处理文件: D:/demo/py_AVI/3D\20200718.csv，共处理 188 行
2024-09-11 08:35:17,598:INFO:成功处理文件: D:/demo/py_AVI/3D\20200719.csv，共处理 186 行
2024-09-11 08:35:17,634:INFO:成功处理文件: D:/demo/py_AVI/3D\20200720.csv，共处理 209 行
2024-09-11 08:35:17,674:INFO:成功处理文件: D:/demo/py_AVI/3D\20200721.csv，共处理 220 行
2024-09-11 08:35:17,713:INFO:成功处理文件: D:/demo/py_AVI/3D\20200722.csv，共处理 232 行
2024-09-11 08:35:17,757:INFO:成功处理文件: D:/demo/py_AVI/3D\20200723.csv，共处理 231 行
2024-09-11 08:35:17,797:INFO:成功处理文件: D:/demo/py_AVI/3D\20200724.csv，共处理 244 行
2024-09-11 08:35:17,843:INFO:成功处理文件: D:/demo/py_AVI/3D\20200725.csv，共处理 255 行
2024-09-11 08:35:17,886:INFO:成功处理文件: D:/demo/py_AVI/3D\20200726.csv，共处理 250 行
2024-09-11 08:35:17,931:INFO:成功处理文件: D:/demo/py_AVI/3D\20200727.csv，共处理 251 行
2024-09-11 08:35:18,505:INFO:成功更新模型列表，找到 49 个模型
2024-09-11 08:35:18,513:INFO:成功处理文件: D:/demo/py_AVI/3D\20200728.csv，共处理 237 行
2024-09-11 08:35:18,561:INFO:成功处理文件: D:/demo/py_AVI/3D\20200729.csv，共处理 241 行
2024-09-11 08:35:18,605:INFO:成功处理文件: D:/demo/py_AVI/3D\20200730.csv，共处理 248 行
2024-09-11 08:35:18,647:INFO:成功处理文件: D:/demo/py_AVI/3D\20200731.csv，共处理 239 行
2024-09-11 08:35:18,690:INFO:成功处理文件: D:/demo/py_AVI/3D\20200801.csv，共处理 212 行
2024-09-11 08:35:18,710:INFO:成功处理文件: D:/demo/py_AVI/3D\20200802.csv，共处理 81 行
2024-09-11 08:35:18,736:INFO:成功处理文件: D:/demo/py_AVI/3D\20200803.csv，共处理 148 行
2024-09-11 08:35:18,778:INFO:成功处理文件: D:/demo/py_AVI/3D\20200804.csv，共处理 229 行
2024-09-11 08:35:18,822:INFO:成功处理文件: D:/demo/py_AVI/3D\20200805.csv，共处理 240 行
2024-09-11 08:35:18,861:INFO:成功处理文件: D:/demo/py_AVI/3D\20200806.csv，共处理 190 行
2024-09-11 08:35:18,877:INFO:成功处理文件: D:/demo/py_AVI/3D\20200807.csv，共处理 42 行
2024-09-11 08:35:18,889:INFO:成功处理文件: D:/demo/py_AVI/3D\20200808.csv，共处理 1 行
2024-09-11 08:35:18,919:INFO:成功处理文件: D:/demo/py_AVI/3D\20200811.csv，共处理 144 行
2024-09-11 08:35:18,961:INFO:成功处理文件: D:/demo/py_AVI/3D\20200812.csv，共处理 235 行
2024-09-11 08:35:19,004:INFO:成功处理文件: D:/demo/py_AVI/3D\20200813.csv，共处理 251 行
2024-09-11 08:35:19,046:INFO:成功处理文件: D:/demo/py_AVI/3D\20200814.csv，共处理 235 行
2024-09-11 08:35:19,088:INFO:成功处理文件: D:/demo/py_AVI/3D\20200815.csv，共处理 246 行
2024-09-11 08:35:19,135:INFO:成功处理文件: D:/demo/py_AVI/3D\20200816.csv，共处理 266 行
2024-09-11 08:35:19,177:INFO:成功处理文件: D:/demo/py_AVI/3D\20200817.csv，共处理 226 行
2024-09-11 08:35:19,233:INFO:成功处理文件: D:/demo/py_AVI/3D\20200818.csv，共处理 224 行
2024-09-11 08:35:19,280:INFO:成功处理文件: D:/demo/py_AVI/3D\20200819.csv，共处理 237 行
2024-09-11 08:35:19,325:INFO:成功处理文件: D:/demo/py_AVI/3D\20200820.csv，共处理 237 行
2024-09-11 08:35:19,372:INFO:成功处理文件: D:/demo/py_AVI/3D\20200821.csv，共处理 244 行
2024-09-11 08:35:19,420:INFO:成功处理文件: D:/demo/py_AVI/3D\20200822.csv，共处理 261 行
2024-09-11 08:35:19,466:INFO:成功处理文件: D:/demo/py_AVI/3D\20200823.csv，共处理 264 行
2024-09-11 08:35:19,517:INFO:成功处理文件: D:/demo/py_AVI/3D\20200824.csv，共处理 258 行
2024-09-11 08:35:19,570:INFO:成功处理文件: D:/demo/py_AVI/3D\20200825.csv，共处理 250 行
2024-09-11 08:35:19,619:INFO:成功处理文件: D:/demo/py_AVI/3D\20200826.csv，共处理 160 行
2024-09-11 08:35:19,633:INFO:成功处理文件: D:/demo/py_AVI/3D\20200829.csv，共处理 20 行
2024-09-11 08:35:19,673:INFO:成功处理文件: D:/demo/py_AVI/3D\20200830.csv，共处理 222 行
2024-09-11 08:35:19,706:INFO:成功处理文件: D:/demo/py_AVI/3D\20200831.csv，共处理 147 行
2024-09-11 08:35:19,750:INFO:成功处理文件: D:/demo/py_AVI/3D\20200901.csv，共处理 250 行
2024-09-11 08:35:19,786:INFO:成功处理文件: D:/demo/py_AVI/3D\20200902.csv，共处理 196 行
2024-09-11 08:35:19,818:INFO:成功处理文件: D:/demo/py_AVI/3D\20200903.csv，共处理 154 行
2024-09-11 08:35:19,864:INFO:成功处理文件: D:/demo/py_AVI/3D\20200904.csv，共处理 253 行
2024-09-11 08:35:19,912:INFO:成功处理文件: D:/demo/py_AVI/3D\20200905.csv，共处理 252 行
2024-09-11 08:35:19,961:INFO:成功处理文件: D:/demo/py_AVI/3D\20200906.csv，共处理 266 行
2024-09-11 08:35:20,007:INFO:成功处理文件: D:/demo/py_AVI/3D\20200907.csv，共处理 241 行
2024-09-11 08:35:20,058:INFO:成功处理文件: D:/demo/py_AVI/3D\20200908.csv，共处理 254 行
2024-09-11 08:35:20,111:INFO:成功处理文件: D:/demo/py_AVI/3D\20200909.csv，共处理 257 行
2024-09-11 08:35:20,157:INFO:成功处理文件: D:/demo/py_AVI/3D\20200910.csv，共处理 261 行
2024-09-11 08:35:20,204:INFO:成功处理文件: D:/demo/py_AVI/3D\20200911.csv，共处理 251 行
2024-09-11 08:35:20,251:INFO:成功处理文件: D:/demo/py_AVI/3D\20200912.csv，共处理 257 行
2024-09-11 08:35:20,277:INFO:成功处理文件: D:/demo/py_AVI/3D\20200913.csv，共处理 86 行
2024-09-11 08:35:20,311:INFO:成功处理文件: D:/demo/py_AVI/3D\20200914.csv，共处理 171 行
2024-09-11 08:35:20,361:INFO:成功处理文件: D:/demo/py_AVI/3D\20200915.csv，共处理 257 行
2024-09-11 08:35:20,418:INFO:成功处理文件: D:/demo/py_AVI/3D\20200916.csv，共处理 258 行
2024-09-11 08:35:20,466:INFO:成功处理文件: D:/demo/py_AVI/3D\20200917.csv，共处理 257 行
2024-09-11 08:35:20,514:INFO:成功处理文件: D:/demo/py_AVI/3D\20200918.csv，共处理 254 行
2024-09-11 08:35:20,564:INFO:成功处理文件: D:/demo/py_AVI/3D\20200919.csv，共处理 256 行
2024-09-11 08:35:20,614:INFO:成功处理文件: D:/demo/py_AVI/3D\20200920.csv，共处理 255 行
2024-09-11 08:35:20,661:INFO:成功处理文件: D:/demo/py_AVI/3D\20200921.csv，共处理 237 行
2024-09-11 08:35:20,712:INFO:成功处理文件: D:/demo/py_AVI/3D\20200922.csv，共处理 262 行
2024-09-11 08:35:20,767:INFO:成功处理文件: D:/demo/py_AVI/3D\20200923.csv，共处理 264 行
2024-09-11 08:35:20,817:INFO:成功处理文件: D:/demo/py_AVI/3D\20200924.csv，共处理 237 行
2024-09-11 08:35:20,868:INFO:成功处理文件: D:/demo/py_AVI/3D\20200925.csv，共处理 226 行
2024-09-11 08:35:20,917:INFO:成功处理文件: D:/demo/py_AVI/3D\20200926.csv，共处理 258 行
2024-09-11 08:35:20,968:INFO:成功处理文件: D:/demo/py_AVI/3D\20200927.csv，共处理 237 行
2024-09-11 08:35:21,016:INFO:成功处理文件: D:/demo/py_AVI/3D\20200928.csv，共处理 233 行
2024-09-11 08:35:21,053:INFO:成功处理文件: D:/demo/py_AVI/3D\20200929.csv，共处理 149 行
2024-09-11 08:35:21,099:INFO:成功处理文件: D:/demo/py_AVI/3D\20200930.csv，共处理 236 行
2024-09-11 08:35:21,118:INFO:成功处理文件: D:/demo/py_AVI/3D\20201001.csv，共处理 19 行
2024-09-11 08:35:21,136:INFO:成功处理文件: D:/demo/py_AVI/3D\20201005.csv，共处理 2 行
2024-09-11 08:35:21,151:INFO:成功处理文件: D:/demo/py_AVI/3D\20201006.csv，共处理 3 行
2024-09-11 08:35:21,179:INFO:成功处理文件: D:/demo/py_AVI/3D\20201008.csv，共处理 120 行
2024-09-11 08:35:21,227:INFO:成功处理文件: D:/demo/py_AVI/3D\20201009.csv，共处理 234 行
2024-09-11 08:35:21,275:INFO:成功处理文件: D:/demo/py_AVI/3D\20201010.csv，共处理 222 行
2024-09-11 08:35:21,327:INFO:成功处理文件: D:/demo/py_AVI/3D\20201011.csv，共处理 256 行
2024-09-11 08:35:21,374:INFO:成功处理文件: D:/demo/py_AVI/3D\20201012.csv，共处理 211 行
2024-09-11 08:35:21,397:INFO:成功处理文件: D:/demo/py_AVI/3D\20201013.csv，共处理 44 行
2024-09-11 08:35:21,429:INFO:成功处理文件: D:/demo/py_AVI/3D\20201014.csv，共处理 163 行
2024-09-11 08:35:21,468:INFO:成功处理文件: D:/demo/py_AVI/3D\20201015.csv，共处理 199 行
2024-09-11 08:35:21,512:INFO:成功处理文件: D:/demo/py_AVI/3D\20201016.csv，共处理 208 行
2024-09-11 08:35:21,561:INFO:成功处理文件: D:/demo/py_AVI/3D\20201017.csv，共处理 228 行
2024-09-11 08:35:21,607:INFO:成功处理文件: D:/demo/py_AVI/3D\20201018.csv，共处理 200 行
2024-09-11 08:35:21,663:INFO:成功处理文件: D:/demo/py_AVI/3D\20201019.csv，共处理 246 行
2024-09-11 08:35:21,716:INFO:成功处理文件: D:/demo/py_AVI/3D\20201020.csv，共处理 240 行
2024-09-11 08:35:21,765:INFO:成功处理文件: D:/demo/py_AVI/3D\20201021.csv，共处理 244 行
2024-09-11 08:35:21,823:INFO:成功处理文件: D:/demo/py_AVI/3D\20201022.csv，共处理 259 行
2024-09-11 08:35:21,877:INFO:成功处理文件: D:/demo/py_AVI/3D\20201023.csv，共处理 262 行
2024-09-11 08:35:21,930:INFO:成功处理文件: D:/demo/py_AVI/3D\20201024.csv，共处理 262 行
2024-09-11 08:35:21,980:INFO:成功处理文件: D:/demo/py_AVI/3D\20201025.csv，共处理 240 行
2024-09-11 08:35:22,027:INFO:成功处理文件: D:/demo/py_AVI/3D\20201026.csv，共处理 219 行
2024-09-11 08:35:22,074:INFO:成功处理文件: D:/demo/py_AVI/3D\20201027.csv，共处理 250 行
2024-09-11 08:35:22,122:INFO:成功处理文件: D:/demo/py_AVI/3D\20201028.csv，共处理 234 行
2024-09-11 08:35:22,175:INFO:成功处理文件: D:/demo/py_AVI/3D\20201029.csv，共处理 257 行
2024-09-11 08:35:22,232:INFO:成功处理文件: D:/demo/py_AVI/3D\20201030.csv，共处理 261 行
2024-09-11 08:35:22,285:INFO:成功处理文件: D:/demo/py_AVI/3D\20201031.csv，共处理 255 行
2024-09-11 08:35:22,316:INFO:成功处理文件: D:/demo/py_AVI/3D\20201101.csv，共处理 96 行
2024-09-11 08:35:22,353:INFO:成功处理文件: D:/demo/py_AVI/3D\20201102.csv，共处理 153 行
2024-09-11 08:35:22,407:INFO:成功处理文件: D:/demo/py_AVI/3D\20201103.csv，共处理 260 行
2024-09-11 08:35:22,459:INFO:成功处理文件: D:/demo/py_AVI/3D\20201104.csv，共处理 257 行
2024-09-11 08:35:22,515:INFO:成功处理文件: D:/demo/py_AVI/3D\20201105.csv，共处理 255 行
2024-09-11 08:35:22,568:INFO:成功处理文件: D:/demo/py_AVI/3D\20201106.csv，共处理 262 行
2024-09-11 08:35:22,620:INFO:成功处理文件: D:/demo/py_AVI/3D\20201107.csv，共处理 254 行
2024-09-11 08:35:22,674:INFO:成功处理文件: D:/demo/py_AVI/3D\20201108.csv，共处理 263 行
2024-09-11 08:35:22,727:INFO:成功处理文件: D:/demo/py_AVI/3D\20201109.csv，共处理 254 行
2024-09-11 08:35:22,780:INFO:成功处理文件: D:/demo/py_AVI/3D\20201110.csv，共处理 267 行
2024-09-11 08:35:22,837:INFO:成功处理文件: D:/demo/py_AVI/3D\20201111.csv，共处理 263 行
2024-09-11 08:35:22,889:INFO:成功处理文件: D:/demo/py_AVI/3D\20201112.csv，共处理 256 行
2024-09-11 08:35:22,940:INFO:成功处理文件: D:/demo/py_AVI/3D\20201113.csv，共处理 238 行
2024-09-11 08:35:23,009:INFO:成功处理文件: D:/demo/py_AVI/3D\20201114.csv，共处理 265 行
2024-09-11 08:35:23,079:INFO:成功处理文件: D:/demo/py_AVI/3D\20201115.csv，共处理 92 行
2024-09-11 08:35:23,123:INFO:成功处理文件: D:/demo/py_AVI/3D\20201116.csv，共处理 169 行
2024-09-11 08:35:23,187:INFO:成功处理文件: D:/demo/py_AVI/3D\20201117.csv，共处理 265 行
2024-09-11 08:35:23,245:INFO:成功处理文件: D:/demo/py_AVI/3D\20201118.csv，共处理 269 行
2024-09-11 08:35:23,294:INFO:成功处理文件: D:/demo/py_AVI/3D\20201119.csv，共处理 252 行
2024-09-11 08:35:23,347:INFO:成功处理文件: D:/demo/py_AVI/3D\20201120.csv，共处理 270 行
2024-09-11 08:35:23,401:INFO:成功处理文件: D:/demo/py_AVI/3D\20201121.csv，共处理 271 行
2024-09-11 08:35:23,434:INFO:成功处理文件: D:/demo/py_AVI/3D\20201122.csv，共处理 84 行
2024-09-11 08:35:23,474:INFO:成功处理文件: D:/demo/py_AVI/3D\20201123.csv，共处理 178 行
2024-09-11 08:35:23,529:INFO:成功处理文件: D:/demo/py_AVI/3D\20201124.csv，共处理 272 行
2024-09-11 08:35:23,591:INFO:成功处理文件: D:/demo/py_AVI/3D\20201125.csv，共处理 273 行
2024-09-11 08:35:23,655:INFO:成功处理文件: D:/demo/py_AVI/3D\20201126.csv，共处理 267 行
2024-09-11 08:35:23,711:INFO:成功处理文件: D:/demo/py_AVI/3D\20201127.csv，共处理 258 行
2024-09-11 08:35:23,765:INFO:成功处理文件: D:/demo/py_AVI/3D\20201128.csv，共处理 263 行
2024-09-11 08:35:23,795:INFO:成功处理文件: D:/demo/py_AVI/3D\20201129.csv，共处理 85 行
2024-09-11 08:35:23,833:INFO:成功处理文件: D:/demo/py_AVI/3D\20201130.csv，共处理 166 行
2024-09-11 08:35:23,881:INFO:成功处理文件: D:/demo/py_AVI/3D\20201201.csv，共处理 254 行
2024-09-11 08:35:23,930:INFO:成功处理文件: D:/demo/py_AVI/3D\20201202.csv，共处理 268 行
2024-09-11 08:35:23,982:INFO:成功处理文件: D:/demo/py_AVI/3D\20201203.csv，共处理 264 行
2024-09-11 08:35:24,038:INFO:成功处理文件: D:/demo/py_AVI/3D\20201204.csv，共处理 267 行
2024-09-11 08:35:24,091:INFO:成功处理文件: D:/demo/py_AVI/3D\20201205.csv，共处理 258 行
2024-09-11 08:35:24,122:INFO:成功处理文件: D:/demo/py_AVI/3D\20201206.csv，共处理 90 行
2024-09-11 08:35:25,223:INFO:成功处理文件: D:/demo/py_AVI/3D\20201207.csv，共处理 18910 行
2024-09-11 08:35:25,258:INFO:成功处理文件: D:/demo/py_AVI/3D\20201208.csv，共处理 1476 行
2024-09-11 08:35:25,336:INFO:成功处理文件: D:/demo/py_AVI/3D\20201216.csv，共处理 10436 行
2024-09-11 08:35:25,361:INFO:成功处理文件: D:/demo/py_AVI/3D\20201217.csv，共处理 1640 行
2024-09-11 08:35:25,383:INFO:处理文件时出错 D:/demo/py_AVI/3D\20201226.csv: 数据转换错误: could not convert string to float: 'OK'
2024-09-11 08:35:25,414:INFO:成功处理文件: D:/demo/py_AVI/3D\20201227.csv，共处理 86 行
2024-09-11 08:35:25,536:INFO:成功处理文件: D:/demo/py_AVI/3D\20201228.csv，共处理 15956 行
2024-09-11 08:35:25,663:INFO:成功处理文件: D:/demo/py_AVI/3D\20201229.csv，共处理 16740 行
2024-09-11 08:35:25,784:INFO:成功处理文件: D:/demo/py_AVI/3D\20201230.csv，共处理 16726 行
2024-09-11 08:35:25,906:INFO:成功处理文件: D:/demo/py_AVI/3D\20201231.csv，共处理 16908 行
2024-09-11 08:35:25,990:INFO:成功处理文件: D:/demo/py_AVI/3D\20210104.csv，共处理 10440 行
2024-09-11 08:35:26,073:INFO:成功处理文件: D:/demo/py_AVI/3D\20210105.csv，共处理 9890 行
2024-09-11 08:35:26,161:INFO:成功处理文件: D:/demo/py_AVI/3D\20210106.csv，共处理 10252 行
2024-09-11 08:35:26,250:INFO:成功处理文件: D:/demo/py_AVI/3D\20210107.csv，共处理 10988 行
2024-09-11 08:35:26,344:INFO:成功处理文件: D:/demo/py_AVI/3D\20210108.csv，共处理 11529 行
2024-09-11 08:35:26,435:INFO:成功处理文件: D:/demo/py_AVI/3D\20210109.csv，共处理 11946 行
2024-09-11 08:35:26,521:INFO:成功处理文件: D:/demo/py_AVI/3D\20210111.csv，共处理 10832 行
2024-09-11 08:35:26,622:INFO:成功处理文件: D:/demo/py_AVI/3D\20210112.csv，共处理 10746 行
2024-09-11 08:35:26,701:INFO:成功处理文件: D:/demo/py_AVI/3D\20210113.csv，共处理 10148 行
2024-09-11 08:35:26,806:INFO:成功处理文件: D:/demo/py_AVI/3D\20210114.csv，共处理 13454 行
2024-09-11 08:35:26,909:INFO:成功处理文件: D:/demo/py_AVI/3D\20210115.csv，共处理 13324 行
2024-09-11 08:35:26,999:INFO:成功处理文件: D:/demo/py_AVI/3D\20210116.csv，共处理 11606 行
2024-09-11 08:35:27,092:INFO:成功处理文件: D:/demo/py_AVI/3D\20210118.csv，共处理 11180 行
2024-09-11 08:35:27,198:INFO:成功处理文件: D:/demo/py_AVI/3D\20210119.csv，共处理 12556 行
2024-09-11 08:35:27,371:INFO:成功处理文件: D:/demo/py_AVI/3D\20210120.csv，共处理 23194 行
2024-09-11 08:35:27,540:INFO:成功处理文件: D:/demo/py_AVI/3D\20210121.csv，共处理 23302 行
2024-09-11 08:35:27,710:INFO:成功处理文件: D:/demo/py_AVI/3D\20210122.csv，共处理 22016 行
2024-09-11 08:35:27,878:INFO:成功处理文件: D:/demo/py_AVI/3D\20210123.csv，共处理 22704 行
2024-09-11 08:35:28,017:INFO:成功处理文件: D:/demo/py_AVI/3D\20210125.csv，共处理 18162 行
2024-09-11 08:35:28,177:INFO:成功处理文件: D:/demo/py_AVI/3D\20210126.csv，共处理 21410 行
2024-09-11 08:35:28,333:INFO:成功处理文件: D:/demo/py_AVI/3D\20210127.csv，共处理 21242 行
2024-09-11 08:35:28,504:INFO:成功处理文件: D:/demo/py_AVI/3D\20210128.csv，共处理 21410 行
2024-09-11 08:35:28,665:INFO:成功处理文件: D:/demo/py_AVI/3D\20210129.csv，共处理 21594 行
2024-09-11 08:35:28,820:INFO:成功处理文件: D:/demo/py_AVI/3D\20210130.csv，共处理 21092 行
2024-09-11 08:35:28,846:INFO:成功处理文件: D:/demo/py_AVI/3D\20210131.csv，共处理 738 行
2024-09-11 08:35:28,990:INFO:成功处理文件: D:/demo/py_AVI/3D\20210201.csv，共处理 19814 行
2024-09-11 08:35:29,139:INFO:成功处理文件: D:/demo/py_AVI/3D\20210202.csv，共处理 20190 行
2024-09-11 08:35:29,282:INFO:成功处理文件: D:/demo/py_AVI/3D\20210203.csv，共处理 19218 行
2024-09-11 08:35:29,421:INFO:成功处理文件: D:/demo/py_AVI/3D\20210204.csv，共处理 18456 行
2024-09-11 08:35:29,571:INFO:成功处理文件: D:/demo/py_AVI/3D\20210205.csv，共处理 19782 行
2024-09-11 08:35:29,721:INFO:成功处理文件: D:/demo/py_AVI/3D\20210206.csv，共处理 18376 行
2024-09-11 08:35:29,857:INFO:成功处理文件: D:/demo/py_AVI/3D\20210207.csv，共处理 18028 行
2024-09-11 08:35:30,002:INFO:成功处理文件: D:/demo/py_AVI/3D\20210208.csv，共处理 18212 行
2024-09-11 08:35:30,153:INFO:成功处理文件: D:/demo/py_AVI/3D\20210209.csv，共处理 19434 行
2024-09-11 08:35:30,300:INFO:成功处理文件: D:/demo/py_AVI/3D\20210210.csv，共处理 19772 行
2024-09-11 08:35:30,483:INFO:成功处理文件: D:/demo/py_AVI/3D\20210213.csv，共处理 25902 行
2024-09-11 08:35:30,650:INFO:成功处理文件: D:/demo/py_AVI/3D\20210214.csv，共处理 22962 行
2024-09-11 08:35:30,804:INFO:成功处理文件: D:/demo/py_AVI/3D\20210215.csv，共处理 20468 行
2024-09-11 08:35:30,967:INFO:成功处理文件: D:/demo/py_AVI/3D\20210216.csv，共处理 19486 行
2024-09-11 08:35:31,118:INFO:成功处理文件: D:/demo/py_AVI/3D\20210217.csv，共处理 20350 行
2024-09-11 08:35:31,263:INFO:成功处理文件: D:/demo/py_AVI/3D\20210218.csv，共处理 19396 行
2024-09-11 08:35:31,404:INFO:成功处理文件: D:/demo/py_AVI/3D\20210219.csv，共处理 19212 行
2024-09-11 08:35:31,544:INFO:成功处理文件: D:/demo/py_AVI/3D\20210220.csv，共处理 18170 行
2024-09-11 08:35:31,568:INFO:成功处理文件: D:/demo/py_AVI/3D\20210221.csv，共处理 172 行
2024-09-11 08:35:31,711:INFO:成功处理文件: D:/demo/py_AVI/3D\20210222.csv，共处理 18520 行
2024-09-11 08:35:31,862:INFO:成功处理文件: D:/demo/py_AVI/3D\20210223.csv，共处理 20170 行
2024-09-11 08:35:32,005:INFO:成功处理文件: D:/demo/py_AVI/3D\20210224.csv，共处理 18580 行
2024-09-11 08:35:32,173:INFO:成功处理文件: D:/demo/py_AVI/3D\20210225.csv，共处理 22128 行
2024-09-11 08:35:32,342:INFO:成功处理文件: D:/demo/py_AVI/3D\20210226.csv，共处理 22122 行
2024-09-11 08:35:32,487:INFO:成功处理文件: D:/demo/py_AVI/3D\20210227.csv，共处理 20060 行
2024-09-11 08:35:32,513:INFO:成功处理文件: D:/demo/py_AVI/3D\20210228.csv，共处理 86 行
2024-09-11 08:35:32,635:INFO:成功处理文件: D:/demo/py_AVI/3D\20210301.csv，共处理 16438 行
2024-09-11 08:35:32,756:INFO:成功处理文件: D:/demo/py_AVI/3D\20210302.csv，共处理 15896 行
2024-09-11 08:35:32,880:INFO:成功处理文件: D:/demo/py_AVI/3D\20210303.csv，共处理 15932 行
2024-09-11 08:35:33,008:INFO:成功处理文件: D:/demo/py_AVI/3D\20210304.csv，共处理 16370 行
2024-09-11 08:35:33,134:INFO:成功处理文件: D:/demo/py_AVI/3D\20210305.csv，共处理 16056 行
2024-09-11 08:35:33,307:INFO:成功处理文件: D:/demo/py_AVI/3D\20210306.csv，共处理 19930 行
2024-09-11 08:35:33,329:INFO:成功处理文件: D:/demo/py_AVI/3D\20210307.csv，共处理 86 行
2024-09-11 08:35:33,418:INFO:成功处理文件: D:/demo/py_AVI/3D\20210308.csv，共处理 9976 行
2024-09-11 08:35:33,500:INFO:成功处理文件: D:/demo/py_AVI/3D\20210309.csv，共处理 9590 行
2024-09-11 08:35:33,604:INFO:成功处理文件: D:/demo/py_AVI/3D\20210310.csv，共处理 12948 行
2024-09-11 08:35:33,703:INFO:成功处理文件: D:/demo/py_AVI/3D\20210311.csv，共处理 12298 行
2024-09-11 08:35:33,802:INFO:成功处理文件: D:/demo/py_AVI/3D\20210312.csv，共处理 11782 行
2024-09-11 08:35:33,907:INFO:成功处理文件: D:/demo/py_AVI/3D\20210313.csv，共处理 12734 行
2024-09-11 08:35:34,001:INFO:成功处理文件: D:/demo/py_AVI/3D\20210315.csv，共处理 11048 行
2024-09-11 08:35:34,086:INFO:成功处理文件: D:/demo/py_AVI/3D\20210316.csv，共处理 9840 行
2024-09-11 08:35:34,173:INFO:成功处理文件: D:/demo/py_AVI/3D\20210317.csv，共处理 10016 行
2024-09-11 08:35:34,271:INFO:成功处理文件: D:/demo/py_AVI/3D\20210318.csv，共处理 12212 行
2024-09-11 08:35:34,378:INFO:成功处理文件: D:/demo/py_AVI/3D\20210319.csv，共处理 13692 行
2024-09-11 08:35:34,479:INFO:成功处理文件: D:/demo/py_AVI/3D\20210320.csv，共处理 12432 行
2024-09-11 08:35:34,555:INFO:成功处理文件: D:/demo/py_AVI/3D\20210322.csv，共处理 8610 行
2024-09-11 08:35:34,666:INFO:成功处理文件: D:/demo/py_AVI/3D\20210323.csv，共处理 13558 行
2024-09-11 08:35:34,770:INFO:成功处理文件: D:/demo/py_AVI/3D\20210324.csv，共处理 12212 行
2024-09-11 08:35:34,856:INFO:成功处理文件: D:/demo/py_AVI/3D\20210325.csv，共处理 10294 行
2024-09-11 08:35:34,948:INFO:成功处理文件: D:/demo/py_AVI/3D\20210326.csv，共处理 11090 行
2024-09-11 08:35:35,055:INFO:成功处理文件: D:/demo/py_AVI/3D\20210327.csv，共处理 12458 行
2024-09-11 08:35:35,081:INFO:成功处理文件: D:/demo/py_AVI/3D\20210328.csv，共处理 172 行
2024-09-11 08:35:35,158:INFO:成功处理文件: D:/demo/py_AVI/3D\20210329.csv，共处理 8600 行
2024-09-11 08:35:35,216:INFO:成功处理文件: D:/demo/py_AVI/3D\20210330.csv，共处理 5672 行
2024-09-11 08:35:35,317:INFO:成功处理文件: D:/demo/py_AVI/3D\20210331.csv，共处理 12552 行
2024-09-11 08:35:35,408:INFO:成功处理文件: D:/demo/py_AVI/3D\20210401.csv，共处理 10996 行
2024-09-11 08:35:35,498:INFO:成功处理文件: D:/demo/py_AVI/3D\20210402.csv，共处理 9534 行
2024-09-11 08:35:35,581:INFO:成功处理文件: D:/demo/py_AVI/3D\20210406.csv，共处理 9546 行
2024-09-11 08:35:35,662:INFO:成功处理文件: D:/demo/py_AVI/3D\20210407.csv，共处理 8700 行
2024-09-11 08:35:35,799:INFO:成功处理文件: D:/demo/py_AVI/3D\20210408.csv，共处理 16318 行
2024-09-11 08:35:35,903:INFO:成功处理文件: D:/demo/py_AVI/3D\20210409.csv，共处理 12442 行
2024-09-11 08:35:36,017:INFO:成功处理文件: D:/demo/py_AVI/3D\20210410.csv，共处理 14620 行
2024-09-11 08:35:36,043:INFO:成功处理文件: D:/demo/py_AVI/3D\20210411.csv，共处理 86 行
2024-09-11 08:35:36,160:INFO:成功处理文件: D:/demo/py_AVI/3D\20210412.csv，共处理 15652 行
2024-09-11 08:35:36,223:INFO:成功处理文件: D:/demo/py_AVI/3D\20210413.csv，共处理 5882 行
2024-09-11 08:35:36,334:INFO:成功处理文件: D:/demo/py_AVI/3D\20210414.csv，共处理 13284 行
2024-09-11 08:35:36,454:INFO:成功处理文件: D:/demo/py_AVI/3D\20210415.csv，共处理 14182 行
2024-09-11 08:35:36,569:INFO:成功处理文件: D:/demo/py_AVI/3D\20210416.csv，共处理 14620 行
2024-09-11 08:35:36,673:INFO:成功处理文件: D:/demo/py_AVI/3D\20210417.csv，共处理 12322 行
2024-09-11 08:35:36,700:INFO:成功处理文件: D:/demo/py_AVI/3D\20210418.csv，共处理 86 行
2024-09-11 08:35:36,819:INFO:成功处理文件: D:/demo/py_AVI/3D\20210419.csv，共处理 10422 行
2024-09-11 08:35:36,936:INFO:成功处理文件: D:/demo/py_AVI/3D\20210420.csv，共处理 10934 行
2024-09-11 08:35:37,046:INFO:成功处理文件: D:/demo/py_AVI/3D\20210421.csv，共处理 12152 行
2024-09-11 08:35:37,139:INFO:成功处理文件: D:/demo/py_AVI/3D\20210422.csv，共处理 10632 行
2024-09-11 08:35:37,193:INFO:成功处理文件: D:/demo/py_AVI/3D\20210423.csv，共处理 2770 行
2024-09-11 08:35:37,231:INFO:成功处理文件: D:/demo/py_AVI/3D\20210424.csv，共处理 1032 行
2024-09-11 08:35:37,333:INFO:成功处理文件: D:/demo/py_AVI/3D\20210426.csv，共处理 9264 行
2024-09-11 08:35:37,474:INFO:成功处理文件: D:/demo/py_AVI/3D\20210427.csv，共处理 15694 行
2024-09-11 08:35:37,603:INFO:成功处理文件: D:/demo/py_AVI/3D\20210428.csv，共处理 16106 行
2024-09-11 08:35:37,705:INFO:成功处理文件: D:/demo/py_AVI/3D\20210429.csv，共处理 12612 行
2024-09-11 08:35:37,807:INFO:成功处理文件: D:/demo/py_AVI/3D\20210430.csv，共处理 11862 行
2024-09-11 08:35:37,896:INFO:成功处理文件: D:/demo/py_AVI/3D\20210504.csv，共处理 10466 行
2024-09-11 08:35:37,996:INFO:成功处理文件: D:/demo/py_AVI/3D\20210505.csv，共处理 11790 行
2024-09-11 08:35:38,099:INFO:成功处理文件: D:/demo/py_AVI/3D\20210506.csv，共处理 11280 行
2024-09-11 08:35:38,204:INFO:成功处理文件: D:/demo/py_AVI/3D\20210507.csv，共处理 11798 行
2024-09-11 08:35:38,331:INFO:成功处理文件: D:/demo/py_AVI/3D\20210508.csv，共处理 12762 行
2024-09-11 08:35:38,361:INFO:成功处理文件: D:/demo/py_AVI/3D\20210509.csv，共处理 430 行
2024-09-11 08:35:38,475:INFO:成功处理文件: D:/demo/py_AVI/3D\20210510.csv，共处理 13772 行
2024-09-11 08:35:38,579:INFO:成功处理文件: D:/demo/py_AVI/3D\20210511.csv，共处理 12742 行
2024-09-11 08:35:38,685:INFO:成功处理文件: D:/demo/py_AVI/3D\20210512.csv，共处理 12774 行
2024-09-11 08:35:38,798:INFO:成功处理文件: D:/demo/py_AVI/3D\20210513.csv，共处理 13502 行
2024-09-11 08:35:38,909:INFO:成功处理文件: D:/demo/py_AVI/3D\20210514.csv，共处理 13072 行
2024-09-11 08:35:39,034:INFO:成功处理文件: D:/demo/py_AVI/3D\20210515.csv，共处理 11758 行
2024-09-11 08:35:39,098:INFO:成功处理文件: D:/demo/py_AVI/3D\20210517.csv，共处理 5762 行
2024-09-11 08:35:39,157:INFO:成功处理文件: D:/demo/py_AVI/3D\20210518.csv，共处理 5290 行
2024-09-11 08:35:39,216:INFO:成功处理文件: D:/demo/py_AVI/3D\20210519.csv，共处理 4780 行
2024-09-11 08:35:39,278:INFO:成功处理文件: D:/demo/py_AVI/3D\20210520.csv，共处理 5672 行
2024-09-11 08:35:39,328:INFO:成功处理文件: D:/demo/py_AVI/3D\20210521.csv，共处理 3626 行
2024-09-11 08:35:39,359:INFO:成功处理文件: D:/demo/py_AVI/3D\20210522.csv，共处理 840 行
2024-09-11 08:35:39,455:INFO:成功处理文件: D:/demo/py_AVI/3D\20210524.csv，共处理 10322 行
2024-09-11 08:35:39,553:INFO:成功处理文件: D:/demo/py_AVI/3D\20210525.csv，共处理 11236 行
2024-09-11 08:35:39,636:INFO:成功处理文件: D:/demo/py_AVI/3D\20210526.csv，共处理 8012 行
2024-09-11 08:35:39,729:INFO:成功处理文件: D:/demo/py_AVI/3D\20210527.csv，共处理 8932 行
2024-09-11 08:35:39,837:INFO:成功处理文件: D:/demo/py_AVI/3D\20210528.csv，共处理 11494 行
2024-09-11 08:35:39,911:INFO:成功处理文件: D:/demo/py_AVI/3D\20210529.csv，共处理 7208 行
2024-09-11 08:35:40,013:INFO:成功处理文件: D:/demo/py_AVI/3D\20210531.csv，共处理 12168 行
2024-09-11 08:35:40,109:INFO:成功处理文件: D:/demo/py_AVI/3D\20210601.csv，共处理 10578 行
2024-09-11 08:35:40,201:INFO:成功处理文件: D:/demo/py_AVI/3D\20210602.csv，共处理 10380 行
2024-09-11 08:35:40,298:INFO:成功处理文件: D:/demo/py_AVI/3D\20210603.csv，共处理 11086 行
2024-09-11 08:35:40,404:INFO:成功处理文件: D:/demo/py_AVI/3D\20210604.csv，共处理 12634 行
2024-09-11 08:35:40,511:INFO:成功处理文件: D:/demo/py_AVI/3D\20210605.csv，共处理 12298 行
2024-09-11 08:35:40,604:INFO:成功处理文件: D:/demo/py_AVI/3D\20210607.csv，共处理 10302 行
2024-09-11 08:35:40,700:INFO:成功处理文件: D:/demo/py_AVI/3D\20210608.csv，共处理 10634 行
2024-09-11 08:35:40,807:INFO:成功处理文件: D:/demo/py_AVI/3D\20210609.csv，共处理 10162 行
2024-09-11 08:35:40,919:INFO:成功处理文件: D:/demo/py_AVI/3D\20210610.csv，共处理 11032 行
2024-09-11 08:35:41,022:INFO:成功处理文件: D:/demo/py_AVI/3D\20210611.csv，共处理 11992 行
2024-09-11 08:35:41,084:INFO:成功处理文件: D:/demo/py_AVI/3D\20210612.csv，共处理 4680 行
2024-09-11 08:35:41,172:INFO:成功处理文件: D:/demo/py_AVI/3D\20210615.csv，共处理 9406 行
2024-09-11 08:35:41,270:INFO:成功处理文件: D:/demo/py_AVI/3D\20210616.csv，共处理 9990 行
2024-09-11 08:35:41,367:INFO:成功处理文件: D:/demo/py_AVI/3D\20210617.csv，共处理 10836 行
2024-09-11 08:35:41,465:INFO:成功处理文件: D:/demo/py_AVI/3D\20210618.csv，共处理 10542 行
2024-09-11 08:35:41,559:INFO:成功处理文件: D:/demo/py_AVI/3D\20210619.csv，共处理 10148 行
2024-09-11 08:35:41,648:INFO:成功处理文件: D:/demo/py_AVI/3D\20210621.csv，共处理 9374 行
2024-09-11 08:35:41,741:INFO:成功处理文件: D:/demo/py_AVI/3D\20210622.csv，共处理 10042 行
2024-09-11 08:35:41,845:INFO:成功处理文件: D:/demo/py_AVI/3D\20210623.csv，共处理 11344 行
2024-09-11 08:35:41,936:INFO:成功处理文件: D:/demo/py_AVI/3D\20210624.csv，共处理 9718 行
2024-09-11 08:35:42,031:INFO:成功处理文件: D:/demo/py_AVI/3D\20210625.csv，共处理 10052 行
2024-09-11 08:35:42,121:INFO:成功处理文件: D:/demo/py_AVI/3D\20210626.csv，共处理 9830 行
2024-09-11 08:35:42,153:INFO:成功处理文件: D:/demo/py_AVI/3D\20210627.csv，共处理 86 行
2024-09-11 08:35:42,229:INFO:成功处理文件: D:/demo/py_AVI/3D\20210628.csv，共处理 7492 行
2024-09-11 08:35:42,301:INFO:成功处理文件: D:/demo/py_AVI/3D\20210629.csv，共处理 6962 行
2024-09-11 08:35:42,363:INFO:成功处理文件: D:/demo/py_AVI/3D\20210630.csv，共处理 5304 行
2024-09-11 08:35:42,437:INFO:成功处理文件: D:/demo/py_AVI/3D\20210701.csv，共处理 6800 行
2024-09-11 08:35:42,484:INFO:成功处理文件: D:/demo/py_AVI/3D\20210702.csv，共处理 3106 行
2024-09-11 08:35:42,532:INFO:成功处理文件: D:/demo/py_AVI/3D\20210705.csv，共处理 2904 行
2024-09-11 08:35:42,583:INFO:成功处理文件: D:/demo/py_AVI/3D\20210706.csv，共处理 2920 行
2024-09-11 08:35:42,634:INFO:成功处理文件: D:/demo/py_AVI/3D\20210707.csv，共处理 3108 行
2024-09-11 08:35:42,690:INFO:成功处理文件: D:/demo/py_AVI/3D\20210708.csv，共处理 2992 行
2024-09-11 08:35:42,737:INFO:成功处理文件: D:/demo/py_AVI/3D\20210712.csv，共处理 2562 行
2024-09-11 08:35:42,794:INFO:成功处理文件: D:/demo/py_AVI/3D\20210713.csv，共处理 3456 行
2024-09-11 08:35:42,848:INFO:成功处理文件: D:/demo/py_AVI/3D\20210714.csv，共处理 3426 行
2024-09-11 08:35:42,902:INFO:成功处理文件: D:/demo/py_AVI/3D\20210715.csv，共处理 4300 行
2024-09-11 08:35:42,959:INFO:成功处理文件: D:/demo/py_AVI/3D\20210716.csv，共处理 4318 行
2024-09-11 08:35:42,993:INFO:成功处理文件: D:/demo/py_AVI/3D\20210717.csv，共处理 512 行
2024-09-11 08:35:43,031:INFO:成功处理文件: D:/demo/py_AVI/3D\20210719.csv，共处理 1424 行
2024-09-11 08:35:43,079:INFO:成功处理文件: D:/demo/py_AVI/3D\20210720.csv，共处理 2558 行
2024-09-11 08:35:43,120:INFO:成功处理文件: D:/demo/py_AVI/3D\20210721.csv，共处理 2050 行
2024-09-11 08:35:43,158:INFO:成功处理文件: D:/demo/py_AVI/3D\20210722.csv，共处理 1376 行
2024-09-11 08:35:43,204:INFO:成功处理文件: D:/demo/py_AVI/3D\20210723.csv，共处理 1114 行
2024-09-11 08:35:43,246:INFO:成功处理文件: D:/demo/py_AVI/3D\20210724.csv，共处理 250 行
2024-09-11 08:35:43,278:INFO:成功处理文件: D:/demo/py_AVI/3D\20210726.csv，共处理 984 行
2024-09-11 08:35:43,315:INFO:成功处理文件: D:/demo/py_AVI/3D\20210727.csv，共处理 1092 行
2024-09-11 08:35:43,352:INFO:成功处理文件: D:/demo/py_AVI/3D\20210728.csv，共处理 1266 行
2024-09-11 08:35:43,387:INFO:成功处理文件: D:/demo/py_AVI/3D\20210731.csv，共处理 860 行
2024-09-11 08:35:43,461:INFO:成功处理文件: D:/demo/py_AVI/3D\20210802.csv，共处理 6966 行
2024-09-11 08:35:43,547:INFO:成功处理文件: D:/demo/py_AVI/3D\20210803.csv，共处理 9030 行
2024-09-11 08:35:43,635:INFO:成功处理文件: D:/demo/py_AVI/3D\20210804.csv，共处理 9546 行
2024-09-11 08:35:43,730:INFO:成功处理文件: D:/demo/py_AVI/3D\20210805.csv，共处理 10062 行
2024-09-11 08:35:43,823:INFO:成功处理文件: D:/demo/py_AVI/3D\20210806.csv，共处理 10086 行
2024-09-11 08:35:43,926:INFO:成功处理文件: D:/demo/py_AVI/3D\20210807.csv，共处理 11500 行
2024-09-11 08:35:44,042:INFO:成功处理文件: D:/demo/py_AVI/3D\20210808.csv，共处理 13330 行
2024-09-11 08:35:44,170:INFO:成功处理文件: D:/demo/py_AVI/3D\20210809.csv，共处理 14414 行
2024-09-11 08:35:44,304:INFO:成功处理文件: D:/demo/py_AVI/3D\20210810.csv，共处理 14928 行
2024-09-11 08:35:44,458:INFO:成功处理文件: D:/demo/py_AVI/3D\20210811.csv，共处理 16924 行
2024-09-11 08:35:44,613:INFO:成功处理文件: D:/demo/py_AVI/3D\20210812.csv，共处理 15736 行
2024-09-11 08:35:44,739:INFO:成功处理文件: D:/demo/py_AVI/3D\20210813.csv，共处理 15652 行
2024-09-11 08:35:44,878:INFO:成功处理文件: D:/demo/py_AVI/3D\20210814.csv，共处理 15934 行
2024-09-11 08:35:45,025:INFO:成功处理文件: D:/demo/py_AVI/3D\20210815.csv，共处理 17090 行
2024-09-11 08:35:45,162:INFO:成功处理文件: D:/demo/py_AVI/3D\20210816.csv，共处理 17144 行
2024-09-11 08:35:45,313:INFO:成功处理文件: D:/demo/py_AVI/3D\20210817.csv，共处理 19090 行
2024-09-11 08:35:45,466:INFO:成功处理文件: D:/demo/py_AVI/3D\20210818.csv，共处理 19534 行
2024-09-11 08:35:45,622:INFO:成功处理文件: D:/demo/py_AVI/3D\20210819.csv，共处理 19256 行
2024-09-11 08:35:45,783:INFO:成功处理文件: D:/demo/py_AVI/3D\20210820.csv，共处理 19068 行
2024-09-11 08:35:45,960:INFO:成功处理文件: D:/demo/py_AVI/3D\20210821.csv，共处理 20220 行
2024-09-11 08:35:46,121:INFO:成功处理文件: D:/demo/py_AVI/3D\20210823.csv，共处理 20186 行
2024-09-11 08:35:46,283:INFO:成功处理文件: D:/demo/py_AVI/3D\20210824.csv，共处理 19932 行
2024-09-11 08:35:46,446:INFO:成功处理文件: D:/demo/py_AVI/3D\20210825.csv，共处理 20208 行
2024-09-11 08:35:46,603:INFO:成功处理文件: D:/demo/py_AVI/3D\20210826.csv，共处理 18740 行
2024-09-11 08:35:46,766:INFO:成功处理文件: D:/demo/py_AVI/3D\20210827.csv，共处理 20380 行
2024-09-11 08:35:46,920:INFO:成功处理文件: D:/demo/py_AVI/3D\20210828.csv，共处理 19050 行
2024-09-11 08:35:47,081:INFO:成功处理文件: D:/demo/py_AVI/3D\20210830.csv，共处理 20468 行
2024-09-11 08:35:47,244:INFO:成功处理文件: D:/demo/py_AVI/3D\20210831.csv，共处理 20784 行
2024-09-11 08:35:47,405:INFO:成功处理文件: D:/demo/py_AVI/3D\20210901.csv，共处理 20984 行
2024-09-11 08:35:47,564:INFO:成功处理文件: D:/demo/py_AVI/3D\20210902.csv，共处理 20470 行
2024-09-11 08:35:47,735:INFO:成功处理文件: D:/demo/py_AVI/3D\20210903.csv，共处理 21672 行
2024-09-11 08:35:47,897:INFO:成功处理文件: D:/demo/py_AVI/3D\20210904.csv，共处理 19990 行
2024-09-11 08:35:47,932:INFO:成功处理文件: D:/demo/py_AVI/3D\20210905.csv，共处理 86 行
2024-09-11 08:35:48,061:INFO:成功处理文件: D:/demo/py_AVI/3D\20210906.csv，共处理 15392 行
2024-09-11 08:35:48,234:INFO:成功处理文件: D:/demo/py_AVI/3D\20210907.csv，共处理 21832 行
2024-09-11 08:35:48,408:INFO:成功处理文件: D:/demo/py_AVI/3D\20210908.csv，共处理 19262 行
2024-09-11 08:35:48,581:INFO:成功处理文件: D:/demo/py_AVI/3D\20210909.csv，共处理 21000 行
2024-09-11 08:35:48,746:INFO:成功处理文件: D:/demo/py_AVI/3D\20210910.csv，共处理 20730 行
2024-09-11 08:35:48,915:INFO:成功处理文件: D:/demo/py_AVI/3D\20210911.csv，共处理 21362 行
2024-09-11 08:35:48,955:INFO:成功处理文件: D:/demo/py_AVI/3D\20210912.csv，共处理 860 行
2024-09-11 08:35:49,128:INFO:成功处理文件: D:/demo/py_AVI/3D\20210913.csv，共处理 21414 行
2024-09-11 08:35:49,296:INFO:成功处理文件: D:/demo/py_AVI/3D\20210914.csv，共处理 21710 行
2024-09-11 08:35:49,392:INFO:成功处理文件: D:/demo/py_AVI/3D\20210915.csv，共处理 9718 行
2024-09-11 08:35:49,561:INFO:成功处理文件: D:/demo/py_AVI/3D\20210916.csv，共处理 21684 行
2024-09-11 08:35:49,742:INFO:成功处理文件: D:/demo/py_AVI/3D\20210917.csv，共处理 22212 行
2024-09-11 08:35:49,907:INFO:成功处理文件: D:/demo/py_AVI/3D\20210918.csv，共处理 20342 行
2024-09-11 08:35:49,943:INFO:成功处理文件: D:/demo/py_AVI/3D\20210919.csv，共处理 86 行
2024-09-11 08:35:50,094:INFO:成功处理文件: D:/demo/py_AVI/3D\20210920.csv，共处理 18266 行
2024-09-11 08:35:50,132:INFO:成功处理文件: D:/demo/py_AVI/3D\20210921.csv，共处理 820 行
2024-09-11 08:35:50,239:INFO:成功处理文件: D:/demo/py_AVI/3D\20210922.csv，共处理 11988 行
2024-09-11 08:35:50,377:INFO:成功处理文件: D:/demo/py_AVI/3D\20210923.csv，共处理 16758 行
2024-09-11 08:35:50,519:INFO:成功处理文件: D:/demo/py_AVI/3D\20210924.csv，共处理 17868 行
2024-09-11 08:35:50,661:INFO:成功处理文件: D:/demo/py_AVI/3D\20210925.csv，共处理 17470 行
2024-09-11 08:35:50,764:INFO:成功处理文件: D:/demo/py_AVI/3D\20210928.csv，共处理 10776 行
2024-09-11 08:35:50,873:INFO:成功处理文件: D:/demo/py_AVI/3D\20210929.csv，共处理 11168 行
2024-09-11 08:35:50,912:INFO:成功处理文件: D:/demo/py_AVI/3D\20210930.csv，共处理 410 行
2024-09-11 08:35:51,004:INFO:成功处理文件: D:/demo/py_AVI/3D\20211004.csv，共处理 8200 行
2024-09-11 08:35:51,101:INFO:成功处理文件: D:/demo/py_AVI/3D\20211005.csv，共处理 8612 行
2024-09-11 08:35:51,231:INFO:成功处理文件: D:/demo/py_AVI/3D\20211006.csv，共处理 14936 行
2024-09-11 08:35:51,352:INFO:成功处理文件: D:/demo/py_AVI/3D\20211007.csv，共处理 14246 行
2024-09-11 08:35:51,477:INFO:成功处理文件: D:/demo/py_AVI/3D\20211008.csv，共处理 14018 行
2024-09-11 08:35:51,538:INFO:成功处理文件: D:/demo/py_AVI/3D\20211009.csv，共处理 4636 行
2024-09-11 08:35:51,627:INFO:成功处理文件: D:/demo/py_AVI/3D\20211010.csv，共处理 8296 行
2024-09-11 08:35:51,803:INFO:成功处理文件: D:/demo/py_AVI/3D\20211011.csv，共处理 22134 行
2024-09-11 08:35:51,997:INFO:成功处理文件: D:/demo/py_AVI/3D\20211012.csv，共处理 21976 行
2024-09-11 08:35:52,145:INFO:成功处理文件: D:/demo/py_AVI/3D\20211013.csv，共处理 18070 行
2024-09-11 08:35:52,229:INFO:成功处理文件: D:/demo/py_AVI/3D\20211014.csv，共处理 7654 行
2024-09-11 08:35:52,374:INFO:成功处理文件: D:/demo/py_AVI/3D\20211015.csv，共处理 16112 行
2024-09-11 08:35:52,460:INFO:成功处理文件: D:/demo/py_AVI/3D\20211016.csv，共处理 8088 行
2024-09-11 08:35:52,595:INFO:成功处理文件: D:/demo/py_AVI/3D\20211018.csv，共处理 15506 行
2024-09-11 08:35:52,736:INFO:成功处理文件: D:/demo/py_AVI/3D\20211019.csv，共处理 16254 行
2024-09-11 08:35:52,865:INFO:成功处理文件: D:/demo/py_AVI/3D\20211020.csv，共处理 14870 行
2024-09-11 08:35:52,938:INFO:成功处理文件: D:/demo/py_AVI/3D\20211021.csv，共处理 5934 行
2024-09-11 08:35:53,085:INFO:成功处理文件: D:/demo/py_AVI/3D\20211022.csv，共处理 17544 行
2024-09-11 08:35:53,181:INFO:成功处理文件: D:/demo/py_AVI/3D\20211023.csv，共处理 8686 行
2024-09-11 08:35:53,332:INFO:成功处理文件: D:/demo/py_AVI/3D\20211025.csv，共处理 16512 行
2024-09-11 08:35:53,471:INFO:成功处理文件: D:/demo/py_AVI/3D\20211026.csv，共处理 16016 行
2024-09-11 08:35:53,630:INFO:成功处理文件: D:/demo/py_AVI/3D\20211027.csv，共处理 17000 行
2024-09-11 08:35:53,765:INFO:成功处理文件: D:/demo/py_AVI/3D\20211028.csv，共处理 13440 行
2024-09-11 08:35:53,904:INFO:成功处理文件: D:/demo/py_AVI/3D\20211029.csv，共处理 15996 行
2024-09-11 08:35:54,006:INFO:成功处理文件: D:/demo/py_AVI/3D\20211030.csv，共处理 9460 行
2024-09-11 08:35:54,150:INFO:成功处理文件: D:/demo/py_AVI/3D\20211101.csv，共处理 16392 行
2024-09-11 08:35:54,288:INFO:成功处理文件: D:/demo/py_AVI/3D\20211102.csv，共处理 16090 行
2024-09-11 08:35:54,435:INFO:成功处理文件: D:/demo/py_AVI/3D\20211103.csv，共处理 16770 行
2024-09-11 08:35:54,565:INFO:成功处理文件: D:/demo/py_AVI/3D\20211104.csv，共处理 15206 行
2024-09-11 08:35:54,688:INFO:成功处理文件: D:/demo/py_AVI/3D\20211105.csv，共处理 14186 行
2024-09-11 08:35:54,739:INFO:成功处理文件: D:/demo/py_AVI/3D\20211108.csv，共处理 2396 行
2024-09-11 08:35:54,831:INFO:成功处理文件: D:/demo/py_AVI/3D\20211109.csv，共处理 9280 行
2024-09-11 08:35:54,926:INFO:成功处理文件: D:/demo/py_AVI/3D\20211110.csv，共处理 9284 行
2024-09-11 08:35:55,001:INFO:成功处理文件: D:/demo/py_AVI/3D\20211111.csv，共处理 6202 行
2024-09-11 08:35:55,053:INFO:成功处理文件: D:/demo/py_AVI/3D\20211112.csv，共处理 2080 行
2024-09-11 08:35:55,091:INFO:成功处理文件: D:/demo/py_AVI/3D\20211113.csv，共处理 172 行
2024-09-11 08:35:55,197:INFO:成功处理文件: D:/demo/py_AVI/3D\20211115.csv，共处理 10578 行
2024-09-11 08:35:55,313:INFO:成功处理文件: D:/demo/py_AVI/3D\20211116.csv，共处理 11546 行
2024-09-11 08:35:55,432:INFO:成功处理文件: D:/demo/py_AVI/3D\20211117.csv，共处理 11770 行
2024-09-11 08:35:55,548:INFO:成功处理文件: D:/demo/py_AVI/3D\20211118.csv，共处理 12114 行
2024-09-11 08:35:55,656:INFO:成功处理文件: D:/demo/py_AVI/3D\20211119.csv，共处理 11266 行
2024-09-11 08:35:55,706:INFO:成功处理文件: D:/demo/py_AVI/3D\20211120.csv，共处理 1854 行
2024-09-11 08:35:55,772:INFO:成功处理文件: D:/demo/py_AVI/3D\20211122.csv，共处理 4858 行
2024-09-11 08:35:55,854:INFO:成功处理文件: D:/demo/py_AVI/3D\20211123.csv，共处理 6348 行
2024-09-11 08:35:55,955:INFO:成功处理文件: D:/demo/py_AVI/3D\20211124.csv，共处理 9632 行
2024-09-11 08:35:56,051:INFO:成功处理文件: D:/demo/py_AVI/3D\20211125.csv，共处理 8958 行
2024-09-11 08:35:56,130:INFO:成功处理文件: D:/demo/py_AVI/3D\20211126.csv，共处理 7176 行
2024-09-11 08:35:56,197:INFO:成功处理文件: D:/demo/py_AVI/3D\20211127.csv，共处理 4598 行
2024-09-11 08:35:56,247:INFO:成功处理文件: D:/demo/py_AVI/3D\20211129.csv，共处理 2126 行
2024-09-11 08:35:56,317:INFO:成功处理文件: D:/demo/py_AVI/3D\20211130.csv，共处理 5848 行
2024-09-11 08:35:56,387:INFO:成功处理文件: D:/demo/py_AVI/3D\20211201.csv，共处理 5590 行
2024-09-11 08:35:56,453:INFO:成功处理文件: D:/demo/py_AVI/3D\20211202.csv，共处理 4902 行
2024-09-11 08:35:56,545:INFO:成功处理文件: D:/demo/py_AVI/3D\20211203.csv，共处理 5414 行
2024-09-11 08:35:56,650:INFO:成功处理文件: D:/demo/py_AVI/3D\20211204.csv，共处理 10994 行
2024-09-11 08:35:56,751:INFO:成功处理文件: D:/demo/py_AVI/3D\20211205.csv，共处理 9690 行
2024-09-11 08:35:56,846:INFO:成功处理文件: D:/demo/py_AVI/3D\20211206.csv，共处理 9716 行
2024-09-11 08:35:56,955:INFO:成功处理文件: D:/demo/py_AVI/3D\20211207.csv，共处理 10606 行
2024-09-11 08:35:57,059:INFO:成功处理文件: D:/demo/py_AVI/3D\20211208.csv，共处理 10294 行
2024-09-11 08:35:57,156:INFO:成功处理文件: D:/demo/py_AVI/3D\20211209.csv，共处理 9154 行
2024-09-11 08:35:57,274:INFO:成功处理文件: D:/demo/py_AVI/3D\20211210.csv，共处理 11652 行
2024-09-11 08:35:57,387:INFO:成功处理文件: D:/demo/py_AVI/3D\20211211.csv，共处理 11520 行
2024-09-11 08:35:57,476:INFO:成功处理文件: D:/demo/py_AVI/3D\20211213.csv，共处理 7740 行
2024-09-11 08:35:57,564:INFO:成功处理文件: D:/demo/py_AVI/3D\20211214.csv，共处理 7370 行
2024-09-11 08:35:57,648:INFO:成功处理文件: D:/demo/py_AVI/3D\20211215.csv，共处理 6686 行
2024-09-11 08:35:57,754:INFO:成功处理文件: D:/demo/py_AVI/3D\20211216.csv，共处理 9796 行
2024-09-11 08:35:57,863:INFO:成功处理文件: D:/demo/py_AVI/3D\20211217.csv，共处理 10148 行
2024-09-11 08:35:57,979:INFO:成功处理文件: D:/demo/py_AVI/3D\20211218.csv，共处理 11964 行
2024-09-11 08:35:58,088:INFO:成功处理文件: D:/demo/py_AVI/3D\20211220.csv，共处理 11094 行
2024-09-11 08:35:58,199:INFO:成功处理文件: D:/demo/py_AVI/3D\20211221.csv，共处理 11950 行
2024-09-11 08:35:58,311:INFO:成功处理文件: D:/demo/py_AVI/3D\20211222.csv，共处理 12018 行
2024-09-11 08:35:58,413:INFO:成功处理文件: D:/demo/py_AVI/3D\20211223.csv，共处理 10334 行
2024-09-11 08:35:58,512:INFO:成功处理文件: D:/demo/py_AVI/3D\20211224.csv，共处理 10160 行
2024-09-11 08:35:58,566:INFO:成功处理文件: D:/demo/py_AVI/3D\20211225.csv，共处理 2728 行
2024-09-11 08:35:58,667:INFO:成功处理文件: D:/demo/py_AVI/3D\20211226.csv，共处理 10308 行
2024-09-11 08:35:58,779:INFO:成功处理文件: D:/demo/py_AVI/3D\20211227.csv，共处理 11524 行
2024-09-11 08:35:58,898:INFO:成功处理文件: D:/demo/py_AVI/3D\20211228.csv，共处理 12208 行
2024-09-11 08:35:59,018:INFO:成功处理文件: D:/demo/py_AVI/3D\20211229.csv，共处理 12294 行
2024-09-11 08:35:59,156:INFO:成功处理文件: D:/demo/py_AVI/3D\20211230.csv，共处理 11954 行
2024-09-11 08:35:59,267:INFO:成功处理文件: D:/demo/py_AVI/3D\20211231.csv，共处理 10492 行
2024-09-11 08:35:59,308:INFO:成功处理文件: D:/demo/py_AVI/3D\20220103.csv，共处理 86 行
2024-09-11 08:35:59,438:INFO:成功处理文件: D:/demo/py_AVI/3D\20220104.csv，共处理 15046 行
2024-09-11 08:35:59,573:INFO:成功处理文件: D:/demo/py_AVI/3D\20220105.csv，共处理 15222 行
2024-09-11 08:35:59,714:INFO:成功处理文件: D:/demo/py_AVI/3D\20220106.csv，共处理 15566 行
2024-09-11 08:35:59,867:INFO:成功处理文件: D:/demo/py_AVI/3D\20220107.csv，共处理 14938 行
2024-09-11 08:35:59,998:INFO:成功处理文件: D:/demo/py_AVI/3D\20220110.csv，共处理 13920 行
2024-09-11 08:36:00,137:INFO:成功处理文件: D:/demo/py_AVI/3D\20220111.csv，共处理 13792 行
2024-09-11 08:36:00,270:INFO:成功处理文件: D:/demo/py_AVI/3D\20220112.csv，共处理 12644 行
2024-09-11 08:36:00,424:INFO:成功处理文件: D:/demo/py_AVI/3D\20220113.csv，共处理 13396 行
2024-09-11 08:36:00,553:INFO:成功处理文件: D:/demo/py_AVI/3D\20220114.csv，共处理 12772 行
2024-09-11 08:36:00,682:INFO:成功处理文件: D:/demo/py_AVI/3D\20220115.csv，共处理 12728 行
2024-09-11 08:36:00,819:INFO:成功处理文件: D:/demo/py_AVI/3D\20220117.csv，共处理 12814 行
2024-09-11 08:36:00,907:INFO:成功处理文件: D:/demo/py_AVI/3D\20220118.csv，共处理 6348 行
2024-09-11 08:36:01,001:INFO:成功处理文件: D:/demo/py_AVI/3D\20220119.csv，共处理 6094 行
2024-09-11 08:36:01,090:INFO:成功处理文件: D:/demo/py_AVI/3D\20220120.csv，共处理 6738 行
2024-09-11 08:36:01,180:INFO:成功处理文件: D:/demo/py_AVI/3D\20220121.csv，共处理 6392 行
2024-09-11 08:36:01,282:INFO:成功处理文件: D:/demo/py_AVI/3D\20220122.csv，共处理 8122 行
2024-09-11 08:36:01,385:INFO:成功处理文件: D:/demo/py_AVI/3D\20220124.csv，共处理 7214 行
2024-09-11 08:36:01,487:INFO:成功处理文件: D:/demo/py_AVI/3D\20220125.csv，共处理 7260 行
2024-09-11 08:36:01,586:INFO:成功处理文件: D:/demo/py_AVI/3D\20220126.csv，共处理 8162 行
2024-09-11 08:36:01,681:INFO:成功处理文件: D:/demo/py_AVI/3D\20220127.csv，共处理 7826 行
2024-09-11 08:36:01,757:INFO:成功处理文件: D:/demo/py_AVI/3D\20220128.csv，共处理 3268 行
2024-09-11 08:36:01,904:INFO:成功处理文件: D:/demo/py_AVI/3D\20220207.csv，共处理 13682 行
2024-09-11 08:36:02,071:INFO:成功处理文件: D:/demo/py_AVI/3D\20220208.csv，共处理 14520 行
2024-09-11 08:36:02,229:INFO:成功处理文件: D:/demo/py_AVI/3D\20220209.csv，共处理 17156 行
2024-09-11 08:36:02,383:INFO:成功处理文件: D:/demo/py_AVI/3D\20220210.csv，共处理 16934 行
2024-09-11 08:36:02,530:INFO:成功处理文件: D:/demo/py_AVI/3D\20220211.csv，共处理 16796 行
2024-09-11 08:36:02,713:INFO:成功处理文件: D:/demo/py_AVI/3D\20220212.csv，共处理 20852 行
2024-09-11 08:36:02,757:INFO:成功处理文件: D:/demo/py_AVI/3D\20220213.csv，共处理 516 行
2024-09-11 08:36:02,934:INFO:成功处理文件: D:/demo/py_AVI/3D\20220214.csv，共处理 20922 行
2024-09-11 08:36:03,098:INFO:成功处理文件: D:/demo/py_AVI/3D\20220215.csv，共处理 17878 行
2024-09-11 08:36:03,269:INFO:成功处理文件: D:/demo/py_AVI/3D\20220216.csv，共处理 20628 行
2024-09-11 08:36:03,466:INFO:成功处理文件: D:/demo/py_AVI/3D\20220217.csv，共处理 20464 行
2024-09-11 08:36:03,647:INFO:成功处理文件: D:/demo/py_AVI/3D\20220218.csv，共处理 21800 行
2024-09-11 08:36:03,828:INFO:成功处理文件: D:/demo/py_AVI/3D\20220219.csv，共处理 21748 行
2024-09-11 08:36:03,948:INFO:成功处理文件: D:/demo/py_AVI/3D\20220221.csv，共处理 12556 行
2024-09-11 08:36:04,071:INFO:成功处理文件: D:/demo/py_AVI/3D\20220222.csv，共处理 12540 行
2024-09-11 08:36:04,173:INFO:成功处理文件: D:/demo/py_AVI/3D\20220223.csv，共处理 9478 行
2024-09-11 08:36:04,295:INFO:成功处理文件: D:/demo/py_AVI/3D\20220224.csv，共处理 12728 行
2024-09-11 08:36:04,420:INFO:成功处理文件: D:/demo/py_AVI/3D\20220225.csv，共处理 12470 行
2024-09-11 08:36:04,553:INFO:成功处理文件: D:/demo/py_AVI/3D\20220226.csv，共处理 13674 行
2024-09-11 08:36:04,714:INFO:成功处理文件: D:/demo/py_AVI/3D\20220228.csv，共处理 14366 行
2024-09-11 08:36:04,865:INFO:成功处理文件: D:/demo/py_AVI/3D\20220301.csv，共处理 17398 行
2024-09-11 08:36:05,033:INFO:成功处理文件: D:/demo/py_AVI/3D\20220302.csv，共处理 18500 行
2024-09-11 08:36:05,193:INFO:成功处理文件: D:/demo/py_AVI/3D\20220303.csv，共处理 18246 行
2024-09-11 08:36:05,370:INFO:成功处理文件: D:/demo/py_AVI/3D\20220304.csv，共处理 20098 行
2024-09-11 08:36:05,503:INFO:成功处理文件: D:/demo/py_AVI/3D\20220305.csv，共处理 14342 行
2024-09-11 08:36:05,546:INFO:成功处理文件: D:/demo/py_AVI/3D\20220306.csv，共处理 82 行
2024-09-11 08:36:05,722:INFO:成功处理文件: D:/demo/py_AVI/3D\20220307.csv，共处理 20888 行
2024-09-11 08:36:05,899:INFO:成功处理文件: D:/demo/py_AVI/3D\20220308.csv，共处理 20384 行
2024-09-11 08:36:06,060:INFO:成功处理文件: D:/demo/py_AVI/3D\20220309.csv，共处理 18012 行
2024-09-11 08:36:06,232:INFO:成功处理文件: D:/demo/py_AVI/3D\20220310.csv，共处理 20640 行
2024-09-11 08:36:06,390:INFO:成功处理文件: D:/demo/py_AVI/3D\20220311.csv，共处理 18052 行
2024-09-11 08:36:06,513:INFO:成功处理文件: D:/demo/py_AVI/3D\20220312.csv，共处理 12126 行
2024-09-11 08:36:06,622:INFO:成功处理文件: D:/demo/py_AVI/3D\20220314.csv，共处理 10992 行
2024-09-11 08:36:06,699:INFO:成功处理文件: D:/demo/py_AVI/3D\20220315.csv，共处理 5874 行
2024-09-11 08:36:06,796:INFO:成功处理文件: D:/demo/py_AVI/3D\20220316.csv，共处理 8600 行
2024-09-11 08:36:06,910:INFO:成功处理文件: D:/demo/py_AVI/3D\20220317.csv，共处理 11094 行
2024-09-11 08:36:07,023:INFO:成功处理文件: D:/demo/py_AVI/3D\20220318.csv，共处理 11696 行
2024-09-11 08:36:07,107:INFO:成功处理文件: D:/demo/py_AVI/3D\20220319.csv，共处理 6536 行
2024-09-11 08:36:07,289:INFO:成功处理文件: D:/demo/py_AVI/3D\20220321.csv，共处理 20382 行
2024-09-11 08:36:07,441:INFO:成功处理文件: D:/demo/py_AVI/3D\20220322.csv，共处理 17114 行
2024-09-11 08:36:07,617:INFO:成功处理文件: D:/demo/py_AVI/3D\20220323.csv，共处理 18724 行
2024-09-11 08:36:07,772:INFO:成功处理文件: D:/demo/py_AVI/3D\20220324.csv，共处理 18482 行
2024-09-11 08:36:07,938:INFO:成功处理文件: D:/demo/py_AVI/3D\20220325.csv，共处理 19006 行
2024-09-11 08:36:08,090:INFO:成功处理文件: D:/demo/py_AVI/3D\20220326.csv，共处理 17232 行
2024-09-11 08:36:08,247:INFO:成功处理文件: D:/demo/py_AVI/3D\20220327.csv，共处理 17614 行
2024-09-11 08:36:08,392:INFO:成功处理文件: D:/demo/py_AVI/3D\20220328.csv，共处理 15266 行
2024-09-11 08:36:08,540:INFO:成功处理文件: D:/demo/py_AVI/3D\20220329.csv，共处理 16662 行
2024-09-11 08:36:08,690:INFO:成功处理文件: D:/demo/py_AVI/3D\20220330.csv，共处理 16348 行
2024-09-11 08:36:08,841:INFO:成功处理文件: D:/demo/py_AVI/3D\20220331.csv，共处理 16934 行
2024-09-11 08:36:08,901:INFO:成功处理文件: D:/demo/py_AVI/3D\20220401.csv，共处理 2626 行
2024-09-11 08:36:08,975:INFO:成功处理文件: D:/demo/py_AVI/3D\20220428.csv，共处理 4416 行
2024-09-11 08:36:09,050:INFO:成功处理文件: D:/demo/py_AVI/3D\20220429.csv，共处理 4608 行
2024-09-11 08:36:09,125:INFO:成功处理文件: D:/demo/py_AVI/3D\20220503.csv，共处理 4764 行
2024-09-11 08:36:09,217:INFO:成功处理文件: D:/demo/py_AVI/3D\20220504.csv，共处理 7074 行
2024-09-11 08:36:09,306:INFO:成功处理文件: D:/demo/py_AVI/3D\20220505.csv，共处理 6806 行
2024-09-11 08:36:09,398:INFO:成功处理文件: D:/demo/py_AVI/3D\20220506.csv，共处理 6740 行
2024-09-11 08:36:09,447:INFO:成功处理文件: D:/demo/py_AVI/3D\20220508.csv，共处理 86 行
2024-09-11 08:36:09,584:INFO:成功处理文件: D:/demo/py_AVI/3D\20220509.csv，共处理 14190 行
2024-09-11 08:36:09,729:INFO:成功处理文件: D:/demo/py_AVI/3D\20220510.csv，共处理 15672 行
2024-09-11 08:36:09,870:INFO:成功处理文件: D:/demo/py_AVI/3D\20220511.csv，共处理 14878 行
2024-09-11 08:36:10,013:INFO:成功处理文件: D:/demo/py_AVI/3D\20220512.csv，共处理 15546 行
2024-09-11 08:36:10,179:INFO:成功处理文件: D:/demo/py_AVI/3D\20220513.csv，共处理 15566 行
2024-09-11 08:36:10,323:INFO:成功处理文件: D:/demo/py_AVI/3D\20220514.csv，共处理 15214 行
2024-09-11 08:36:10,368:INFO:成功处理文件: D:/demo/py_AVI/3D\20220515.csv，共处理 86 行
2024-09-11 08:36:10,504:INFO:成功处理文件: D:/demo/py_AVI/3D\20220516.csv，共处理 14964 行
2024-09-11 08:36:10,653:INFO:成功处理文件: D:/demo/py_AVI/3D\20220517.csv，共处理 16250 行
2024-09-11 08:36:10,795:INFO:成功处理文件: D:/demo/py_AVI/3D\20220518.csv，共处理 15294 行
2024-09-11 08:36:10,936:INFO:成功处理文件: D:/demo/py_AVI/3D\20220519.csv，共处理 14768 行
2024-09-11 08:36:11,090:INFO:成功处理文件: D:/demo/py_AVI/3D\20220520.csv，共处理 15784 行
2024-09-11 08:36:11,240:INFO:成功处理文件: D:/demo/py_AVI/3D\20220521.csv，共处理 14180 行
2024-09-11 08:36:11,293:INFO:成功处理文件: D:/demo/py_AVI/3D\20220522.csv，共处理 86 行
2024-09-11 08:36:11,414:INFO:成功处理文件: D:/demo/py_AVI/3D\20220523.csv，共处理 11402 行
2024-09-11 08:36:11,537:INFO:成功处理文件: D:/demo/py_AVI/3D\20220524.csv，共处理 9890 行
2024-09-11 08:36:11,651:INFO:成功处理文件: D:/demo/py_AVI/3D\20220525.csv，共处理 9878 行
2024-09-11 08:36:11,761:INFO:成功处理文件: D:/demo/py_AVI/3D\20220526.csv，共处理 9374 行
2024-09-11 08:36:11,855:INFO:成功处理文件: D:/demo/py_AVI/3D\20220527.csv，共处理 7568 行
2024-09-11 08:36:11,949:INFO:成功处理文件: D:/demo/py_AVI/3D\20220528.csv，共处理 5652 行
2024-09-11 08:36:12,015:INFO:成功处理文件: D:/demo/py_AVI/3D\20220529.csv，共处理 258 行
2024-09-11 08:36:12,134:INFO:成功处理文件: D:/demo/py_AVI/3D\20220530.csv，共处理 7978 行
2024-09-11 08:36:12,235:INFO:成功处理文件: D:/demo/py_AVI/3D\20220531.csv，共处理 7048 行
2024-09-11 08:36:12,339:INFO:成功处理文件: D:/demo/py_AVI/3D\20220601.csv，共处理 7618 行
2024-09-11 08:36:12,460:INFO:成功处理文件: D:/demo/py_AVI/3D\20220602.csv，共处理 9632 行
2024-09-11 08:36:12,580:INFO:成功处理文件: D:/demo/py_AVI/3D\20220604.csv，共处理 10492 行
2024-09-11 08:36:12,632:INFO:成功处理文件: D:/demo/py_AVI/3D\20220605.csv，共处理 172 行
2024-09-11 08:36:12,746:INFO:成功处理文件: D:/demo/py_AVI/3D\20220606.csv，共处理 10320 行
2024-09-11 08:36:12,887:INFO:成功处理文件: D:/demo/py_AVI/3D\20220607.csv，共处理 14436 行
2024-09-11 08:36:13,034:INFO:成功处理文件: D:/demo/py_AVI/3D\20220608.csv，共处理 15264 行
2024-09-11 08:36:13,181:INFO:成功处理文件: D:/demo/py_AVI/3D\20220609.csv，共处理 13572 行
2024-09-11 08:36:13,337:INFO:成功处理文件: D:/demo/py_AVI/3D\20220610.csv，共处理 16598 行
2024-09-11 08:36:13,463:INFO:成功处理文件: D:/demo/py_AVI/3D\20220611.csv，共处理 10922 行
2024-09-11 08:36:13,602:INFO:成功处理文件: D:/demo/py_AVI/3D\20220612.csv，共处理 13932 行
2024-09-11 08:36:13,749:INFO:成功处理文件: D:/demo/py_AVI/3D\20220613.csv，共处理 14534 行
2024-09-11 08:36:13,896:INFO:成功处理文件: D:/demo/py_AVI/3D\20220614.csv，共处理 15524 行
2024-09-11 08:36:14,094:INFO:成功处理文件: D:/demo/py_AVI/3D\20220615.csv，共处理 16404 行
2024-09-11 08:36:14,241:INFO:成功处理文件: D:/demo/py_AVI/3D\20220616.csv，共处理 14596 行
2024-09-11 08:36:14,397:INFO:成功处理文件: D:/demo/py_AVI/3D\20220617.csv，共处理 15050 行
2024-09-11 08:36:14,538:INFO:成功处理文件: D:/demo/py_AVI/3D\20220618.csv，共处理 12900 行
2024-09-11 08:36:14,675:INFO:成功处理文件: D:/demo/py_AVI/3D\20220620.csv，共处理 13244 行
2024-09-11 08:36:14,818:INFO:成功处理文件: D:/demo/py_AVI/3D\20220621.csv，共处理 14042 行
2024-09-11 08:36:14,965:INFO:成功处理文件: D:/demo/py_AVI/3D\20220622.csv，共处理 13588 行
2024-09-11 08:36:15,099:INFO:成功处理文件: D:/demo/py_AVI/3D\20220623.csv，共处理 12996 行
2024-09-11 08:36:15,249:INFO:成功处理文件: D:/demo/py_AVI/3D\20220624.csv，共处理 15824 行
2024-09-11 08:36:15,390:INFO:成功处理文件: D:/demo/py_AVI/3D\20220625.csv，共处理 14362 行
2024-09-11 08:36:15,541:INFO:成功处理文件: D:/demo/py_AVI/3D\20220626.csv，共处理 14148 行
2024-09-11 08:36:15,691:INFO:成功处理文件: D:/demo/py_AVI/3D\20220627.csv，共处理 15666 行
2024-09-11 08:36:15,841:INFO:成功处理文件: D:/demo/py_AVI/3D\20220628.csv，共处理 16076 行
2024-09-11 08:36:16,005:INFO:成功处理文件: D:/demo/py_AVI/3D\20220629.csv，共处理 15222 行
2024-09-11 08:36:16,154:INFO:成功处理文件: D:/demo/py_AVI/3D\20220630.csv，共处理 15136 行
2024-09-11 08:36:16,253:INFO:成功处理文件: D:/demo/py_AVI/3D\20220701.csv，共处理 7396 行
2024-09-11 08:36:16,380:INFO:成功处理文件: D:/demo/py_AVI/3D\20220704.csv，共处理 10648 行
2024-09-11 08:36:16,512:INFO:成功处理文件: D:/demo/py_AVI/3D\20220705.csv，共处理 11094 行
2024-09-11 08:36:16,644:INFO:成功处理文件: D:/demo/py_AVI/3D\20220706.csv，共处理 13674 行
2024-09-11 08:36:16,775:INFO:成功处理文件: D:/demo/py_AVI/3D\20220707.csv，共处理 13584 行
2024-09-11 08:36:16,909:INFO:成功处理文件: D:/demo/py_AVI/3D\20220708.csv，共处理 13190 行
2024-09-11 08:36:16,991:INFO:成功处理文件: D:/demo/py_AVI/3D\20220709.csv，共处理 5034 行
2024-09-11 08:36:17,087:INFO:成功处理文件: D:/demo/py_AVI/3D\20220711.csv，共处理 7220 行
2024-09-11 08:36:17,192:INFO:成功处理文件: D:/demo/py_AVI/3D\20220712.csv，共处理 8902 行
2024-09-11 08:36:17,298:INFO:成功处理文件: D:/demo/py_AVI/3D\20220713.csv，共处理 8706 行
2024-09-11 08:36:17,435:INFO:成功处理文件: D:/demo/py_AVI/3D\20220714.csv，共处理 13928 行
2024-09-11 08:36:17,567:INFO:成功处理文件: D:/demo/py_AVI/3D\20220715.csv，共处理 13898 行
2024-09-11 08:36:17,699:INFO:成功处理文件: D:/demo/py_AVI/3D\20220716.csv，共处理 13094 行
2024-09-11 08:36:17,749:INFO:成功处理文件: D:/demo/py_AVI/3D\20220717.csv，共处理 86 行
2024-09-11 08:36:17,884:INFO:成功处理文件: D:/demo/py_AVI/3D\20220718.csv，共处理 13184 行
2024-09-11 08:36:18,011:INFO:成功处理文件: D:/demo/py_AVI/3D\20220719.csv，共处理 12034 行
2024-09-11 08:36:18,148:INFO:成功处理文件: D:/demo/py_AVI/3D\20220720.csv，共处理 13294 行
2024-09-11 08:36:18,289:INFO:成功处理文件: D:/demo/py_AVI/3D\20220721.csv，共处理 12316 行
2024-09-11 08:36:18,433:INFO:成功处理文件: D:/demo/py_AVI/3D\20220722.csv，共处理 12728 行
2024-09-11 08:36:18,570:INFO:成功处理文件: D:/demo/py_AVI/3D\20220723.csv，共处理 13674 行
2024-09-11 08:36:18,626:INFO:成功处理文件: D:/demo/py_AVI/3D\20220724.csv，共处理 86 行
2024-09-11 08:36:18,760:INFO:成功处理文件: D:/demo/py_AVI/3D\20220725.csv，共处理 13896 行
2024-09-11 08:36:18,935:INFO:成功处理文件: D:/demo/py_AVI/3D\20220726.csv，共处理 15010 行
2024-09-11 08:36:19,083:INFO:成功处理文件: D:/demo/py_AVI/3D\20220727.csv，共处理 14650 行
2024-09-11 08:36:19,168:INFO:成功处理文件: D:/demo/py_AVI/3D\20220728.csv，共处理 4300 行
2024-09-11 08:36:19,304:INFO:成功处理文件: D:/demo/py_AVI/3D\20220801.csv，共处理 8710 行
2024-09-11 08:36:19,460:INFO:成功处理文件: D:/demo/py_AVI/3D\20220802.csv，共处理 12642 行
2024-09-11 08:36:19,594:INFO:成功处理文件: D:/demo/py_AVI/3D\20220803.csv，共处理 12384 行
2024-09-11 08:36:19,722:INFO:成功处理文件: D:/demo/py_AVI/3D\20220804.csv，共处理 12114 行
2024-09-11 08:36:19,849:INFO:成功处理文件: D:/demo/py_AVI/3D\20220805.csv，共处理 9412 行
2024-09-11 08:36:19,948:INFO:成功处理文件: D:/demo/py_AVI/3D\20220806.csv，共处理 5306 行
2024-09-11 08:36:20,076:INFO:成功处理文件: D:/demo/py_AVI/3D\20220808.csv，共处理 10922 行
2024-09-11 08:36:20,231:INFO:成功处理文件: D:/demo/py_AVI/3D\20220809.csv，共处理 11266 行
2024-09-11 08:36:20,364:INFO:成功处理文件: D:/demo/py_AVI/3D\20220810.csv，共处理 10914 行
2024-09-11 08:36:20,462:INFO:成功处理文件: D:/demo/py_AVI/3D\20220811.csv，共处理 7564 行
2024-09-11 08:36:20,609:INFO:成功处理文件: D:/demo/py_AVI/3D\20220812.csv，共处理 15050 行
2024-09-11 08:36:20,765:INFO:成功处理文件: D:/demo/py_AVI/3D\20220813.csv，共处理 15910 行
2024-09-11 08:36:20,934:INFO:成功处理文件: D:/demo/py_AVI/3D\20220814.csv，共处理 16112 行
2024-09-11 08:36:21,085:INFO:成功处理文件: D:/demo/py_AVI/3D\20220815.csv，共处理 15456 行
2024-09-11 08:36:21,245:INFO:成功处理文件: D:/demo/py_AVI/3D\20220816.csv，共处理 15466 行
2024-09-11 08:36:21,399:INFO:成功处理文件: D:/demo/py_AVI/3D\20220817.csv，共处理 15344 行
2024-09-11 08:36:21,554:INFO:成功处理文件: D:/demo/py_AVI/3D\20220818.csv，共处理 15476 行
2024-09-11 08:36:21,701:INFO:成功处理文件: D:/demo/py_AVI/3D\20220819.csv，共处理 14104 行
2024-09-11 08:36:21,865:INFO:成功处理文件: D:/demo/py_AVI/3D\20220820.csv，共处理 15056 行
2024-09-11 08:36:22,066:INFO:成功处理文件: D:/demo/py_AVI/3D\20220822.csv，共处理 18134 行
2024-09-11 08:36:22,229:INFO:成功处理文件: D:/demo/py_AVI/3D\20220823.csv，共处理 17144 行
2024-09-11 08:36:22,411:INFO:成功处理文件: D:/demo/py_AVI/3D\20220824.csv，共处理 19118 行
2024-09-11 08:36:22,614:INFO:成功处理文件: D:/demo/py_AVI/3D\20220825.csv，共处理 21136 行
2024-09-11 08:36:22,797:INFO:成功处理文件: D:/demo/py_AVI/3D\20220826.csv，共处理 20872 行
2024-09-11 08:36:23,014:INFO:成功处理文件: D:/demo/py_AVI/3D\20220827.csv，共处理 21266 行
2024-09-11 08:36:23,077:INFO:成功处理文件: D:/demo/py_AVI/3D\20220828.csv，共处理 1376 行
2024-09-11 08:36:23,261:INFO:成功处理文件: D:/demo/py_AVI/3D\20220829.csv，共处理 16508 行
2024-09-11 08:36:23,436:INFO:成功处理文件: D:/demo/py_AVI/3D\20220830.csv，共处理 17312 行
2024-09-11 08:36:23,618:INFO:成功处理文件: D:/demo/py_AVI/3D\20220831.csv，共处理 18892 行
2024-09-11 08:36:23,799:INFO:成功处理文件: D:/demo/py_AVI/3D\20220901.csv，共处理 19912 行
2024-09-11 08:36:23,993:INFO:成功处理文件: D:/demo/py_AVI/3D\20220902.csv，共处理 19054 行
2024-09-11 08:36:24,174:INFO:成功处理文件: D:/demo/py_AVI/3D\20220903.csv，共处理 20248 行
2024-09-11 08:36:24,379:INFO:成功处理文件: D:/demo/py_AVI/3D\20220904.csv，共处理 22446 行
2024-09-11 08:36:24,551:INFO:成功处理文件: D:/demo/py_AVI/3D\20220905.csv，共处理 18794 行
2024-09-11 08:36:24,758:INFO:成功处理文件: D:/demo/py_AVI/3D\20220906.csv，共处理 20296 行
2024-09-11 08:36:24,942:INFO:成功处理文件: D:/demo/py_AVI/3D\20220907.csv，共处理 19626 行
2024-09-11 08:36:25,128:INFO:成功处理文件: D:/demo/py_AVI/3D\20220908.csv，共处理 20726 行
2024-09-11 08:36:25,320:INFO:成功处理文件: D:/demo/py_AVI/3D\20220909.csv，共处理 21586 行
2024-09-11 08:36:25,394:INFO:成功处理文件: D:/demo/py_AVI/3D\20220910.csv，共处理 2150 行
2024-09-11 08:36:25,577:INFO:成功处理文件: D:/demo/py_AVI/3D\20220911.csv，共处理 20812 行
2024-09-11 08:36:25,738:INFO:成功处理文件: D:/demo/py_AVI/3D\20220912.csv，共处理 17540 行
2024-09-11 08:36:25,893:INFO:成功处理文件: D:/demo/py_AVI/3D\20220913.csv，共处理 16168 行
2024-09-11 08:36:26,087:INFO:成功处理文件: D:/demo/py_AVI/3D\20220914.csv，共处理 21786 行
2024-09-11 08:36:26,296:INFO:成功处理文件: D:/demo/py_AVI/3D\20220915.csv，共处理 22102 行
2024-09-11 08:36:26,462:INFO:成功处理文件: D:/demo/py_AVI/3D\20220916.csv，共处理 16856 行
2024-09-11 08:36:26,655:INFO:成功处理文件: D:/demo/py_AVI/3D\20220917.csv，共处理 21558 行
2024-09-11 08:36:26,714:INFO:成功处理文件: D:/demo/py_AVI/3D\20220918.csv，共处理 1032 行
2024-09-11 08:36:26,903:INFO:成功处理文件: D:/demo/py_AVI/3D\20220919.csv，共处理 20726 行
2024-09-11 08:36:27,092:INFO:成功处理文件: D:/demo/py_AVI/3D\20220920.csv，共处理 20862 行
2024-09-11 08:36:27,270:INFO:成功处理文件: D:/demo/py_AVI/3D\20220921.csv，共处理 19900 行
2024-09-11 08:36:27,484:INFO:成功处理文件: D:/demo/py_AVI/3D\20220922.csv，共处理 22188 行
2024-09-11 08:36:27,660:INFO:成功处理文件: D:/demo/py_AVI/3D\20220923.csv，共处理 20188 行
2024-09-11 08:36:27,827:INFO:成功处理文件: D:/demo/py_AVI/3D\20220924.csv，共处理 18144 行
2024-09-11 08:36:28,018:INFO:成功处理文件: D:/demo/py_AVI/3D\20220925.csv，共处理 22062 行
2024-09-11 08:36:28,204:INFO:成功处理文件: D:/demo/py_AVI/3D\20220926.csv，共处理 21016 行
2024-09-11 08:36:28,384:INFO:成功处理文件: D:/demo/py_AVI/3D\20220927.csv，共处理 20588 行
2024-09-11 08:36:28,575:INFO:成功处理文件: D:/demo/py_AVI/3D\20220928.csv，共处理 21166 行
2024-09-11 08:36:28,761:INFO:成功处理文件: D:/demo/py_AVI/3D\20220929.csv，共处理 21450 行
2024-09-11 08:36:28,952:INFO:成功处理文件: D:/demo/py_AVI/3D\20220930.csv，共处理 20250 行
2024-09-11 08:36:29,020:INFO:成功处理文件: D:/demo/py_AVI/3D\20221001.csv，共处理 2580 行
2024-09-11 08:36:29,226:INFO:成功处理文件: D:/demo/py_AVI/3D\20221002.csv，共处理 23034 行
2024-09-11 08:36:29,418:INFO:成功处理文件: D:/demo/py_AVI/3D\20221003.csv，共处理 22078 行
2024-09-11 08:36:29,608:INFO:成功处理文件: D:/demo/py_AVI/3D\20221004.csv，共处理 22088 行
2024-09-11 08:36:29,803:INFO:成功处理文件: D:/demo/py_AVI/3D\20221005.csv，共处理 21944 行
2024-09-11 08:36:30,008:INFO:成功处理文件: D:/demo/py_AVI/3D\20221006.csv，共处理 22964 行
2024-09-11 08:36:30,261:INFO:成功处理文件: D:/demo/py_AVI/3D\20221007.csv，共处理 22710 行
2024-09-11 08:36:30,455:INFO:成功处理文件: D:/demo/py_AVI/3D\20221008.csv，共处理 22408 行
2024-09-11 08:36:30,578:INFO:成功处理文件: D:/demo/py_AVI/3D\20221009.csv，共处理 11008 行
2024-09-11 08:36:30,773:INFO:成功处理文件: D:/demo/py_AVI/3D\20221010.csv，共处理 21740 行
2024-09-11 08:36:30,964:INFO:成功处理文件: D:/demo/py_AVI/3D\20221011.csv，共处理 22116 行
2024-09-11 08:36:31,173:INFO:成功处理文件: D:/demo/py_AVI/3D\20221012.csv，共处理 22686 行
2024-09-11 08:36:31,368:INFO:成功处理文件: D:/demo/py_AVI/3D\20221013.csv，共处理 22176 行
2024-09-11 08:36:31,559:INFO:成功处理文件: D:/demo/py_AVI/3D\20221014.csv，共处理 21082 行
2024-09-11 08:36:31,763:INFO:成功处理文件: D:/demo/py_AVI/3D\20221015.csv，共处理 23040 行
2024-09-11 08:36:31,961:INFO:成功处理文件: D:/demo/py_AVI/3D\20221016.csv，共处理 22038 行
2024-09-11 08:36:32,155:INFO:成功处理文件: D:/demo/py_AVI/3D\20221017.csv，共处理 22868 行
2024-09-11 08:36:32,358:INFO:成功处理文件: D:/demo/py_AVI/3D\20221018.csv，共处理 22520 行
2024-09-11 08:36:32,549:INFO:成功处理文件: D:/demo/py_AVI/3D\20221019.csv，共处理 21968 行
2024-09-11 08:36:32,762:INFO:成功处理文件: D:/demo/py_AVI/3D\20221020.csv，共处理 22040 行
2024-09-11 08:36:32,953:INFO:成功处理文件: D:/demo/py_AVI/3D\20221021.csv，共处理 21054 行
2024-09-11 08:36:33,091:INFO:成功处理文件: D:/demo/py_AVI/3D\20221022.csv，共处理 12050 行
2024-09-11 08:36:33,298:INFO:成功处理文件: D:/demo/py_AVI/3D\20221024.csv，共处理 22686 行
2024-09-11 08:36:33,507:INFO:成功处理文件: D:/demo/py_AVI/3D\20221025.csv，共处理 22078 行
2024-09-11 08:36:33,712:INFO:成功处理文件: D:/demo/py_AVI/3D\20221026.csv，共处理 21792 行
2024-09-11 08:36:33,905:INFO:成功处理文件: D:/demo/py_AVI/3D\20221027.csv，共处理 21866 行
2024-09-11 08:36:34,108:INFO:成功处理文件: D:/demo/py_AVI/3D\20221028.csv，共处理 22330 行
2024-09-11 08:36:34,310:INFO:成功处理文件: D:/demo/py_AVI/3D\20221029.csv，共处理 22340 行
2024-09-11 08:36:34,514:INFO:成功处理文件: D:/demo/py_AVI/3D\20221030.csv，共处理 22778 行
2024-09-11 08:36:34,676:INFO:成功处理文件: D:/demo/py_AVI/3D\20221031.csv，共处理 16168 行
2024-09-11 08:36:34,831:INFO:成功处理文件: D:/demo/py_AVI/3D\20221101.csv，共处理 15198 行
2024-09-11 08:36:34,984:INFO:成功处理文件: D:/demo/py_AVI/3D\20221102.csv，共处理 15620 行
2024-09-11 08:36:35,143:INFO:成功处理文件: D:/demo/py_AVI/3D\20221103.csv，共处理 15826 行
2024-09-11 08:36:35,298:INFO:成功处理文件: D:/demo/py_AVI/3D\20221104.csv，共处理 15432 行
2024-09-11 08:36:35,474:INFO:成功处理文件: D:/demo/py_AVI/3D\20221105.csv，共处理 15420 行
2024-09-11 08:36:35,637:INFO:成功处理文件: D:/demo/py_AVI/3D\20221106.csv，共处理 16268 行
2024-09-11 08:36:35,788:INFO:成功处理文件: D:/demo/py_AVI/3D\20221107.csv，共处理 15368 行
2024-09-11 08:36:35,946:INFO:成功处理文件: D:/demo/py_AVI/3D\20221108.csv，共处理 15766 行
2024-09-11 08:36:36,104:INFO:成功处理文件: D:/demo/py_AVI/3D\20221109.csv，共处理 16108 行
2024-09-11 08:36:36,257:INFO:成功处理文件: D:/demo/py_AVI/3D\20221110.csv，共处理 15640 行
2024-09-11 08:36:36,412:INFO:成功处理文件: D:/demo/py_AVI/3D\20221111.csv，共处理 15242 行
2024-09-11 08:36:36,578:INFO:成功处理文件: D:/demo/py_AVI/3D\20221112.csv，共处理 15866 行
2024-09-11 08:36:36,644:INFO:成功处理文件: D:/demo/py_AVI/3D\20221113.csv，共处理 172 行
2024-09-11 08:36:36,815:INFO:成功处理文件: D:/demo/py_AVI/3D\20221114.csv，共处理 16974 行
2024-09-11 08:36:36,981:INFO:成功处理文件: D:/demo/py_AVI/3D\20221115.csv，共处理 16760 行
2024-09-11 08:36:37,124:INFO:成功处理文件: D:/demo/py_AVI/3D\20221116.csv，共处理 12942 行
2024-09-11 08:36:37,277:INFO:成功处理文件: D:/demo/py_AVI/3D\20221117.csv，共处理 12642 行
2024-09-11 08:36:37,461:INFO:成功处理文件: D:/demo/py_AVI/3D\20221118.csv，共处理 15984 行
2024-09-11 08:36:37,633:INFO:成功处理文件: D:/demo/py_AVI/3D\20221119.csv，共处理 16222 行
2024-09-11 08:36:37,798:INFO:成功处理文件: D:/demo/py_AVI/3D\20221121.csv，共处理 16054 行
2024-09-11 08:36:37,959:INFO:成功处理文件: D:/demo/py_AVI/3D\20221122.csv，共处理 15882 行
2024-09-11 08:36:38,102:INFO:成功处理文件: D:/demo/py_AVI/3D\20221123.csv，共处理 13458 行
2024-09-11 08:36:38,278:INFO:成功处理文件: D:/demo/py_AVI/3D\20221124.csv，共处理 15720 行
2024-09-11 08:36:38,455:INFO:成功处理文件: D:/demo/py_AVI/3D\20221125.csv，共处理 16972 行
2024-09-11 08:36:38,624:INFO:成功处理文件: D:/demo/py_AVI/3D\20221126.csv，共处理 15948 行
2024-09-11 08:36:38,798:INFO:成功处理文件: D:/demo/py_AVI/3D\20221127.csv，共处理 16022 行
2024-09-11 08:36:38,940:INFO:成功处理文件: D:/demo/py_AVI/3D\20221128.csv，共处理 11952 行
2024-09-11 08:36:39,072:INFO:成功处理文件: D:/demo/py_AVI/3D\20221129.csv，共处理 11912 行
2024-09-11 08:36:39,203:INFO:成功处理文件: D:/demo/py_AVI/3D\20221130.csv，共处理 11320 行
2024-09-11 08:36:39,338:INFO:成功处理文件: D:/demo/py_AVI/3D\20221201.csv，共处理 12198 行
2024-09-11 08:36:39,475:INFO:成功处理文件: D:/demo/py_AVI/3D\20221202.csv，共处理 11990 行
2024-09-11 08:36:39,562:INFO:成功处理文件: D:/demo/py_AVI/3D\20221203.csv，共处理 4554 行
2024-09-11 08:36:39,682:INFO:成功处理文件: D:/demo/py_AVI/3D\20221205.csv，共处理 10298 行
2024-09-11 08:36:39,817:INFO:成功处理文件: D:/demo/py_AVI/3D\20221206.csv，共处理 12102 行
2024-09-11 08:36:39,962:INFO:成功处理文件: D:/demo/py_AVI/3D\20221207.csv，共处理 12102 行
2024-09-11 08:36:40,119:INFO:成功处理文件: D:/demo/py_AVI/3D\20221208.csv，共处理 12532 行
2024-09-11 08:36:40,268:INFO:成功处理文件: D:/demo/py_AVI/3D\20221209.csv，共处理 13240 行
2024-09-11 08:36:40,412:INFO:成功处理文件: D:/demo/py_AVI/3D\20221210.csv，共处理 12876 行
2024-09-11 08:36:40,550:INFO:成功处理文件: D:/demo/py_AVI/3D\20221212.csv，共处理 12280 行
2024-09-11 08:36:40,689:INFO:成功处理文件: D:/demo/py_AVI/3D\20221213.csv，共处理 12152 行
2024-09-11 08:36:40,829:INFO:成功处理文件: D:/demo/py_AVI/3D\20221214.csv，共处理 12334 行
2024-09-11 08:36:40,973:INFO:成功处理文件: D:/demo/py_AVI/3D\20221215.csv，共处理 12972 行
2024-09-11 08:36:41,106:INFO:成功处理文件: D:/demo/py_AVI/3D\20221216.csv，共处理 11844 行
2024-09-11 08:36:41,235:INFO:成功处理文件: D:/demo/py_AVI/3D\20221217.csv，共处理 11858 行
2024-09-11 08:36:41,384:INFO:成功处理文件: D:/demo/py_AVI/3D\20221218.csv，共处理 11468 行
2024-09-11 08:36:41,480:INFO:成功处理文件: D:/demo/py_AVI/3D\20221219.csv，共处理 5722 行
2024-09-11 08:36:41,547:INFO:成功处理文件: D:/demo/py_AVI/3D\20221220.csv，共处理 1148 行
2024-09-11 08:36:41,644:INFO:成功处理文件: D:/demo/py_AVI/3D\20221221.csv，共处理 5292 行
2024-09-11 08:36:41,757:INFO:成功处理文件: D:/demo/py_AVI/3D\20221222.csv，共处理 9316 行
2024-09-11 08:36:41,890:INFO:成功处理文件: D:/demo/py_AVI/3D\20221223.csv，共处理 11466 行
2024-09-11 08:36:42,031:INFO:成功处理文件: D:/demo/py_AVI/3D\20221224.csv，共处理 12704 行
2024-09-11 08:36:42,177:INFO:成功处理文件: D:/demo/py_AVI/3D\20221225.csv，共处理 12880 行
2024-09-11 08:36:42,329:INFO:成功处理文件: D:/demo/py_AVI/3D\20221226.csv，共处理 14040 行
2024-09-11 08:36:42,476:INFO:成功处理文件: D:/demo/py_AVI/3D\20221227.csv，共处理 13808 行
2024-09-11 08:36:42,637:INFO:成功处理文件: D:/demo/py_AVI/3D\20221228.csv，共处理 14644 行
2024-09-11 08:36:42,788:INFO:成功处理文件: D:/demo/py_AVI/3D\20221229.csv，共处理 13622 行
2024-09-11 08:36:42,940:INFO:成功处理文件: D:/demo/py_AVI/3D\20221230.csv，共处理 13934 行
2024-09-11 08:36:43,096:INFO:成功处理文件: D:/demo/py_AVI/3D\20221231.csv，共处理 14668 行
2024-09-11 08:36:43,167:INFO:成功处理文件: D:/demo/py_AVI/3D\20230102.csv，共处理 86 行
2024-09-11 08:36:43,268:INFO:成功处理文件: D:/demo/py_AVI/3D\20230103.csv，共处理 6278 行
2024-09-11 08:36:43,381:INFO:成功处理文件: D:/demo/py_AVI/3D\20230104.csv，共处理 7360 行
2024-09-11 08:36:43,483:INFO:成功处理文件: D:/demo/py_AVI/3D\20230105.csv，共处理 7188 行
2024-09-11 08:36:43,585:INFO:成功处理文件: D:/demo/py_AVI/3D\20230106.csv，共处理 6536 行
2024-09-11 08:36:43,694:INFO:成功处理文件: D:/demo/py_AVI/3D\20230107.csv，共处理 7554 行
2024-09-11 08:36:43,807:INFO:成功处理文件: D:/demo/py_AVI/3D\20230109.csv，共处理 7770 行
2024-09-11 08:36:43,895:INFO:成功处理文件: D:/demo/py_AVI/3D\20230110.csv，共处理 4042 行
2024-09-11 08:36:43,991:INFO:成功处理文件: D:/demo/py_AVI/3D\20230111.csv，共处理 4722 行
2024-09-11 08:36:44,083:INFO:成功处理文件: D:/demo/py_AVI/3D\20230112.csv，共处理 4224 行
2024-09-11 08:36:44,153:INFO:成功处理文件: D:/demo/py_AVI/3D\20230115.csv，共处理 1634 行
2024-09-11 08:36:44,248:INFO:成功处理文件: D:/demo/py_AVI/3D\20230116.csv，共处理 5246 行
2024-09-11 08:36:44,353:INFO:成功处理文件: D:/demo/py_AVI/3D\20230117.csv，共处理 6880 行
2024-09-11 08:36:44,481:INFO:成功处理文件: D:/demo/py_AVI/3D\20230118.csv，共处理 6880 行
2024-09-11 08:36:44,587:INFO:成功处理文件: D:/demo/py_AVI/3D\20230119.csv，共处理 6450 行
2024-09-11 08:36:44,664:INFO:成功处理文件: D:/demo/py_AVI/3D\20230120.csv，共处理 2666 行
2024-09-11 08:36:44,781:INFO:成功处理文件: D:/demo/py_AVI/3D\20230126.csv，共处理 9632 行
2024-09-11 08:36:44,897:INFO:成功处理文件: D:/demo/py_AVI/3D\20230127.csv，共处理 8764 行
2024-09-11 08:36:45,021:INFO:成功处理文件: D:/demo/py_AVI/3D\20230128.csv，共处理 9718 行
2024-09-11 08:36:45,090:INFO:成功处理文件: D:/demo/py_AVI/3D\20230129.csv，共处理 86 行
2024-09-11 08:36:45,207:INFO:成功处理文件: D:/demo/py_AVI/3D\20230130.csv，共处理 6020 行
2024-09-11 08:36:45,323:INFO:成功处理文件: D:/demo/py_AVI/3D\20230131.csv，共处理 8170 行
2024-09-11 08:36:45,427:INFO:成功处理文件: D:/demo/py_AVI/3D\20230201.csv，共处理 6790 行
2024-09-11 08:36:45,548:INFO:成功处理文件: D:/demo/py_AVI/3D\20230202.csv，共处理 8258 行
2024-09-11 08:36:45,662:INFO:成功处理文件: D:/demo/py_AVI/3D\20230203.csv，共处理 7444 行
2024-09-11 08:36:45,774:INFO:成功处理文件: D:/demo/py_AVI/3D\20230204.csv，共处理 7272 行
2024-09-11 08:36:45,889:INFO:成功处理文件: D:/demo/py_AVI/3D\20230206.csv，共处理 7894 行
2024-09-11 08:36:46,012:INFO:成功处理文件: D:/demo/py_AVI/3D\20230207.csv，共处理 6970 行
2024-09-11 08:36:46,124:INFO:成功处理文件: D:/demo/py_AVI/3D\20230208.csv，共处理 7598 行
2024-09-11 08:36:46,228:INFO:成功处理文件: D:/demo/py_AVI/3D\20230209.csv，共处理 7310 行
2024-09-11 08:36:46,337:INFO:成功处理文件: D:/demo/py_AVI/3D\20230210.csv，共处理 6536 行
2024-09-11 08:36:46,449:INFO:成功处理文件: D:/demo/py_AVI/3D\20230211.csv，共处理 8280 行
2024-09-11 08:36:46,575:INFO:成功处理文件: D:/demo/py_AVI/3D\20230213.csv，共处理 9230 行
2024-09-11 08:36:46,638:INFO:成功处理文件: D:/demo/py_AVI/3D\20230214.csv，共处理 602 行
2024-09-11 08:36:46,757:INFO:成功处理文件: D:/demo/py_AVI/3D\20230214CS.csv，共处理 8026 行
2024-09-11 08:36:46,880:INFO:成功处理文件: D:/demo/py_AVI/3D\20230215.csv，共处理 8666 行
2024-09-11 08:36:46,985:INFO:成功处理文件: D:/demo/py_AVI/3D\20230216.csv，共处理 7166 行
2024-09-11 08:36:47,100:INFO:成功处理文件: D:/demo/py_AVI/3D\20230217.csv，共处理 8356 行
2024-09-11 08:36:47,209:INFO:成功处理文件: D:/demo/py_AVI/3D\20230218.csv，共处理 7340 行
2024-09-11 08:36:47,275:INFO:成功处理文件: D:/demo/py_AVI/3D\20230219.csv，共处理 86 行
2024-09-11 08:36:47,386:INFO:成功处理文件: D:/demo/py_AVI/3D\20230220.csv，共处理 7998 行
2024-09-11 08:36:47,500:INFO:成功处理文件: D:/demo/py_AVI/3D\20230221.csv，共处理 7310 行
2024-09-11 08:36:47,611:INFO:成功处理文件: D:/demo/py_AVI/3D\20230222.csv，共处理 7482 行
2024-09-11 08:36:47,722:INFO:成功处理文件: D:/demo/py_AVI/3D\20230223.csv，共处理 8084 行
2024-09-11 08:36:47,835:INFO:成功处理文件: D:/demo/py_AVI/3D\20230224.csv，共处理 7912 行
2024-09-11 08:36:47,980:INFO:成功处理文件: D:/demo/py_AVI/3D\20230225.csv，共处理 8806 行
2024-09-11 08:36:48,081:INFO:成功处理文件: D:/demo/py_AVI/3D\20230227.csv，共处理 4162 行
2024-09-11 08:36:48,165:INFO:成功处理文件: D:/demo/py_AVI/3D\20230228.csv，共处理 4357 行
2024-09-11 08:36:48,261:INFO:成功处理文件: D:/demo/py_AVI/3D\20230301.csv，共处理 5240 行
2024-09-11 08:36:48,345:INFO:成功处理文件: D:/demo/py_AVI/3D\20230302.csv，共处理 3888 行
2024-09-11 08:36:48,425:INFO:成功处理文件: D:/demo/py_AVI/3D\20230303.csv，共处理 3464 行
2024-09-11 08:36:48,509:INFO:成功处理文件: D:/demo/py_AVI/3D\20230304.csv，共处理 3742 行
2024-09-11 08:36:48,568:INFO:成功处理文件: D:/demo/py_AVI/3D\20230305.csv，共处理 86 行
2024-09-11 08:36:48,650:INFO:成功处理文件: D:/demo/py_AVI/3D\20230306.csv，共处理 3440 行
2024-09-11 08:36:48,728:INFO:成功处理文件: D:/demo/py_AVI/3D\20230307.csv，共处理 3268 行
2024-09-11 08:36:48,841:INFO:成功处理文件: D:/demo/py_AVI/3D\20230308.csv，共处理 3252 行
2024-09-11 08:36:48,936:INFO:成功处理文件: D:/demo/py_AVI/3D\20230309.csv，共处理 3651 行
2024-09-11 08:36:49,022:INFO:成功处理文件: D:/demo/py_AVI/3D\20230310.csv，共处理 3440 行
2024-09-11 08:36:49,106:INFO:成功处理文件: D:/demo/py_AVI/3D\20230311.csv，共处理 3268 行
2024-09-11 08:36:49,173:INFO:成功处理文件: D:/demo/py_AVI/3D\20230312.csv，共处理 86 行
2024-09-11 08:36:49,269:INFO:成功处理文件: D:/demo/py_AVI/3D\20230313.csv，共处理 2752 行
2024-09-11 08:36:49,376:INFO:成功处理文件: D:/demo/py_AVI/3D\20230314.csv，共处理 3338 行
2024-09-11 08:36:49,487:INFO:成功处理文件: D:/demo/py_AVI/3D\20230315.csv，共处理 5168 行
2024-09-11 08:36:49,573:INFO:成功处理文件: D:/demo/py_AVI/3D\20230316.csv，共处理 1370 行
2024-09-11 08:36:49,681:INFO:成功处理文件: D:/demo/py_AVI/3D\20230317.csv，共处理 4486 行
2024-09-11 08:36:49,782:INFO:成功处理文件: D:/demo/py_AVI/3D\20230320.csv，共处理 4386 行
2024-09-11 08:36:49,878:INFO:成功处理文件: D:/demo/py_AVI/3D\20230321.csv，共处理 3784 行
2024-09-11 08:36:49,970:INFO:成功处理文件: D:/demo/py_AVI/3D\20230322.csv，共处理 4982 行
2024-09-11 08:36:50,065:INFO:成功处理文件: D:/demo/py_AVI/3D\20230323.csv，共处理 4062 行
2024-09-11 08:36:50,160:INFO:成功处理文件: D:/demo/py_AVI/3D\20230324.csv，共处理 4644 行
2024-09-11 08:36:50,255:INFO:成功处理文件: D:/demo/py_AVI/3D\20230327.csv，共处理 4816 行
2024-09-11 08:36:50,340:INFO:成功处理文件: D:/demo/py_AVI/3D\20230328.csv，共处理 3010 行
2024-09-11 08:36:50,416:INFO:成功处理文件: D:/demo/py_AVI/3D\20230329.csv，共处理 2580 行
2024-09-11 08:36:50,494:INFO:成功处理文件: D:/demo/py_AVI/3D\20230330.csv，共处理 2752 行
2024-09-11 08:36:50,590:INFO:成功处理文件: D:/demo/py_AVI/3D\20230331.csv，共处理 5590 行
2024-09-11 08:36:50,653:INFO:成功处理文件: D:/demo/py_AVI/3D\20230409.csv，共处理 86 行
2024-09-11 08:36:50,770:INFO:成功处理文件: D:/demo/py_AVI/3D\20230410.csv，共处理 7482 行
2024-09-11 08:36:50,875:INFO:成功处理文件: D:/demo/py_AVI/3D\20230411.csv，共处理 6966 行
2024-09-11 08:36:50,994:INFO:成功处理文件: D:/demo/py_AVI/3D\20230412.csv，共处理 8772 行
2024-09-11 08:36:51,124:INFO:成功处理文件: D:/demo/py_AVI/3D\20230413.csv，共处理 9288 行
2024-09-11 08:36:51,240:INFO:成功处理文件: D:/demo/py_AVI/3D\20230414.csv，共处理 8084 行
2024-09-11 08:36:51,347:INFO:成功处理文件: D:/demo/py_AVI/3D\20230417.csv，共处理 6450 行
2024-09-11 08:36:51,443:INFO:成功处理文件: D:/demo/py_AVI/3D\20230418.csv，共处理 4644 行
2024-09-11 08:36:51,549:INFO:成功处理文件: D:/demo/py_AVI/3D\20230419.csv，共处理 5848 行
2024-09-11 08:36:51,657:INFO:成功处理文件: D:/demo/py_AVI/3D\20230420.csv，共处理 5504 行
2024-09-11 08:36:51,770:INFO:成功处理文件: D:/demo/py_AVI/3D\20230421.csv，共处理 5808 行
2024-09-11 08:36:51,879:INFO:成功处理文件: D:/demo/py_AVI/3D\20230422.csv，共处理 5700 行
2024-09-11 08:36:51,983:INFO:成功处理文件: D:/demo/py_AVI/3D\20230424.csv，共处理 5374 行
2024-09-11 08:36:52,088:INFO:成功处理文件: D:/demo/py_AVI/3D\20230425.csv，共处理 5970 行
2024-09-11 08:36:52,203:INFO:成功处理文件: D:/demo/py_AVI/3D\20230426.csv，共处理 5132 行
2024-09-11 08:36:52,301:INFO:成功处理文件: D:/demo/py_AVI/3D\20230427.csv，共处理 5386 行
2024-09-11 08:36:52,406:INFO:成功处理文件: D:/demo/py_AVI/3D\20230428.csv，共处理 5848 行
2024-09-11 08:36:52,479:INFO:成功处理文件: D:/demo/py_AVI/3D\20230503.csv，共处理 86 行
2024-09-11 08:36:52,580:INFO:成功处理文件: D:/demo/py_AVI/3D\20230504.csv，共处理 5246 行
2024-09-11 08:36:52,676:INFO:成功处理文件: D:/demo/py_AVI/3D\20230505.csv，共处理 4644 行
2024-09-11 08:36:52,785:INFO:成功处理文件: D:/demo/py_AVI/3D\20230506.csv，共处理 6000 行
2024-09-11 08:36:52,879:INFO:成功处理文件: D:/demo/py_AVI/3D\20230508.csv，共处理 4388 行
2024-09-11 08:36:52,973:INFO:成功处理文件: D:/demo/py_AVI/3D\20230509.csv，共处理 3690 行
2024-09-11 08:36:53,074:INFO:成功处理文件: D:/demo/py_AVI/3D\20230510.csv，共处理 3710 行
2024-09-11 08:36:53,196:INFO:成功处理文件: D:/demo/py_AVI/3D\20230511.csv，共处理 5880 行
2024-09-11 08:36:53,314:INFO:成功处理文件: D:/demo/py_AVI/3D\20230512.csv，共处理 5810 行
2024-09-11 08:36:53,451:INFO:成功处理文件: D:/demo/py_AVI/3D\20230515.csv，共处理 5330 行
2024-09-11 08:36:53,577:INFO:成功处理文件: D:/demo/py_AVI/3D\20230516.csv，共处理 5298 行
2024-09-11 08:36:53,696:INFO:成功处理文件: D:/demo/py_AVI/3D\20230517.csv，共处理 6114 行
2024-09-11 08:36:53,803:INFO:成功处理文件: D:/demo/py_AVI/3D\20230518.csv，共处理 5198 行
2024-09-11 08:36:53,919:INFO:成功处理文件: D:/demo/py_AVI/3D\20230519.csv，共处理 6300 行
2024-09-11 08:36:54,024:INFO:成功处理文件: D:/demo/py_AVI/3D\20230522.csv，共处理 5442 行
2024-09-11 08:36:54,146:INFO:成功处理文件: D:/demo/py_AVI/3D\20230523.csv，共处理 3672 行
2024-09-11 08:36:54,284:INFO:成功处理文件: D:/demo/py_AVI/3D\20230524.csv，共处理 7254 行
2024-09-11 08:36:54,385:INFO:成功处理文件: D:/demo/py_AVI/3D\20230525.csv，共处理 4300 行
2024-09-11 08:36:54,497:INFO:成功处理文件: D:/demo/py_AVI/3D\20230526.csv，共处理 6182 行
2024-09-11 08:36:54,594:INFO:成功处理文件: D:/demo/py_AVI/3D\20230530.csv，共处理 1230 行
2024-09-11 08:36:54,745:INFO:成功处理文件: D:/demo/py_AVI/3D\20230531.csv，共处理 6662 行
2024-09-11 08:36:54,854:INFO:成功处理文件: D:/demo/py_AVI/3D\20230601.csv，共处理 3932 行
2024-09-11 08:36:54,964:INFO:成功处理文件: D:/demo/py_AVI/3D\20230602.csv，共处理 5234 行
2024-09-11 08:36:55,044:INFO:成功处理文件: D:/demo/py_AVI/3D\20230603.csv，共处理 774 行
2024-09-11 08:36:55,129:INFO:成功处理文件: D:/demo/py_AVI/3D\20230606.csv，共处理 418 行
2024-09-11 08:36:55,236:INFO:成功处理文件: D:/demo/py_AVI/3D\20230607.csv，共处理 5582 行
2024-09-11 08:36:55,345:INFO:成功处理文件: D:/demo/py_AVI/3D\20230608.csv，共处理 5586 行
2024-09-11 08:36:55,446:INFO:成功处理文件: D:/demo/py_AVI/3D\20230609.csv，共处理 5504 行
2024-09-11 08:36:55,535:INFO:成功处理文件: D:/demo/py_AVI/3D\20230612.csv，共处理 3182 行
2024-09-11 08:36:55,618:INFO:成功处理文件: D:/demo/py_AVI/3D\20230615.csv，共处理 2580 行
2024-09-11 08:36:55,717:INFO:成功处理文件: D:/demo/py_AVI/3D\20230616.csv，共处理 5074 行
2024-09-11 08:36:55,783:INFO:成功处理文件: D:/demo/py_AVI/3D\20230617.csv，共处理 860 行
2024-09-11 08:36:55,896:INFO:成功处理文件: D:/demo/py_AVI/3D\20230619.csv，共处理 3440 行
2024-09-11 08:36:55,971:INFO:成功处理文件: D:/demo/py_AVI/3D\20230620.csv，共处理 1634 行
2024-09-11 08:36:56,051:INFO:成功处理文件: D:/demo/py_AVI/3D\20230621.csv，共处理 2322 行
2024-09-11 08:36:56,133:INFO:成功处理文件: D:/demo/py_AVI/3D\20230625.csv，共处理 2236 行
2024-09-11 08:36:56,223:INFO:成功处理文件: D:/demo/py_AVI/3D\20230626.csv，共处理 3956 行
2024-09-11 08:36:56,310:INFO:成功处理文件: D:/demo/py_AVI/3D\20230627.csv，共处理 3354 行
2024-09-11 08:36:56,395:INFO:成功处理文件: D:/demo/py_AVI/3D\20230628.csv，共处理 860 行
2024-09-11 08:36:56,471:INFO:成功处理文件: D:/demo/py_AVI/3D\20230704.csv，共处理 1290 行
2024-09-11 08:36:56,551:INFO:成功处理文件: D:/demo/py_AVI/3D\20230705.csv，共处理 2064 行
2024-09-11 08:36:56,639:INFO:成功处理文件: D:/demo/py_AVI/3D\20230706.csv，共处理 2666 行
2024-09-11 08:36:56,711:INFO:成功处理文件: D:/demo/py_AVI/3D\20230707.csv，共处理 344 行
2024-09-11 08:36:56,782:INFO:成功处理文件: D:/demo/py_AVI/3D\20230711.csv，共处理 516 行
2024-09-11 08:36:56,877:INFO:成功处理文件: D:/demo/py_AVI/3D\20230712.csv，共处理 4644 行
2024-09-11 08:36:56,974:INFO:成功处理文件: D:/demo/py_AVI/3D\20230713.csv，共处理 3956 行
2024-09-11 08:36:57,051:INFO:成功处理文件: D:/demo/py_AVI/3D\20230714.csv，共处理 860 行
2024-09-11 08:36:57,126:INFO:成功处理文件: D:/demo/py_AVI/3D\20230720.csv，共处理 688 行
2024-09-11 08:36:57,216:INFO:成功处理文件: D:/demo/py_AVI/3D\20230721.csv，共处理 3870 行
2024-09-11 08:36:57,300:INFO:成功处理文件: D:/demo/py_AVI/3D\20230722.csv，共处理 3182 行
2024-09-11 08:36:57,378:INFO:成功处理文件: D:/demo/py_AVI/3D\20230726.csv，共处理 688 行
2024-09-11 08:36:57,493:INFO:成功处理文件: D:/demo/py_AVI/3D\20230727.csv，共处理 3870 行
2024-09-11 08:36:57,575:INFO:成功处理文件: D:/demo/py_AVI/3D\20230728.csv，共处理 1204 行
2024-09-11 08:36:57,673:INFO:成功处理文件: D:/demo/py_AVI/3D\20230801.csv，共处理 3280 行
2024-09-11 08:36:57,774:INFO:成功处理文件: D:/demo/py_AVI/3D\20230802.csv，共处理 3078 行
2024-09-11 08:36:57,861:INFO:成功处理文件: D:/demo/py_AVI/3D\20230803.csv，共处理 2924 行
2024-09-11 08:36:57,934:INFO:成功处理文件: D:/demo/py_AVI/3D\20230804.csv，共处理 860 行
2024-09-11 08:36:58,009:INFO:成功处理文件: D:/demo/py_AVI/3D\20230809.csv，共处理 902 行
2024-09-11 08:36:58,102:INFO:成功处理文件: D:/demo/py_AVI/3D\20230810.csv，共处理 3526 行
2024-09-11 08:36:58,186:INFO:成功处理文件: D:/demo/py_AVI/3D\20230811.csv，共处理 2036 行
2024-09-11 08:36:58,273:INFO:成功处理文件: D:/demo/py_AVI/3D\20230814.csv，共处理 2924 行
2024-09-11 08:36:58,362:INFO:成功处理文件: D:/demo/py_AVI/3D\20230815.csv，共处理 2666 行
2024-09-11 08:36:58,455:INFO:成功处理文件: D:/demo/py_AVI/3D\20230816.csv，共处理 2580 行
2024-09-11 08:36:58,558:INFO:成功处理文件: D:/demo/py_AVI/3D\20230817.csv，共处理 2580 行
2024-09-11 08:36:58,650:INFO:成功处理文件: D:/demo/py_AVI/3D\20230818.csv，共处理 2208 行
2024-09-11 08:36:58,743:INFO:成功处理文件: D:/demo/py_AVI/3D\20230824.csv，共处理 1886 行
2024-09-11 08:36:58,837:INFO:成功处理文件: D:/demo/py_AVI/3D\20230825.csv，共处理 1876 行
2024-09-11 08:36:58,937:INFO:成功处理文件: D:/demo/py_AVI/3D\20230828.csv，共处理 3010 行
2024-09-11 08:36:59,036:INFO:成功处理文件: D:/demo/py_AVI/3D\20230829.csv，共处理 3092 行
2024-09-11 08:36:59,132:INFO:成功处理文件: D:/demo/py_AVI/3D\20230830.csv，共处理 2834 行
2024-09-11 08:36:59,228:INFO:成功处理文件: D:/demo/py_AVI/3D\20230831.csv，共处理 2834 行
2024-09-11 08:36:59,303:INFO:成功处理文件: D:/demo/py_AVI/3D\20230901.csv，共处理 860 行
2024-09-11 08:36:59,397:INFO:成功处理文件: D:/demo/py_AVI/3D\20230905.csv，共处理 3698 行
2024-09-11 08:36:59,469:INFO:成功处理文件: D:/demo/py_AVI/3D\20230906.csv，共处理 856 行
2024-09-11 08:36:59,544:INFO:成功处理文件: D:/demo/py_AVI/3D\20230908.csv，共处理 774 行
2024-09-11 08:36:59,622:INFO:成功处理文件: D:/demo/py_AVI/3D\20230911.csv，共处理 1032 行
2024-09-11 08:36:59,693:INFO:成功处理文件: D:/demo/py_AVI/3D\20230912.csv，共处理 516 行
2024-09-11 08:36:59,764:INFO:成功处理文件: D:/demo/py_AVI/3D\20230913.csv，共处理 258 行
2024-09-11 08:36:59,837:INFO:成功处理文件: D:/demo/py_AVI/3D\20230915.csv，共处理 1204 行
2024-09-11 08:36:59,907:INFO:成功处理文件: D:/demo/py_AVI/3D\20230918.csv，共处理 774 行
2024-09-11 08:37:00,004:INFO:成功处理文件: D:/demo/py_AVI/3D\20230919.csv，共处理 4300 行
2024-09-11 08:37:00,135:INFO:成功处理文件: D:/demo/py_AVI/3D\20230920.csv，共处理 3956 行
2024-09-11 08:37:00,242:INFO:成功处理文件: D:/demo/py_AVI/3D\20230921.csv，共处理 2494 行
2024-09-11 08:37:00,388:INFO:成功处理文件: D:/demo/py_AVI/3D\20230922.csv，共处理 430 行
2024-09-11 08:37:00,502:INFO:成功处理文件: D:/demo/py_AVI/3D\20230925.csv，共处理 2494 行
2024-09-11 08:37:00,623:INFO:成功处理文件: D:/demo/py_AVI/3D\20230926.csv，共处理 4042 行
2024-09-11 08:37:00,745:INFO:成功处理文件: D:/demo/py_AVI/3D\20230927.csv，共处理 4042 行
2024-09-11 08:37:00,852:INFO:成功处理文件: D:/demo/py_AVI/3D\20230928.csv，共处理 2752 行
2024-09-11 08:37:00,964:INFO:成功处理文件: D:/demo/py_AVI/3D\20231010.csv，共处理 3612 行
2024-09-11 08:37:01,074:INFO:成功处理文件: D:/demo/py_AVI/3D\20231011.csv，共处理 3870 行
2024-09-11 08:37:01,173:INFO:成功处理文件: D:/demo/py_AVI/3D\20231012.csv，共处理 1204 行
2024-09-11 08:37:01,279:INFO:成功处理文件: D:/demo/py_AVI/3D\20231013.csv，共处理 3612 行
2024-09-11 08:37:01,381:INFO:成功处理文件: D:/demo/py_AVI/3D\20231016.csv，共处理 2150 行
2024-09-11 08:37:01,470:INFO:成功处理文件: D:/demo/py_AVI/3D\20231017.csv，共处理 1892 行
2024-09-11 08:37:01,564:INFO:成功处理文件: D:/demo/py_AVI/3D\20231018.csv，共处理 3010 行
2024-09-11 08:37:01,650:INFO:成功处理文件: D:/demo/py_AVI/3D\20231019.csv，共处理 2360 行
2024-09-11 08:37:01,737:INFO:成功处理文件: D:/demo/py_AVI/3D\20231020.csv，共处理 2788 行
2024-09-11 08:37:01,808:INFO:成功处理文件: D:/demo/py_AVI/3D\20231023.csv，共处理 172 行
2024-09-11 08:37:01,885:INFO:成功处理文件: D:/demo/py_AVI/3D\20231026.csv，共处理 1116 行
2024-09-11 08:37:01,960:INFO:成功处理文件: D:/demo/py_AVI/3D\20231027.csv，共处理 688 行
2024-09-11 08:37:02,047:INFO:成功处理文件: D:/demo/py_AVI/3D\20231030.csv，共处理 1892 行
2024-09-11 08:37:02,133:INFO:成功处理文件: D:/demo/py_AVI/3D\20231031.csv，共处理 2064 行
2024-09-11 08:37:02,219:INFO:成功处理文件: D:/demo/py_AVI/3D\20231101.csv，共处理 2064 行
2024-09-11 08:37:02,303:INFO:成功处理文件: D:/demo/py_AVI/3D\20231102.csv，共处理 1806 行
2024-09-11 08:37:02,384:INFO:成功处理文件: D:/demo/py_AVI/3D\20231103.csv，共处理 1806 行
2024-09-11 08:37:02,464:INFO:成功处理文件: D:/demo/py_AVI/3D\20231106.csv，共处理 516 行
2024-09-11 08:37:02,555:INFO:成功处理文件: D:/demo/py_AVI/3D\20231107.csv，共处理 2408 行
2024-09-11 08:37:02,636:INFO:成功处理文件: D:/demo/py_AVI/3D\20231108.csv，共处理 1720 行
2024-09-11 08:37:02,709:INFO:成功处理文件: D:/demo/py_AVI/3D\20231113.csv，共处理 246 行
2024-09-11 08:37:02,787:INFO:成功处理文件: D:/demo/py_AVI/3D\20231114.csv，共处理 1290 行
2024-09-11 08:37:02,870:INFO:成功处理文件: D:/demo/py_AVI/3D\20231115.csv，共处理 1720 行
2024-09-11 08:37:02,943:INFO:成功处理文件: D:/demo/py_AVI/3D\20231116.csv，共处理 516 行
2024-09-11 08:37:03,017:INFO:成功处理文件: D:/demo/py_AVI/3D\20231117.csv，共处理 954 行
2024-09-11 08:37:03,105:INFO:成功处理文件: D:/demo/py_AVI/3D\20231120.csv，共处理 2150 行
2024-09-11 08:37:03,195:INFO:成功处理文件: D:/demo/py_AVI/3D\20231121.csv，共处理 2752 行
2024-09-11 08:37:03,282:INFO:成功处理文件: D:/demo/py_AVI/3D\20231122.csv，共处理 2150 行
2024-09-11 08:37:03,363:INFO:成功处理文件: D:/demo/py_AVI/3D\20231123.csv，共处理 1892 行
2024-09-11 08:37:03,446:INFO:成功处理文件: D:/demo/py_AVI/3D\20231127.csv，共处理 1067 行
2024-09-11 08:37:03,522:INFO:成功处理文件: D:/demo/py_AVI/3D\20231128.csv，共处理 600 行
2024-09-11 08:37:03,600:INFO:成功处理文件: D:/demo/py_AVI/3D\20231129.csv，共处理 850 行
2024-09-11 08:37:03,685:INFO:成功处理文件: D:/demo/py_AVI/3D\20231130.csv，共处理 1350 行
2024-09-11 08:37:03,783:INFO:成功处理文件: D:/demo/py_AVI/3D\20231201.csv，共处理 2100 行
2024-09-11 08:37:03,874:INFO:成功处理文件: D:/demo/py_AVI/3D\20231204.csv，共处理 2400 行
2024-09-11 08:37:03,958:INFO:成功处理文件: D:/demo/py_AVI/3D\20231205.csv，共处理 2500 行
2024-09-11 08:37:04,047:INFO:成功处理文件: D:/demo/py_AVI/3D\20231206.csv，共处理 2700 行
2024-09-11 08:37:04,134:INFO:成功处理文件: D:/demo/py_AVI/3D\20231207.csv，共处理 2650 行
2024-09-11 08:37:04,212:INFO:成功处理文件: D:/demo/py_AVI/3D\20231208.csv，共处理 800 行
2024-09-11 08:37:04,324:INFO:成功处理文件: D:/demo/py_AVI/3D\20231211.csv，共处理 6250 行
2024-09-11 08:37:04,438:INFO:成功处理文件: D:/demo/py_AVI/3D\20231212.csv，共处理 6000 行
2024-09-11 08:37:04,549:INFO:成功处理文件: D:/demo/py_AVI/3D\20231213.csv，共处理 6300 行
2024-09-11 08:37:04,672:INFO:成功处理文件: D:/demo/py_AVI/3D\20231214.csv，共处理 8200 行
2024-09-11 08:37:04,797:INFO:成功处理文件: D:/demo/py_AVI/3D\20231215.csv，共处理 8200 行
2024-09-11 08:37:04,925:INFO:成功处理文件: D:/demo/py_AVI/3D\20231216.csv，共处理 8400 行
2024-09-11 08:37:05,084:INFO:成功处理文件: D:/demo/py_AVI/3D\20231218.csv，共处理 13150 行
2024-09-11 08:37:05,248:INFO:成功处理文件: D:/demo/py_AVI/3D\20231219.csv，共处理 14100 行
2024-09-11 08:37:05,428:INFO:成功处理文件: D:/demo/py_AVI/3D\20231220.csv，共处理 16256 行
2024-09-11 08:37:05,600:INFO:成功处理文件: D:/demo/py_AVI/3D\20231221.csv，共处理 14976 行
2024-09-11 08:37:05,777:INFO:成功处理文件: D:/demo/py_AVI/3D\20231222.csv，共处理 15652 行
2024-09-11 08:37:05,960:INFO:成功处理文件: D:/demo/py_AVI/3D\20231223.csv，共处理 16432 行
2024-09-11 08:37:06,038:INFO:成功处理文件: D:/demo/py_AVI/3D\20231224.csv，共处理 52 行
2024-09-11 08:37:06,225:INFO:成功处理文件: D:/demo/py_AVI/3D\20231225.csv，共处理 16588 行
2024-09-11 08:37:06,401:INFO:成功处理文件: D:/demo/py_AVI/3D\20231226.csv，共处理 15964 行
2024-09-11 08:37:06,585:INFO:成功处理文件: D:/demo/py_AVI/3D\20231227.csv，共处理 17264 行
2024-09-11 08:37:06,783:INFO:成功处理文件: D:/demo/py_AVI/3D\20231228.csv，共处理 16952 行
2024-09-11 08:37:06,975:INFO:成功处理文件: D:/demo/py_AVI/3D\20231229.csv，共处理 16900 行
2024-09-11 08:37:07,158:INFO:成功处理文件: D:/demo/py_AVI/3D\20231230.csv，共处理 17212 行
2024-09-11 08:37:07,346:INFO:成功处理文件: D:/demo/py_AVI/3D\20231231.csv，共处理 17420 行
2024-09-11 08:37:07,533:INFO:成功处理文件: D:/demo/py_AVI/3D\20240101.csv，共处理 17160 行
2024-09-11 08:37:07,718:INFO:成功处理文件: D:/demo/py_AVI/3D\20240102.csv，共处理 17212 行
2024-09-11 08:37:07,907:INFO:成功处理文件: D:/demo/py_AVI/3D\20240103.csv，共处理 17056 行
2024-09-11 08:37:08,092:INFO:成功处理文件: D:/demo/py_AVI/3D\20240104.csv，共处理 16848 行
2024-09-11 08:37:08,283:INFO:成功处理文件: D:/demo/py_AVI/3D\20240105.csv，共处理 17420 行
2024-09-11 08:37:08,471:INFO:成功处理文件: D:/demo/py_AVI/3D\20240106.csv，共处理 17784 行
2024-09-11 08:37:08,657:INFO:成功处理文件: D:/demo/py_AVI/3D\20240107.csv，共处理 17264 行
2024-09-11 08:37:08,853:INFO:成功处理文件: D:/demo/py_AVI/3D\20240108.csv，共处理 17368 行
2024-09-11 08:37:09,058:INFO:成功处理文件: D:/demo/py_AVI/3D\20240109.csv，共处理 19888 行
2024-09-11 08:37:09,274:INFO:成功处理文件: D:/demo/py_AVI/3D\20240110.csv，共处理 21440 行
2024-09-11 08:37:09,485:INFO:成功处理文件: D:/demo/py_AVI/3D\20240111.csv，共处理 20160 行
2024-09-11 08:37:09,714:INFO:成功处理文件: D:/demo/py_AVI/3D\20240112.csv，共处理 20224 行
2024-09-11 08:37:09,866:INFO:成功处理文件: D:/demo/py_AVI/3D\20240113.csv，共处理 11200 行
2024-09-11 08:37:10,079:INFO:成功处理文件: D:/demo/py_AVI/3D\20240114.csv，共处理 20736 行
2024-09-11 08:37:10,244:INFO:成功处理文件: D:/demo/py_AVI/3D\20240115.csv，共处理 13696 行
2024-09-11 08:37:10,457:INFO:成功处理文件: D:/demo/py_AVI/3D\20240116.csv，共处理 20928 行
2024-09-11 08:37:10,668:INFO:成功处理文件: D:/demo/py_AVI/3D\20240117.csv，共处理 21056 行
2024-09-11 08:37:10,876:INFO:成功处理文件: D:/demo/py_AVI/3D\20240118.csv，共处理 21120 行
2024-09-11 08:37:11,095:INFO:成功处理文件: D:/demo/py_AVI/3D\20240119.csv，共处理 21184 行
2024-09-11 08:37:11,308:INFO:成功处理文件: D:/demo/py_AVI/3D\20240120.csv，共处理 21184 行
2024-09-11 08:37:11,525:INFO:成功处理文件: D:/demo/py_AVI/3D\20240121.csv，共处理 21376 行
2024-09-11 08:37:11,738:INFO:成功处理文件: D:/demo/py_AVI/3D\20240122.csv，共处理 21056 行
2024-09-11 08:37:11,944:INFO:成功处理文件: D:/demo/py_AVI/3D\20240123.csv，共处理 21376 行
2024-09-11 08:37:12,160:INFO:成功处理文件: D:/demo/py_AVI/3D\20240124.csv，共处理 21632 行
2024-09-11 08:37:12,389:INFO:成功处理文件: D:/demo/py_AVI/3D\20240125.csv，共处理 21312 行
2024-09-11 08:37:12,593:INFO:成功处理文件: D:/demo/py_AVI/3D\20240126.csv，共处理 21056 行
2024-09-11 08:37:12,806:INFO:成功处理文件: D:/demo/py_AVI/3D\20240127.csv，共处理 21632 行
2024-09-11 08:37:13,018:INFO:成功处理文件: D:/demo/py_AVI/3D\20240128.csv，共处理 21376 行
2024-09-11 08:37:13,230:INFO:成功处理文件: D:/demo/py_AVI/3D\20240129.csv，共处理 21504 行
2024-09-11 08:37:13,438:INFO:成功处理文件: D:/demo/py_AVI/3D\20240130.csv，共处理 20288 行
2024-09-11 08:37:13,650:INFO:成功处理文件: D:/demo/py_AVI/3D\20240131.csv，共处理 20032 行
2024-09-11 08:37:13,837:INFO:成功处理文件: D:/demo/py_AVI/3D\20240201.csv，共处理 17280 行
2024-09-11 08:37:14,030:INFO:成功处理文件: D:/demo/py_AVI/3D\20240202.csv，共处理 17600 行
2024-09-11 08:37:14,219:INFO:成功处理文件: D:/demo/py_AVI/3D\20240203.csv，共处理 17152 行
2024-09-11 08:37:14,422:INFO:成功处理文件: D:/demo/py_AVI/3D\20240204.csv，共处理 20224 行
2024-09-11 08:37:14,622:INFO:成功处理文件: D:/demo/py_AVI/3D\20240205.csv，共处理 19072 行
2024-09-11 08:37:14,834:INFO:成功处理文件: D:/demo/py_AVI/3D\20240206.csv，共处理 21376 行
2024-09-11 08:37:15,048:INFO:成功处理文件: D:/demo/py_AVI/3D\20240207.csv，共处理 17664 行
2024-09-11 08:37:15,169:INFO:成功处理文件: D:/demo/py_AVI/3D\20240208.csv，共处理 6016 行
2024-09-11 08:37:15,365:INFO:成功处理文件: D:/demo/py_AVI/3D\20240219.csv，共处理 18112 行
2024-09-11 08:37:15,580:INFO:成功处理文件: D:/demo/py_AVI/3D\20240220.csv，共处理 21184 行
2024-09-11 08:37:15,759:INFO:成功处理文件: D:/demo/py_AVI/3D\20240221.csv，共处理 15872 行
2024-09-11 08:37:15,845:INFO:成功处理文件: D:/demo/py_AVI/3D\20240222.csv，共处理 1280 行
2024-09-11 08:37:15,929:INFO:成功处理文件: D:/demo/py_AVI/3D\20240223.csv，共处理 576 行
2024-09-11 08:37:16,056:INFO:成功处理文件: D:/demo/py_AVI/3D\20240226.csv，共处理 7296 行
2024-09-11 08:37:16,177:INFO:成功处理文件: D:/demo/py_AVI/3D\20240227.csv，共处理 7168 行
2024-09-11 08:37:16,289:INFO:成功处理文件: D:/demo/py_AVI/3D\20240228.csv，共处理 5248 行
2024-09-11 08:37:16,397:INFO:成功处理文件: D:/demo/py_AVI/3D\20240305.csv，共处理 5056 行
2024-09-11 08:37:16,502:INFO:成功处理文件: D:/demo/py_AVI/3D\20240306.csv，共处理 4416 行
2024-09-11 08:37:16,581:INFO:成功处理文件: D:/demo/py_AVI/3D\20240308.csv，共处理 448 行
2024-09-11 08:37:16,675:INFO:成功处理文件: D:/demo/py_AVI/3D\20240312.csv，共处理 2452 行
2024-09-11 08:37:16,794:INFO:成功处理文件: D:/demo/py_AVI/3D\20240313.csv，共处理 3920 行
2024-09-11 08:37:16,896:INFO:成功处理文件: D:/demo/py_AVI/3D\20240314.csv，共处理 4352 行
2024-09-11 08:37:16,979:INFO:成功处理文件: D:/demo/py_AVI/3D\20240315.csv，共处理 1344 行
2024-09-11 08:37:17,075:INFO:成功处理文件: D:/demo/py_AVI/3D\20240318.csv，共处理 2496 行
2024-09-11 08:37:17,167:INFO:成功处理文件: D:/demo/py_AVI/3D\20240319.csv，共处理 2240 行
2024-09-11 08:37:17,259:INFO:成功处理文件: D:/demo/py_AVI/3D\20240320.csv，共处理 2368 行
2024-09-11 08:37:17,348:INFO:成功处理文件: D:/demo/py_AVI/3D\20240321.csv，共处理 1856 行
2024-09-11 08:37:17,440:INFO:成功处理文件: D:/demo/py_AVI/3D\20240322.csv，共处理 2240 行
2024-09-11 08:37:17,545:INFO:成功处理文件: D:/demo/py_AVI/3D\20240325.csv，共处理 4544 行
2024-09-11 08:37:17,636:INFO:成功处理文件: D:/demo/py_AVI/3D\20240326.csv，共处理 1280 行
2024-09-11 08:37:17,720:INFO:成功处理文件: D:/demo/py_AVI/3D\20240327.csv，共处理 128 行
2024-09-11 08:37:17,802:INFO:成功处理文件: D:/demo/py_AVI/3D\20240329.csv，共处理 128 行
2024-09-11 08:37:17,884:INFO:成功处理文件: D:/demo/py_AVI/3D\20240331.csv，共处理 64 行
2024-09-11 08:37:17,998:INFO:成功处理文件: D:/demo/py_AVI/3D\20240401.csv，共处理 4992 行
2024-09-11 08:37:18,092:INFO:成功处理文件: D:/demo/py_AVI/3D\20240402.csv，共处理 1472 行
2024-09-11 08:37:18,175:INFO:成功处理文件: D:/demo/py_AVI/3D\20240403.csv，共处理 684 行
2024-09-11 08:37:18,271:INFO:成功处理文件: D:/demo/py_AVI/3D\20240408.csv，共处理 2183 行
2024-09-11 08:37:18,356:INFO:成功处理文件: D:/demo/py_AVI/3D\20240409.csv，共处理 115 行
2024-09-11 08:37:18,440:INFO:成功处理文件: D:/demo/py_AVI/3D\20240410.csv，共处理 805 行
2024-09-11 08:37:18,530:INFO:成功处理文件: D:/demo/py_AVI/3D\20240411.csv，共处理 1158 行
2024-09-11 08:37:18,631:INFO:成功处理文件: D:/demo/py_AVI/3D\20240412.csv，共处理 2223 行
2024-09-11 08:37:18,715:INFO:成功处理文件: D:/demo/py_AVI/3D\20240415.csv，共处理 1053 行
2024-09-11 08:37:18,805:INFO:成功处理文件: D:/demo/py_AVI/3D\20240416.csv，共处理 2476 行
2024-09-11 08:37:18,896:INFO:成功处理文件: D:/demo/py_AVI/3D\20240417.csv，共处理 2242 行
2024-09-11 08:37:18,983:INFO:成功处理文件: D:/demo/py_AVI/3D\20240418.csv，共处理 1770 行
2024-09-11 08:37:19,069:INFO:成功处理文件: D:/demo/py_AVI/3D\20240419.csv，共处理 236 行
2024-09-11 08:37:19,165:INFO:成功处理文件: D:/demo/py_AVI/3D\20240422.csv，共处理 1888 行
2024-09-11 08:37:19,251:INFO:成功处理文件: D:/demo/py_AVI/3D\20240423.csv，共处理 1416 行
2024-09-11 08:37:19,337:INFO:成功处理文件: D:/demo/py_AVI/3D\20240424.csv，共处理 944 行
2024-09-11 08:37:19,420:INFO:成功处理文件: D:/demo/py_AVI/3D\20240425.csv，共处理 354 行
2024-09-11 08:37:19,509:INFO:成功处理文件: D:/demo/py_AVI/3D\20240426.csv，共处理 1180 行
2024-09-11 08:37:19,593:INFO:成功处理文件: D:/demo/py_AVI/3D\20240430.csv，共处理 118 行
2024-09-11 08:37:19,680:INFO:成功处理文件: D:/demo/py_AVI/3D\20240506.csv，共处理 1306 行
2024-09-11 08:37:19,764:INFO:成功处理文件: D:/demo/py_AVI/3D\20240507.csv，共处理 119 行
2024-09-11 08:37:19,844:INFO:成功处理文件: D:/demo/py_AVI/3D\20240508.csv，共处理 595 行
2024-09-11 08:37:19,928:INFO:成功处理文件: D:/demo/py_AVI/3D\20240510.csv，共处理 556 行
2024-09-11 08:37:20,014:INFO:成功处理文件: D:/demo/py_AVI/3D\20240511.csv，共处理 1309 行
2024-09-11 08:37:20,109:INFO:成功处理文件: D:/demo/py_AVI/3D\20240513.csv，共处理 2142 行
2024-09-11 08:37:20,197:INFO:成功处理文件: D:/demo/py_AVI/3D\20240514.csv，共处理 952 行
2024-09-11 08:37:20,294:INFO:成功处理文件: D:/demo/py_AVI/3D\20240515.csv，共处理 2142 行
2024-09-11 08:37:20,380:INFO:成功处理文件: D:/demo/py_AVI/3D\20240516.csv，共处理 476 行
2024-09-11 08:37:20,471:INFO:成功处理文件: D:/demo/py_AVI/3D\20240517.csv，共处理 1666 行
2024-09-11 08:37:20,563:INFO:成功处理文件: D:/demo/py_AVI/3D\20240520.csv，共处理 1904 行
2024-09-11 08:37:20,650:INFO:成功处理文件: D:/demo/py_AVI/3D\20240522.csv，共处理 238 行
2024-09-11 08:37:20,735:INFO:成功处理文件: D:/demo/py_AVI/3D\20240523.csv，共处理 714 行
2024-09-11 08:37:20,820:INFO:成功处理文件: D:/demo/py_AVI/3D\20240524.csv，共处理 595 行
2024-09-11 08:37:20,907:INFO:成功处理文件: D:/demo/py_AVI/3D\20240527.csv，共处理 833 行
2024-09-11 08:37:20,991:INFO:成功处理文件: D:/demo/py_AVI/3D\20240529.csv，共处理 476 行
2024-09-11 08:37:21,079:INFO:成功处理文件: D:/demo/py_AVI/3D\20240604.csv，共处理 119 行
2024-09-11 08:37:21,165:INFO:成功处理文件: D:/demo/py_AVI/3D\20240605.csv，共处理 119 行
2024-09-11 08:37:21,253:INFO:成功处理文件: D:/demo/py_AVI/3D\20240606.csv，共处理 833 行
2024-09-11 08:37:21,339:INFO:成功处理文件: D:/demo/py_AVI/3D\20240607.csv，共处理 357 行
2024-09-11 08:37:21,436:INFO:成功处理文件: D:/demo/py_AVI/3D\20240611.csv，共处理 1904 行
2024-09-11 08:37:21,527:INFO:成功处理文件: D:/demo/py_AVI/3D\20240612.csv，共处理 1309 行
2024-09-11 08:37:21,604:INFO:成功处理文件: D:/demo/py_AVI/3D\20240613.csv，共处理 476 行
2024-09-11 08:37:21,687:INFO:成功处理文件: D:/demo/py_AVI/3D\20240614.csv，共处理 1309 行
2024-09-11 08:37:21,769:INFO:成功处理文件: D:/demo/py_AVI/3D\20240615.csv，共处理 119 行
2024-09-11 08:37:21,857:INFO:成功处理文件: D:/demo/py_AVI/3D\20240617.csv，共处理 119 行
2024-09-11 08:37:21,956:INFO:成功处理文件: D:/demo/py_AVI/3D\20240618.csv，共处理 2380 行
2024-09-11 08:37:22,051:INFO:成功处理文件: D:/demo/py_AVI/3D\20240619.csv，共处理 2023 行
2024-09-11 08:37:22,149:INFO:成功处理文件: D:/demo/py_AVI/3D\20240620.csv，共处理 2142 行
2024-09-11 08:37:22,244:INFO:成功处理文件: D:/demo/py_AVI/3D\20240621.csv，共处理 1904 行
2024-09-11 08:37:22,339:INFO:成功处理文件: D:/demo/py_AVI/3D\20240622.csv，共处理 1428 行
2024-09-11 08:37:22,431:INFO:成功处理文件: D:/demo/py_AVI/3D\20240624.csv，共处理 1309 行
2024-09-11 08:37:22,537:INFO:成功处理文件: D:/demo/py_AVI/3D\20240625.csv，共处理 833 行
2024-09-11 08:37:22,626:INFO:成功处理文件: D:/demo/py_AVI/3D\20240627.csv，共处理 1309 行
2024-09-11 08:37:22,712:INFO:成功处理文件: D:/demo/py_AVI/3D\20240628.csv，共处理 833 行
2024-09-11 08:37:22,791:INFO:成功处理文件: D:/demo/py_AVI/3D\20240701.csv，共处理 238 行
2024-09-11 08:37:22,873:INFO:成功处理文件: D:/demo/py_AVI/3D\20240703.csv，共处理 119 行
2024-09-11 08:37:22,962:INFO:成功处理文件: D:/demo/py_AVI/3D\20240704.csv，共处理 1904 行
2024-09-11 08:37:23,055:INFO:成功处理文件: D:/demo/py_AVI/3D\20240705.csv，共处理 1547 行
2024-09-11 08:37:23,145:INFO:成功处理文件: D:/demo/py_AVI/3D\20240708.csv，共处理 714 行
2024-09-11 08:37:23,239:INFO:成功处理文件: D:/demo/py_AVI/3D\20240709.csv，共处理 1904 行
2024-09-11 08:37:23,327:INFO:成功处理文件: D:/demo/py_AVI/3D\20240710.csv，共处理 238 行
2024-09-11 08:37:23,417:INFO:成功处理文件: D:/demo/py_AVI/3D\20240711.csv，共处理 1666 行
2024-09-11 08:37:23,506:INFO:成功处理文件: D:/demo/py_AVI/3D\20240712.csv，共处理 1071 行
2024-09-11 08:37:23,593:INFO:成功处理文件: D:/demo/py_AVI/3D\20240715.csv，共处理 714 行
2024-09-11 08:37:23,681:INFO:成功处理文件: D:/demo/py_AVI/3D\20240716.csv，共处理 714 行
2024-09-11 08:37:23,769:INFO:成功处理文件: D:/demo/py_AVI/3D\20240718.csv，共处理 476 行
2024-09-11 08:37:23,865:INFO:成功处理文件: D:/demo/py_AVI/3D\20240719.csv，共处理 2380 行
2024-09-11 08:37:23,963:INFO:成功处理文件: D:/demo/py_AVI/3D\20240720.csv，共处理 2142 行
2024-09-11 08:37:24,054:INFO:成功处理文件: D:/demo/py_AVI/3D\20240723.csv，共处理 476 行
2024-09-11 08:37:24,143:INFO:成功处理文件: D:/demo/py_AVI/3D\20240724.csv，共处理 238 行
2024-09-11 08:37:24,235:INFO:成功处理文件: D:/demo/py_AVI/3D\20240725.csv，共处理 952 行
2024-09-11 08:37:24,331:INFO:成功处理文件: D:/demo/py_AVI/3D\20240726.csv，共处理 1785 行
2024-09-11 08:37:24,437:INFO:成功处理文件: D:/demo/py_AVI/3D\20240801.csv，共处理 952 行
2024-09-11 08:37:24,541:INFO:成功处理文件: D:/demo/py_AVI/3D\20240802.csv，共处理 1904 行
2024-09-11 08:37:24,634:INFO:成功处理文件: D:/demo/py_AVI/3D\20240803.csv，共处理 1904 行
2024-09-11 08:37:24,728:INFO:成功处理文件: D:/demo/py_AVI/3D\20240805.csv，共处理 1428 行
2024-09-11 08:37:24,819:INFO:成功处理文件: D:/demo/py_AVI/3D\20240806.csv，共处理 952 行
2024-09-11 08:37:24,904:INFO:成功处理文件: D:/demo/py_AVI/3D\20240807.csv，共处理 714 行
2024-09-11 08:37:25,000:INFO:成功处理文件: D:/demo/py_AVI/3D\20240812.csv，共处理 1428 行
2024-09-11 08:37:25,092:INFO:成功处理文件: D:/demo/py_AVI/3D\20240813.csv，共处理 952 行
2024-09-11 08:37:25,191:INFO:成功处理文件: D:/demo/py_AVI/3D\20240814.csv，共处理 1904 行
2024-09-11 08:37:25,284:INFO:成功处理文件: D:/demo/py_AVI/3D\20240815.csv，共处理 2618 行
2024-09-11 08:37:25,391:INFO:成功处理文件: D:/demo/py_AVI/3D\20240816.csv，共处理 3570 行
2024-09-11 08:37:25,499:INFO:成功处理文件: D:/demo/py_AVI/3D\20240817.csv，共处理 3213 行
2024-09-11 08:37:25,601:INFO:成功处理文件: D:/demo/py_AVI/3D\20240819.csv，共处理 2975 行
2024-09-11 08:37:25,687:INFO:成功处理文件: D:/demo/py_AVI/3D\20240820.csv，共处理 595 行
2024-09-11 08:37:25,774:INFO:成功处理文件: D:/demo/py_AVI/3D\20240821.csv，共处理 1190 行
2024-09-11 08:37:25,878:INFO:成功处理文件: D:/demo/py_AVI/3D\20240822.csv，共处理 3094 行
2024-09-11 08:37:25,985:INFO:成功处理文件: D:/demo/py_AVI/3D\20240823.csv，共处理 3808 行
2024-09-11 08:37:26,097:INFO:成功处理文件: D:/demo/py_AVI/3D\20240824.csv，共处理 3570 行
2024-09-11 08:37:26,193:INFO:成功处理文件: D:/demo/py_AVI/3D\20240826.csv，共处理 2142 行
2024-09-11 08:37:26,308:INFO:成功处理文件: D:/demo/py_AVI/3D\20240827.csv，共处理 4879 行
2024-09-11 08:37:26,422:INFO:成功处理文件: D:/demo/py_AVI/3D\20240828.csv，共处理 4760 行
2024-09-11 08:37:26,522:INFO:成功处理文件: D:/demo/py_AVI/3D\20240829.csv，共处理 2740 行
2024-09-11 08:37:26,629:INFO:成功处理文件: D:/demo/py_AVI/3D\20240830.csv，共处理 326 行
2024-09-11 08:37:26,733:INFO:成功处理文件: D:/demo/py_AVI/3D\20240831.csv，共处理 2261 行
2024-09-11 08:37:26,852:INFO:成功处理文件: D:/demo/py_AVI/3D\20240902.csv，共处理 4879 行
2024-09-11 08:37:26,979:INFO:成功处理文件: D:/demo/py_AVI/3D\20240903.csv，共处理 6307 行
2024-09-11 08:37:27,089:INFO:成功处理文件: D:/demo/py_AVI/3D\20240904.csv，共处理 3927 行
2024-09-11 08:37:27,204:INFO:成功处理文件: D:/demo/py_AVI/3D\20240905.csv，共处理 4998 行
2024-09-11 08:37:27,312:INFO:成功处理文件: D:/demo/py_AVI/3D\20240906.csv，共处理 3808 行
2024-09-11 08:37:27,402:INFO:成功处理文件: D:/demo/py_AVI/3D\20240907.csv，共处理 952 行
2024-09-11 08:37:27,506:INFO:成功处理文件: D:/demo/py_AVI/3D\20240909.csv，共处理 3213 行
2024-09-11 08:37:27,511:INFO:处理完成。性能统计：{'elapsed_time': 130.55609893798828, 'files_processed': 1189, 'rows_processed': 10218380, 'avg_speed': 78268.11679516819}
2024-09-11 08:38:29,033:INFO:成功连接到数据库: d:\demo\py_AVI\avisql_single.db
2024-09-11 08:38:29,033:INFO:成功创建或验证数据表存在
2024-09-11 08:38:29,033:INFO:成功创建索引
2024-09-11 08:38:29,033:INFO:成功创建或验证 all_data 视图存在
2024-09-11 08:38:29,054:INFO:成功更新模型列表，找到 8 个模型
2024-09-11 08:38:29,063:INFO:成功更新模型列表，找到 8 个模型
2024-09-11 08:46:39,739:INFO:成功连接到数据库: d:\demo\py_AVI\avisql_single.db
2024-09-11 08:46:39,740:INFO:成功创建或验证数据表存在
2024-09-11 08:46:39,740:INFO:成功创建索引
2024-09-11 08:46:39,740:INFO:成功创建或验证 all_data 视图存在
2024-09-11 08:47:17,286:INFO:成功连接到数据库: d:\demo\py_AVI\avisql_single.db
2024-09-11 08:47:17,287:INFO:成功创建或验证数据表存在
2024-09-11 08:47:17,287:INFO:成功创建索引
2024-09-11 08:47:17,287:INFO:成功创建或验证 all_data 视图存在
2024-09-11 08:47:17,315:INFO:成功更新模型列表，找到 8 个模型
2024-09-11 08:47:17,322:INFO:成功更新模型列表，找到 8 个模型
2024-09-11 08:58:20,253:INFO:成功连接到数据库: d:\demo\py_AVI\avisql_single.db
2024-09-11 08:58:20,254:INFO:成功创建或验证数据表存在
2024-09-11 08:58:20,254:INFO:成功创建索引
2024-09-11 08:58:20,254:INFO:成功创建或验证 all_data 视图存在
2024-09-11 08:58:20,276:INFO:成功更新模型列表，找到 8 个模型
2024-09-11 08:58:20,285:INFO:成功更新模型列表，找到 8 个模型
2024-09-11 08:59:22,464:INFO:成功连接到数据库: d:\demo\py_AVI\avisql_single.db
2024-09-11 08:59:22,464:INFO:成功创建或验证数据表存在
2024-09-11 08:59:22,465:INFO:成功创建索引
2024-09-11 08:59:22,465:INFO:成功创建或验证 all_data 视图存在
2024-09-11 08:59:22,487:INFO:成功更新模型列表，找到 8 个模型
2024-09-11 08:59:22,495:INFO:成功更新模型列表，找到 8 个模型
2024-09-11 09:18:06,297:INFO:成功连接到数据库: d:\demo\py_AVI\avisql_single.db
2024-09-11 09:18:06,297:INFO:成功创建或验证数据表存在
2024-09-11 09:18:06,297:INFO:成功创建索引
2024-09-11 09:18:06,297:INFO:成功创建或验证 all_data 视图存在
2024-09-11 09:18:06,321:INFO:成功更新模型列表，找到 8 个模型
2024-09-11 09:18:06,329:INFO:成功更新模型列表，找到 8 个模型
2024-09-11 09:27:01,048:INFO:成功连接到数据库: d:\demo\py_AVI\avisql_single.db
2024-09-11 09:27:01,049:INFO:成功创建或验证数据表存在
2024-09-11 09:27:01,049:INFO:成功创建索引
2024-09-11 09:27:01,049:INFO:成功创建或验证 all_data 视图存在
2024-09-11 09:27:01,076:INFO:成功更新模型列表，找到 8 个模型
2024-09-11 09:27:01,085:INFO:成功更新模型列表，找到 8 个模型
2024-09-11 09:29:11,910:INFO:成功连接到数据库: d:\demo\py_AVI\avisql_single.db
2024-09-11 09:29:11,910:INFO:成功创建或验证数据表存在
2024-09-11 09:29:11,910:INFO:成功创建索引
2024-09-11 09:29:11,910:INFO:成功创建或验证 all_data 视图存在
2024-09-11 09:29:11,934:INFO:成功更新模型列表，找到 8 个模型
2024-09-11 09:29:11,946:INFO:成功更新模型列表，找到 8 个模型
2024-09-11 09:35:17,066:INFO:成功连接到数据库: d:\demo\py_AVI\avisql_single.db
2024-09-11 09:35:17,066:INFO:成功创建或验证数据表存在
2024-09-11 09:35:17,066:INFO:成功创建索引
2024-09-11 09:35:17,066:INFO:成功创建或验证 all_data 视图存在
2024-09-11 09:35:17,094:INFO:成功更新模型列表，找到 8 个模型
2024-09-11 09:35:17,102:INFO:成功更新模型列表，找到 8 个模型
2024-09-11 09:36:28,006:INFO:成功连接到数据库: d:\demo\py_AVI\avisql_single.db
2024-09-11 09:36:28,006:INFO:成功创建或验证数据表存在
2024-09-11 09:36:28,006:INFO:成功创建索引
2024-09-11 09:36:28,006:INFO:成功创建或验证 all_data 视图存在
2024-09-11 09:36:28,029:INFO:成功更新模型列表，找到 8 个模型
2024-09-11 09:36:28,038:INFO:成功更新模型列表，找到 8 个模型
2024-09-11 09:54:02,291:INFO:成功连接到数据库: d:\demo\py_AVI\avisql_single.db
2024-09-11 09:54:02,292:INFO:成功创建或验证数据表存在
2024-09-11 09:54:02,292:INFO:成功创建索引
2024-09-11 09:54:02,292:INFO:成功创建或验证 optimized_data 视图存在
2024-09-11 09:54:02,879:INFO:成功更新模型列表，找到 49 个模型
2024-09-11 09:54:03,436:INFO:成功更新模型列表，找到 49 个模型
2024-09-11 10:15:50,113:INFO:成功连接到数据库: d:\demo\py_AVI\avisql_single.db
2024-09-11 10:15:50,113:INFO:成功创建或验证数据表存在
2024-09-11 10:15:50,113:INFO:成功创建索引
2024-09-11 10:15:50,113:INFO:成功创建或验证 optimized_data 视图存在
2024-09-11 10:15:50,672:INFO:成功更新模型列表，找到 48 个模型
2024-09-11 10:15:51,265:INFO:成功更新模型列表，找到 48 个模型
2024-09-11 10:18:45,692:INFO:成功连接到数据库: d:\demo\py_AVI\avisql_single.db
2024-09-11 10:18:45,693:INFO:成功创建或验证数据表存在
2024-09-11 10:18:45,693:INFO:成功创建索引
2024-09-11 10:18:45,693:INFO:成功创建或验证 optimized_data 视图存在
2024-09-11 10:18:46,263:INFO:成功更新模型列表，找到 48 个模型
2024-09-11 10:18:46,867:INFO:成功更新模型列表，找到 48 个模型
2024-09-11 11:17:22,293:INFO:成功连接到数据库: d:\demo\py_AVI\avisql_single.db
2024-09-11 11:17:22,294:INFO:成功创建或验证数据表存在
2024-09-11 11:17:22,294:INFO:成功创建索引
2024-09-11 11:17:22,294:INFO:成功创建或验证 optimized_data 视图存在
2024-09-11 11:17:22,852:INFO:成功更新模型列表，找到 48 个模型
2024-09-11 11:17:23,396:INFO:成功更新模型列表，找到 48 个模型
